"../../../Engine/Content/EngineMeshes/Humanoid.uasset" 0
"../../../Engine/Content/Functions/Engine_MaterialFunctions02/Utility/BlendAngleCorrectedNormals.uasset" 1
"../../../Engine/Content/Functions/MaterialLayerFunctions/MatLayerBlend_AO.uasset" 2
"../../../Engine/Content/Functions/MaterialLayerFunctions/MatLayerBlend_NormalBlend.uasset" 3
"../../../Engine/Content/Functions/MaterialLayerFunctions/MatLayerBlend_Simple.uasset" 4
"../../../IMGD4900/Content/AnimStarterPack/UE4_Mannequin/Materials/MaterialLayers/T_ML_Rubber_Blue_01_D.uasset" 5
"../../../IMGD4900/Content/AnimStarterPack/UE4_Mannequin/Materials/MaterialLayers/T_ML_Rubber_Blue_01_N.uasset" 6
"../../../IMGD4900/Content/AnimStarterPack/UE4_Mannequin/Materials/MaterialLayers/ML_GlossyBlack_Latex_UE4.uasset" 7
"../../../IMGD4900/Content/AnimStarterPack/UE4_Mannequin/Materials/MaterialLayers/ML_Plastic_Shiny_Beige.uasset" 8
"../../../IMGD4900/Content/AnimStarterPack/UE4_Mannequin/Textures/UE4_LOGO_CARD.uasset" 9
"../../../IMGD4900/Content/AnimStarterPack/UE4_Mannequin/Materials/MaterialLayers/ML_Plastic_Shiny_Beige_LOGO.uasset" 10
"../../../IMGD4900/Content/AnimStarterPack/UE4_Mannequin/Materials/MaterialLayers/T_ML_Aluminum01.uasset" 11
"../../../IMGD4900/Content/AnimStarterPack/UE4_Mannequin/Materials/MaterialLayers/T_ML_Aluminum01_N.uasset" 12
"../../../IMGD4900/Content/AnimStarterPack/UE4_Mannequin/Materials/MaterialLayers/ML_SoftMetal_UE4.uasset" 13
"../../../IMGD4900/Content/AnimStarterPack/UE4_Mannequin/Textures/UE4_Mannequin__normals.uasset" 14
"../../../IMGD4900/Content/AnimStarterPack/UE4_Mannequin/Textures/UE4_Mannequin_MAT_MASKA.uasset" 15
"../../../IMGD4900/Content/AnimStarterPack/UE4_Mannequin/Textures/UE4_Mannequin_occlusion_Mobile.uasset" 16
"../../../IMGD4900/Content/AnimStarterPack/UE4_Mannequin/Materials/M_UE4Man_Body.uasset" 17
"../../../IMGD4900/Content/AnimStarterPack/UE4_Mannequin/Textures/UE4Man_Logo_N.uasset" 18
"../../../IMGD4900/Content/AnimStarterPack/UE4_Mannequin/Materials/M_UE4Man_ChestLogo.uasset" 19
"../../../IMGD4900/Content/AnimStarterPack/UE4_Mannequin/Mesh/SK_Mannequin_PhysicsAsset.uasset" 20
"../../../IMGD4900/Content/AnimStarterPack/UE4_Mannequin/Mesh/SK_Mannequin.uasset" 21
"../../../IMGD4900/Content/AnimStarterPack/UE4_Mannequin/Mesh/UE4_Mannequin_Skeleton.uasset" 22
"../../../IMGD4900/Content/AnimStarterPack/Aim_Space_Hip.uasset" 23
"../../../IMGD4900/Content/AnimStarterPack/Aim_Space_Ironsights.uasset" 24
"../../../IMGD4900/Content/AnimStarterPack/Crouch_to_Stand_Rifle_Hip.uasset" 25
"../../../IMGD4900/Content/AnimStarterPack/Crouch_to_Stand_Rifle_Ironsights.uasset" 26
"../../../IMGD4900/Content/AnimStarterPack/Crouch_Walk_Bwd_Rifle_Ironsights.uasset" 27
"../../../IMGD4900/Content/AnimStarterPack/Crouch_Walk_Lt_Rifle_Ironsights.uasset" 28
"../../../IMGD4900/Content/AnimStarterPack/Crouch_Walk_Rt_Rifle_Ironsights.uasset" 29
"../../../IMGD4900/Content/AnimStarterPack/Death_1.uasset" 30
"../../../IMGD4900/Content/AnimStarterPack/Death_2.uasset" 31
"../../../IMGD4900/Content/AnimStarterPack/Death_3.uasset" 32
"../../../IMGD4900/Content/AnimStarterPack/Death_Ironsights_1.uasset" 33
"../../../IMGD4900/Content/AnimStarterPack/Death_Ironsights_2.uasset" 34
"../../../IMGD4900/Content/AnimStarterPack/Equip_Rifle_Standing.uasset" 35
"../../../IMGD4900/Content/AnimStarterPack/Fire_Rifle_Hip.uasset" 36
"../../../IMGD4900/Content/AnimStarterPack/Fire_Shotgun_Hip.uasset" 37
"../../../IMGD4900/Content/AnimStarterPack/Fire_Shotgun_Ironsights.uasset" 38
"../../../IMGD4900/Content/AnimStarterPack/Hit_React_4.uasset" 39
"../../../IMGD4900/Content/AnimStarterPack/Idle_Pistol.uasset" 40
"../../../IMGD4900/Content/AnimStarterPack/Idle_Rifle_Ironsights.uasset" 41
"../../../IMGD4900/Content/AnimStarterPack/Jump_From_Stand_Ironsights.uasset" 42
"../../../IMGD4900/Content/AnimStarterPack/Prone_Death_1.uasset" 43
"../../../IMGD4900/Content/AnimStarterPack/Prone_Death_2.uasset" 44
"../../../IMGD4900/Content/AnimStarterPack/Prone_Fire_1.uasset" 45
"../../../IMGD4900/Content/AnimStarterPack/Prone_Fire_2.uasset" 46
"../../../IMGD4900/Content/AnimStarterPack/Prone_Idle.uasset" 47
"../../../IMGD4900/Content/AnimStarterPack/Prone_Reload_Rifle.uasset" 48
"../../../IMGD4900/Content/AnimStarterPack/Prone_Reload_Shotgun.uasset" 49
"../../../IMGD4900/Content/AnimStarterPack/Prone_To_Stand.uasset" 50
"../../../IMGD4900/Content/AnimStarterPack/Reload_Pistol.uasset" 51
"../../../IMGD4900/Content/AnimStarterPack/Reload_Rifle_Ironsights.uasset" 52
"../../../IMGD4900/Content/AnimStarterPack/Reload_Shotgun_Hip.uasset" 53
"../../../IMGD4900/Content/AnimStarterPack/Reload_Shotgun_Ironsights.uasset" 54
"../../../IMGD4900/Content/AnimStarterPack/Sprint_Fwd_Rifle.uasset" 55
"../../../IMGD4900/Content/AnimStarterPack/Stand_to_Crouch_Rifle_Hip.uasset" 56
"../../../IMGD4900/Content/AnimStarterPack/Stand_to_Crouch_Rifle_Ironsights.uasset" 57
"../../../IMGD4900/Content/AnimStarterPack/Stand_To_Prone.uasset" 58
"../../../IMGD4900/Content/AnimStarterPack/Walk_Bwd_Rifle_Ironsights.uasset" 59
"../../../IMGD4900/Content/AnimStarterPack/Walk_Lt_Rifle_Ironsights.uasset" 60
"../../../IMGD4900/Content/AnimStarterPack/Walk_Rt_Rifle_Ironsights.uasset" 61
"../../../Engine/Content/Functions/Engine_MaterialFunctions02/Fresnel_Function.uasset" 62
"../../../IMGD4900/Content/Materials/RedTransparent_Mat.uasset" 63
"../../../Engine/Content/Functions/Engine_MaterialFunctions01/Opacity/CameraDepthFade.uasset" 64
"../../../Engine/Content/EngineMaterials/T_Default_Material_Grid_M.uasset" 65
"../../../Engine/Content/EngineMaterials/T_Default_Material_Grid_N.uasset" 66
"../../../Engine/Content/EngineMaterials/WorldGridMaterial.uasset" 67
"../../../Engine/Content/BasicShapes/Cube.uasset" 68
"../../../IMGD4900/Content/Blueprints/PlaceHolderBloodCollisionSpace.uasset" 69
"../../../IMGD4900/Content/Blueprints/Blood/blood.uasset" 70
"../../../IMGD4900/Content/AnimStarterPack/Crouch_Idle_Rifle_Hip.uasset" 71
"../../../IMGD4900/Content/AnimStarterPack/Idle_Rifle_Hip.uasset" 72
"../../../IMGD4900/Content/AnimStarterPack/Jump_From_Jog.uasset" 73
"../../../IMGD4900/Content/AnimStarterPack/Jump_From_Stand.uasset" 74
"../../../IMGD4900/Content/AnimStarterPack/Crouch_Walk_Bwd_Rifle_Hip.uasset" 75
"../../../IMGD4900/Content/AnimStarterPack/Crouch_Walk_Fwd_Rifle_Hip.uasset" 76
"../../../IMGD4900/Content/AnimStarterPack/Crouch_Walk_Lt_Rifle_Hip.uasset" 77
"../../../IMGD4900/Content/AnimStarterPack/Crouch_Walk_Rt_Rifle_Hip.uasset" 78
"../../../IMGD4900/Content/AnimStarterPack/BS_CrouchWalk.uasset" 79
"../../../IMGD4900/Content/AnimStarterPack/Jog_Bwd_Rifle.uasset" 80
"../../../IMGD4900/Content/AnimStarterPack/Jog_Fwd_Rifle.uasset" 81
"../../../IMGD4900/Content/AnimStarterPack/Jog_Lt_Rifle.uasset" 82
"../../../IMGD4900/Content/AnimStarterPack/Jog_Rt_Rifle.uasset" 83
"../../../IMGD4900/Content/AnimStarterPack/BS_Jog.uasset" 84
"../../../IMGD4900/Content/AnimStarterPack/UE4ASP_HeroTPP_AnimBlueprint.uasset" 85
"../../../IMGD4900/Content/AnimStarterPack/Ue4ASP_Character.uasset" 86
"../../../IMGD4900/Content/Blueprints/Enemies/EnemyAnimBP.uasset" 87
"../../../IMGD4900/Content/Geometry/Meshes/CubeMaterial.uasset" 88
"../../../IMGD4900/Content/Geometry/Meshes/1M_Cube_Chamfer.uasset" 89
"../../../IMGD4900/Content/Geometry/Meshes/TemplateFloor.uasset" 90
"../../../IMGD4900/Content/Mannequin/Character/Materials/MaterialLayers/T_ML_Rubber_Blue_01_D.uasset" 91
"../../../IMGD4900/Content/Mannequin/Character/Materials/MaterialLayers/T_ML_Rubber_Blue_01_N.uasset" 92
"../../../IMGD4900/Content/Mannequin/Character/Materials/MaterialLayers/ML_GlossyBlack_Latex_UE4.uasset" 93
"../../../IMGD4900/Content/Mannequin/Character/Materials/MaterialLayers/ML_Plastic_Shiny_Beige.uasset" 94
"../../../IMGD4900/Content/Mannequin/Character/Textures/UE4_LOGO_CARD.uasset" 95
"../../../IMGD4900/Content/Mannequin/Character/Materials/MaterialLayers/ML_Plastic_Shiny_Beige_LOGO.uasset" 96
"../../../IMGD4900/Content/Mannequin/Character/Materials/MaterialLayers/T_ML_Aluminum01.uasset" 97
"../../../IMGD4900/Content/Mannequin/Character/Materials/MaterialLayers/T_ML_Aluminum01_N.uasset" 98
"../../../IMGD4900/Content/Mannequin/Character/Materials/MaterialLayers/ML_SoftMetal_UE4.uasset" 99
"../../../IMGD4900/Content/Mannequin/Character/Textures/UE4_Mannequin__normals.uasset" 100
"../../../IMGD4900/Content/Mannequin/Character/Textures/UE4_Mannequin_MAT_MASKA.uasset" 101
"../../../IMGD4900/Content/Mannequin/Character/Materials/M_UE4Man_Body.uasset" 102
"../../../IMGD4900/Content/Mannequin/Character/Textures/UE4Man_Logo_N.uasset" 103
"../../../IMGD4900/Content/Mannequin/Character/Materials/M_UE4Man_ChestLogo.uasset" 104
"../../../IMGD4900/Content/Mannequin/Character/Mesh/SK_Mannequin_PhysicsAsset.uasset" 105
"../../../IMGD4900/Content/Mannequin/Character/Mesh/SK_Mannequin.uasset" 106
"../../../IMGD4900/Content/Mannequin/Character/Mesh/UE4_Mannequin_Skeleton.uasset" 107
"../../../IMGD4900/Content/Mannequin/Animations/ThirdPersonJump_End.uasset" 108
"../../../IMGD4900/Content/Materials/Pixellate.uasset" 109
"../../../IMGD4900/Content/Materials/Pixellate_Inst.uasset" 110
"../../../IMGD4900/Content/StarterContent/Materials/M_Basic_Wall.uasset" 111
"../../../IMGD4900/Content/StarterContent/Architecture/Pillar_50x500.uasset" 112
"../../../IMGD4900/Content/StarterContent/Architecture/Wall_400x300.uasset" 113
"../../../IMGD4900/Content/StarterContent/Architecture/Wall_400x400.uasset" 114
"../../../IMGD4900/Content/StarterContent/Architecture/Wall_500x500.uasset" 115
"../../../IMGD4900/Content/StarterContent/Architecture/Wall_Door_400x400.uasset" 116
"../../../IMGD4900/Content/StarterContent/Architecture/Wall_Window_400x400.uasset" 117
"../../../IMGD4900/Content/StarterContent/Audio/Light01_Cue.uasset" 118
"../../../IMGD4900/Content/StarterContent/Audio/Light02_Cue.uasset" 119
"../../../IMGD4900/Content/StarterContent/Audio/Explosion_Cue.uasset" 120
"../../../IMGD4900/Content/StarterContent/Textures/T_Burst_M.uasset" 121
"../../../IMGD4900/Content/StarterContent/Particles/Materials/M_Burst.uasset" 122
"../../../IMGD4900/Content/StarterContent/Textures/T_Explosion_SubUV.uasset" 123
"../../../IMGD4900/Content/StarterContent/Particles/Materials/M_explosion_subUV.uasset" 124
"../../../IMGD4900/Content/StarterContent/Particles/Materials/m_flare_01.uasset" 125
"../../../Engine/Content/Functions/Engine_MaterialFunctions01/Gradient/RadialGradient.uasset" 126
"../../../IMGD4900/Content/StarterContent/Particles/Materials/M_radial_ramp.uasset" 127
"../../../IMGD4900/Content/StarterContent/Textures/T_Smoke_SubUV.uasset" 128
"../../../IMGD4900/Content/StarterContent/Textures/T_Smoke_Tiled_D.uasset" 129
"../../../IMGD4900/Content/StarterContent/Particles/Materials/M_smoke_subUV.uasset" 130
"../../../IMGD4900/Content/StarterContent/Particles/P_Explosion.uasset" 131
"../../../IMGD4900/Content/StarterContent/Blueprints/Blueprint_Effect_Explosion.uasset" 132
"../../../Engine/Content/EditorMeshes/ColorCalibrator/T_ColorGrid.uasset" 133
"../../../IMGD4900/Content/StarterContent/Materials/M_ColorGrid_LowSpec.uasset" 134
"../../../IMGD4900/Content/StarterContent/Textures/T_Bush_D.uasset" 135
"../../../IMGD4900/Content/StarterContent/Textures/T_Bush_N.uasset" 136
"../../../IMGD4900/Content/StarterContent/Props/Materials/M_Bush.uasset" 137
"../../../IMGD4900/Content/StarterContent/Props/SM_Bush.uasset" 138
"../../../IMGD4900/Content/StarterContent/Textures/T_Chair_M.uasset" 139
"../../../IMGD4900/Content/StarterContent/Textures/T_Chair_N.uasset" 140
"../../../IMGD4900/Content/StarterContent/Props/Materials/M_Chair.uasset" 141
"../../../IMGD4900/Content/StarterContent/Props/SM_Couch.uasset" 142
"../../../IMGD4900/Content/StarterContent/Materials/M_Glass.uasset" 143
"../../../IMGD4900/Content/StarterContent/Textures/T_Door_M.uasset" 144
"../../../IMGD4900/Content/StarterContent/Textures/T_Door_N.uasset" 145
"../../../IMGD4900/Content/StarterContent/Props/Materials/M_Door.uasset" 146
"../../../IMGD4900/Content/StarterContent/Props/SM_Door.uasset" 147
"../../../IMGD4900/Content/StarterContent/Props/Materials/M_MaterialSphere.uasset" 148
"../../../IMGD4900/Content/StarterContent/Props/Materials/M_MaterialSphere_Plain.uasset" 149
"../../../IMGD4900/Content/StarterContent/Props/SM_MatPreviewMesh_02.uasset" 150
"../../../IMGD4900/Content/StarterContent/Textures/T_Detail_Rocky_N.uasset" 151
"../../../IMGD4900/Content/StarterContent/Textures/T_Rock_Basalt_D.uasset" 152
"../../../IMGD4900/Content/StarterContent/Textures/T_RockMesh_M.uasset" 153
"../../../IMGD4900/Content/StarterContent/Textures/T_RockMesh_N.uasset" 154
"../../../IMGD4900/Content/StarterContent/Props/Materials/M_Rock.uasset" 155
"../../../IMGD4900/Content/StarterContent/Props/SM_Rock.uasset" 156
"../../../IMGD4900/Content/StarterContent/Textures/T_Shelf_M.uasset" 157
"../../../IMGD4900/Content/StarterContent/Textures/T_Shelf_N.uasset" 158
"../../../IMGD4900/Content/StarterContent/Props/Materials/M_Shelf.uasset" 159
"../../../IMGD4900/Content/StarterContent/Props/SM_Shelf.uasset" 160
"../../../IMGD4900/Content/StarterContent/Shapes/Shape_Cone.uasset" 161
"../../../IMGD4900/Content/StarterContent/Shapes/Shape_Cylinder.uasset" 162
"../../../IMGD4900/Content/StarterContent/Shapes/Shape_NarrowCapsule.uasset" 163
"../../../IMGD4900/Content/StarterContent/Shapes/Shape_Pipe.uasset" 164
"../../../IMGD4900/Content/StarterContent/Shapes/Shape_Pipe_180.uasset" 165
"../../../IMGD4900/Content/StarterContent/Shapes/Shape_Pipe_90.uasset" 166
"../../../IMGD4900/Content/StarterContent/Shapes/Shape_Plane.uasset" 167
"../../../IMGD4900/Content/StarterContent/Shapes/Shape_Torus.uasset" 168
"../../../IMGD4900/Content/StarterContent/Shapes/Shape_Trim.uasset" 169
"../../../IMGD4900/Content/StarterContent/Shapes/Shape_Trim_90_In.uasset" 170
"../../../IMGD4900/Content/StarterContent/Shapes/Shape_Trim_90_Out.uasset" 171
"../../../IMGD4900/Content/StarterContent/Shapes/Shape_TriPyramid.uasset" 172
"../../../IMGD4900/Content/StarterContent/Shapes/Shape_Tube.uasset" 173
"../../../IMGD4900/Content/StarterContent/Shapes/Shape_Wedge_A.uasset" 174
"../../../IMGD4900/Content/StarterContent/Shapes/Shape_Wedge_B.uasset" 175
"../../../IMGD4900/Content/StarterContent/Shapes/Shape_WideCapsule.uasset" 176
"../../../IMGD4900/Content/Structs/DodgeType.uasset" 177
"../../../IMGD4900/Content/ThirdPerson/Meshes/RampMaterial.uasset" 178
"../../../IMGD4900/Content/ThirdPerson/Meshes/Bump_StaticMesh.uasset" 179
"../../../IMGD4900/Content/ThirdPerson/Meshes/LeftArm_StaticMesh.uasset" 180
"../../../IMGD4900/Content/ThirdPerson/Meshes/Ramp_StaticMesh.uasset" 181
"../../../IMGD4900/Content/ThirdPerson/Meshes/RightArm_StaticMesh.uasset" 182
"../../../IMGD4900/Content/Mannequin/Animations/Idle_Rifle_Hip.uasset" 183
"../../../IMGD4900/Content/Mannequin/Animations/ThirdPerson_Jump.uasset" 184
"../../../IMGD4900/Content/Mannequin/Animations/ThirdPersonJump_Loop.uasset" 185
"../../../IMGD4900/Content/Mannequin/Animations/ThirdPersonJump_Start.uasset" 186
"../../../IMGD4900/Content/Mannequin/Animations/ThirdPersonIdle.uasset" 187
"../../../IMGD4900/Content/Mannequin/Animations/ThirdPersonRun.uasset" 188
"../../../IMGD4900/Content/Mannequin/Animations/ThirdPersonWalk.uasset" 189
"../../../IMGD4900/Content/Mannequin/Animations/ThirdPerson_IdleRun_2D.uasset" 190
"../../../IMGD4900/Content/Mannequin/Animations/ThirdPerson_AnimBP.uasset" 191
"../../../Engine/Content/EditorBlueprintResources/StandardMacros.uasset" 192
"../../../IMGD4900/Content/AI/BB_AIGargoyle.uasset" 193
"../../../IMGD4900/Content/Blueprints/Enemies/EnemyAttack.uasset" 194
"../../../IMGD4900/Content/Blueprints/Blood/BloodExplosion.uasset" 195
"../../../Engine/Content/BasicShapes/BasicShapeMaterial.uasset" 196
"../../../Engine/Content/EngineMaterials/DefaultDiffuse.uasset" 197
"../../../Engine/Content/Functions/Engine_MaterialFunctions03/Texturing/SubUV_Function.uasset" 198
"../../../IMGD4900/Content/Materials/blood_texture_Atlas.uasset" 199
"../../../IMGD4900/Content/Materials/decal_blood.uasset" 200
"../../../Engine/Content/EngineMaterials/DefaultMaterial.uasset" 201
"../../../Engine/Content/BasicShapes/Cylinder.uasset" 202
"../../../IMGD4900/Content/Materials/blood_splash.uasset" 203
"../../../IMGD4900/Content/Blueprints/Blood/BloodPool.uasset" 204
"../../../IMGD4900/Content/Blueprints/Enemies/EnemyHealth.uasset" 205
"../../../IMGD4900/Content/Materials/Emissive_Mat.uasset" 206
"../../../IMGD4900/Content/Materials/Blue_E.uasset" 207
"../../../IMGD4900/Content/Blueprints/Enemies/GargoyleProjectile.uasset" 208
"../../../IMGD4900/Content/Materials/Red_E.uasset" 209
"../../../IMGD4900/Content/Geometry/Meshes/1M_Cube.uasset" 210
"../../../IMGD4900/Content/Blueprints/PlayerAttacks/ShotgunProjectile_BP.uasset" 211
"../../../IMGD4900/Content/Blueprints/PlayerAttacks/GargoylePossesedProjectile_BP.uasset" 212
"../../../IMGD4900/Content/Blueprints/PlayerAttacks/Shine.uasset" 213
"../../../IMGD4900/Content/Blueprints/PlayerAttacks/PossessedExplosion.uasset" 214
"../../../IMGD4900/Content/Blueprints/Enemies/GargoyleCharacter.uasset" 215
"../../../IMGD4900/Content/AI/AIGargoyleAttack.uasset" 216
"../../../IMGD4900/Content/AI/FindSearchPoint.uasset" 217
"../../../IMGD4900/Content/AI/BT_AIGargoyle.uasset" 218
"../../../IMGD4900/Content/AI/BP_AIControllerGargoyle.uasset" 219
"../../../IMGD4900/Content/Blueprints/PlayerAttacks/WeaponMaster_BP.uasset" 220
"../../../Engine/Content/BasicShapes/Sphere.uasset" 221
"../../../IMGD4900/Content/InfinityBladeWeapons/Weapons/Blade/Silly_Weapons/Blade_Finger/T_Blade_Finger1_D.uasset" 222
"../../../IMGD4900/Content/InfinityBladeWeapons/Weapons/Blade/Silly_Weapons/Blade_Finger/T_Blade_Finger1_N.uasset" 223
"../../../IMGD4900/Content/InfinityBladeWeapons/Weapons/Blade/Silly_Weapons/Blade_Finger/T_Blade_Finger2_D.uasset" 224
"../../../IMGD4900/Content/InfinityBladeWeapons/Weapons/Blade/Silly_Weapons/Blade_Finger/T_Blade_Finger2_N.uasset" 225
"../../../IMGD4900/Content/InfinityBladeWeapons/Weapons/Blade/Silly_Weapons/Blade_Finger/M_Blade_Finger.uasset" 226
"../../../IMGD4900/Content/InfinityBladeWeapons/Weapons/Blade/Silly_Weapons/Blade_Finger/SK_Bade_Finger_Skeleton.uasset" 227
"../../../IMGD4900/Content/InfinityBladeWeapons/Weapons/Blade/Silly_Weapons/Blade_Finger/SK_Bade_Finger.uasset" 228
"../../../IMGD4900/Content/Blueprints/PlayerAttacks/ShotgunWeapon_BP.uasset" 229
"../../../IMGD4900/Content/Blueprints/Terrain/TerrainBP.uasset" 230
"../../../IMGD4900/Content/UI/cursor_texture.uasset" 231
"../../../IMGD4900/Content/UI/HUD.uasset" 232
"../../../IMGD4900/Content/ThirdPersonBP/Blueprints/PlayerCharacter.uasset" 233
"../../../IMGD4900/Content/ThirdPersonBP/Blueprints/ThirdPersonGameMode.uasset" 234
"../../../Engine/Content/BasicShapes/Cone.uasset" 235
"../../../Engine/Content/BasicShapes/Plane.uasset" 236
"../../../Engine/Content/EditorLandscapeResources/DataLayer.uasset" 237
"../../../Engine/Content/EditorMaterials/GizmoMaterial.uasset" 238
"../../../Engine/Content/EditorMaterials/MAT_Groups_Toggle.uasset" 239
"../../../Engine/Content/EditorMaterials/MAT_Groups_Visibility.uasset" 240
"../../../Engine/Content/EditorMaterials/PreviewShadowIndicator.uasset" 241
"../../../Engine/Content/EditorMaterials/PreviewShadowIndicatorMaterial.uasset" 242
"../../../Engine/Content/EditorMaterials/AssetViewer/EpicQuadPanorama_CC+EV1.uasset" 243
"../../../Engine/Content/EditorMaterials/MatineeGroups/MAT_ColorTrack.uasset" 244
"../../../Engine/Content/EditorMaterials/MatineeGroups/MAT_Groups_Anim.uasset" 245
"../../../Engine/Content/EditorMaterials/MatineeGroups/MAT_Groups_AudioMaster.uasset" 246
"../../../Engine/Content/EditorMaterials/MatineeGroups/MAT_Groups_Director.uasset" 247
"../../../Engine/Content/EditorMaterials/MatineeGroups/MAT_Groups_Event.uasset" 248
"../../../Engine/Content/EditorMaterials/MatineeGroups/MAT_Groups_Fade.uasset" 249
"../../../Engine/Content/EditorMaterials/MatineeGroups/MAT_Groups_Float.uasset" 250
"../../../Engine/Content/EditorMaterials/MatineeGroups/MAT_Groups_Move.uasset" 251
"../../../Engine/Content/EditorMaterials/MatineeGroups/MAT_Groups_Slomo.uasset" 252
"../../../Engine/Content/EditorMaterials/MatineeGroups/MAT_Groups_Sound.uasset" 253
"../../../Engine/Content/EditorMaterials/MatineeGroups/MAT_Groups_Vector.uasset" 254
"../../../Engine/Content/EditorMaterials/ParticleSystems/PSysThumbnail_NoImage.uasset" 255
"../../../Engine/Content/EditorMaterials/ParticleSystems/PSysThumbnail_OOD.uasset" 256
"../../../Engine/Content/EditorMaterials/Camera/CineMat.uasset" 257
"../../../Engine/Content/EditorMaterials/Camera/MI_CineMat_Rig.uasset" 258
"../../../Engine/Content/EditorMeshes/Camera/SM_CraneRig_Arm.uasset" 259
"../../../Engine/Content/EditorMeshes/Camera/SM_CraneRig_Base.uasset" 260
"../../../Engine/Content/EditorMeshes/Camera/SM_CraneRig_Body.uasset" 261
"../../../Engine/Content/EditorMeshes/Camera/SM_CraneRig_Mount.uasset" 262
"../../../Engine/Content/EditorMeshes/Camera/SM_RailRig_Mount.uasset" 263
"../../../Engine/Content/EditorMeshes/Camera/SM_RailRig_Track.uasset" 264
"../../../Engine/Content/EditorResources/BSPVertex.uasset" 265
"../../../Engine/Content/EditorResources/EmptyActor.uasset" 266
"../../../Engine/Content/EditorResources/S_Actor.uasset" 267
"../../../Engine/Content/EditorResources/S_Trigger.uasset" 268
"../../../Engine/Content/EditorResources/AudioIcons/S_AudioComponent.uasset" 269
"../../../Engine/Content/EditorResources/AudioIcons/S_AudioComponent_AutoActivate.uasset" 270
"../../../Engine/Content/EditorResources/LightIcons/S_LightError.uasset" 271
"../../../Engine/Content/EditorResources/SequenceRecorder/Countdown.uasset" 272
"../../../Engine/Content/EditorResources/SequenceRecorder/RecordingIndicator.uasset" 273
"../../../Engine/Content/EditorSounds/Notifications/CompileFailed.uasset" 274
"../../../Engine/Content/EditorSounds/Notifications/CompileFailed_Cue.uasset" 275
"../../../Engine/Content/EditorSounds/Notifications/CompileSuccess.uasset" 276
"../../../Engine/Content/EditorSounds/Notifications/CompileStart_Cue.uasset" 277
"../../../Engine/Content/EditorSounds/Notifications/CompileSuccess_Cue.uasset" 278
"../../../Engine/Content/EngineDamageTypes/DmgTypeBP_Environmental.uasset" 279
"../../../Engine/Content/EngineDebugMaterials/HeatmapGradient.uasset" 280
"../../../Engine/Content/EngineDebugMaterials/BoneWeightMaterial.uasset" 281
"../../../Engine/Content/EngineDebugMaterials/ClothMaterial.uasset" 282
"../../../Engine/Content/EngineDebugMaterials/ClothMaterial_WF.uasset" 283
"../../../Engine/Content/EngineDebugMaterials/DebugEditorMaterial.uasset" 284
"../../../Engine/Content/EngineDebugMaterials/DebugMeshMaterial.uasset" 285
"../../../Engine/Content/EngineDebugMaterials/GeomMaterial.uasset" 286
"../../../Engine/Content/EngineFonts/Faces/RobotoBold.uasset" 287
"../../../Engine/Content/EngineFonts/Faces/RobotoBoldItalic.uasset" 288
"../../../Engine/Content/EngineFonts/Faces/RobotoItalic.uasset" 289
"../../../Engine/Content/EngineFonts/Faces/RobotoLight.uasset" 290
"../../../Engine/Content/EngineFonts/Faces/RobotoRegular.uasset" 291
"../../../Engine/Content/EngineFonts/Roboto.uasset" 292
"../../../Engine/Content/EngineFonts/Faces/RobotoTiny.uasset" 293
"../../../Engine/Content/EngineFonts/RobotoTiny.uasset" 294
"../../../Engine/Content/EngineMaterials/DefaultBloomKernel.uasset" 295
"../../../Engine/Content/EngineMaterials/DefaultBokeh.uasset" 296
"../../../Engine/Content/EngineMaterials/DefaultDeferredDecalMaterial.uasset" 297
"../../../Engine/Content/EngineMaterials/DefaultLightFunctionMaterial.uasset" 298
"../../../Engine/Content/EngineMaterials/DefaultPhysicalMaterial.uasset" 299
"../../../Engine/Content/Functions/Engine_MaterialFunctions02/Utility/BreakOutFloat2Components.uasset" 300
"../../../Engine/Content/EngineMaterials/DefaultPostProcessMaterial.uasset" 301
"../../../Engine/Content/EngineFonts/RobotoDistanceField.uasset" 302
"../../../Engine/Content/EngineMaterials/DefaultTextMaterialOpaque.uasset" 303
"../../../Engine/Content/EngineMaterials/DefaultWhiteGrid.uasset" 304
"../../../Engine/Content/EngineMaterials/EditorBrushMaterial.uasset" 305
"../../../Engine/Content/EngineMaterials/Good64x64TilingNoiseHighFreq.uasset" 306
"../../../Engine/Content/EngineMaterials/MiniFont.uasset" 307
"../../../Engine/Content/EngineMaterials/InvalidLightmapSettings.uasset" 308
"../../../Engine/Content/EngineMaterials/M_InvalidLightmapSettings.uasset" 309
"../../../Engine/Content/EngineMaterials/PhAT_JointLimitMaterial.uasset" 310
"../../../Engine/Content/EngineMaterials/PreintegratedSkinBRDF.uasset" 311
"../../../Engine/Content/EngineMaterials/RemoveSurfaceMaterial.uasset" 312
"../../../Engine/Content/EngineMaterials/WeightMapPlaceholderTexture.uasset" 313
"../../../Engine/Content/EngineResources/WhiteSquareTexture.uasset" 314
"../../../Engine/Content/EngineMaterials/Widget3DPassThrough.uasset" 315
"../../../Engine/Content/EngineMaterials/Widget3DPassThrough_Masked.uasset" 316
"../../../Engine/Content/EngineMaterials/Widget3DPassThrough_Opaque.uasset" 317
"../../../Engine/Content/EngineMaterials/Widget3DPassThrough_Masked_OneSided.uasset" 318
"../../../Engine/Content/EngineMaterials/Widget3DPassThrough_Opaque_OneSided.uasset" 319
"../../../Engine/Content/EngineMaterials/Widget3DPassThrough_Translucent.uasset" 320
"../../../Engine/Content/EngineMaterials/Widget3DPassThrough_Translucent_OneSided.uasset" 321
"../../../Engine/Content/EngineMeshes/Cube.uasset" 322
"../../../Engine/Content/EngineMeshes/Cylinder.uasset" 323
"../../../Engine/Content/EngineMeshes/Sphere.uasset" 324
"../../../Engine/Content/EngineResources/Black.uasset" 325
"../../../Engine/Content/EngineResources/DefaultTexture.uasset" 326
"../../../Engine/Content/EngineResources/DefaultTextureCube.uasset" 327
"../../../Engine/Content/EngineResources/GradientTexture0.uasset" 328
"../../../Engine/Content/EngineSounds/Master.uasset" 329
"../../../Engine/Content/Functions/Engine_MaterialFunctions01/Shading/ConvertFromDiffSpec.uasset" 330
"../../../Engine/Content/Functions/Engine_MaterialFunctions01/Shading/PowerToRoughness.uasset" 331
"../../../Engine/Content/Maps/Templates/Thumbnails/Default.uasset" 332
"../../../Engine/Content/Maps/Templates/Thumbnails/VR-Basic.uasset" 333
"../../../Engine/Content/MobileResources/T_MobileControls_texture.uasset" 334
"../../../Engine/Content/MobileResources/T_MobileMenu2.uasset" 335
"../../../Engine/Content/MobileResources/HUD/AnalogHat.uasset" 336
"../../../Engine/Content/MobileResources/HUD/VirtualJoystick_Background.uasset" 337
"../../../Engine/Content/MobileResources/HUD/VirtualJoystick_Thumb.uasset" 338
"../../../Engine/Content/MobileResources/HUD/DefaultVirtualJoysticks.uasset" 339
"../../../Engine/Content/MobileResources/HUD/LeftVirtualJoystickOnly.uasset" 340
"../../../Engine/Content/MobileResources/HUD/MobileHUDButton1_off.uasset" 341
"../../../Engine/Content/MobileResources/HUD/MobileHUDButton1_on.uasset" 342
"../../../Engine/Content/MobileResources/HUD/MobileHUDButton2_off.uasset" 343
"../../../Engine/Content/MobileResources/HUD/MobileHUDButton2_on.uasset" 344
"../../../Engine/Content/MobileResources/HUD/MobileHUDButton3.uasset" 345
"../../../Engine/Content/MobileResources/HUD/MobileHUDButtonFire.uasset" 346
"../../../Engine/Content/MobileResources/HUD/MobileHUDDirectionPad.uasset" 347
"../../../Engine/Content/MobileResources/HUD/MobileHUDDirectionPad2.uasset" 348
"../../../Engine/Content/MobileResources/HUD/MobileHUDDirectionPad3.uasset" 349
"../../../Engine/Content/MobileResources/HUD/MobileHUDDirectionStick.uasset" 350
"../../../Engine/Content/MobileResources/HUD/T_Castle_ThumbstickInner.uasset" 351
"../../../Engine/Content/MobileResources/HUD/T_Castle_ThumbstickOutter.uasset" 352
"../../../Engine/Content/Tutorial/ContentIntroCurve.uasset" 353
"../../../Engine/Content/Tutorial/Basics/TutorialAssets/icon_tab_Levels_40x.uasset" 354
"../../../Engine/Content/Tutorial/BlueprintTutorials/TutorialAssets/BlueprintInterface_64x.uasset" 355
"../../../Engine/Content/Tutorial/BlueprintTutorials/TutorialAssets/BlueprintMacroLibrary_64x.uasset" 356
"../../../Engine/Content/Tutorial/BlueprintTutorials/TutorialAssets/Blueprint_64x.uasset" 357
"../../../Engine/Content/Tutorial/BlueprintTutorials/TutorialAssets/Tutorial_BP_Interface.uasset" 358
"../../../Engine/Content/Tutorial/Foliage/TutorialAssets/Foliage.uasset" 359
"../../../Engine/Content/Tutorial/Landscape/TutorialAssets/Landscape.uasset" 360
"../../../Engine/Content/Tutorial/Paper2D/TutorialAssets/Paper2DFlipbook_TutorialIcon.uasset" 361
"../../../Engine/Content/Tutorial/Paper2D/TutorialAssets/Paper2DSprite_TutorialIcon.uasset" 362
"../../../Engine/Content/Tutorial/SubEditors/TutorialAssets/icon_Editor_Preferences_General_40x.uasset" 363
"../../../Engine/Content/Tutorial/SubEditors/TutorialAssets/icon_ShowSkeletalMeshes_40x.uasset" 364
"../../../Engine/Content/Tutorial/SubEditors/TutorialAssets/TutorialMaterial.uasset" 365
"../../../Engine/Content/Tutorial/SubEditors/TutorialAssets/T_SmokeSubUV_8X8.uasset" 366
"../../../Engine/Content/Tutorial/SubEditors/TutorialAssets/T_soft_smoke.uasset" 367
"../../../Engine/Content/Tutorial/SubEditors/TutorialAssets/M_smoke_subUV_blackbody.uasset" 368
"../../../Engine/Content/Tutorial/SubEditors/TutorialAssets/TutorialParticleSystem.uasset" 369
"../../../Engine/Content/EditorMeshes/EditorCube.uasset" 370
"../../../Engine/Content/Tutorial/SubEditors/TutorialAssets/Tutorial_DM.uasset" 371
"../../../Engine/Content/VREditor/Devices/Generic/GenericHMDMaterial.uasset" 372
"../../../Engine/Content/VREditor/Devices/Generic/GenericHMD.uasset" 373
"../../../Engine/Content/VREditor/FloatingText/LineMaterial.uasset" 374
"../../../Engine/Content/VREditor/FloatingText/JointSphere.uasset" 375
"../../../Engine/Content/VREditor/FloatingText/LineSegmentCylinder.uasset" 376
"../../../Engine/Content/VREditor/Fonts/VRText_RobotoLarge.uasset" 377
"../../../Engine/Content/VREditor/Fonts/VRTextMaterial.uasset" 378
"../../../Engine/Content/VREditor/Fonts/TranslucentVRTextMaterial.uasset" 379
"../../../Engine/Content/VREditor/LaserPointer/CursorPointer.uasset" 380
"../../../Engine/Content/VREditor/LaserPointer/VR_LaserPower_01.uasset" 381
"../../../Engine/Content/VREditor/TransformGizmo/TransformGizmoMaterial.uasset" 382
"../../../Engine/Content/VREditor/LaserPointer/HoverMaterial.uasset" 383
"../../../Engine/Content/VREditor/TransformGizmo/TranslucentTransformGizmoMaterial.uasset" 384
"../../../Engine/Content/VREditor/LaserPointer/TranslucentHoverMaterial.uasset" 385
"../../../Engine/Content/VREditor/LaserPointer/HoverMesh.uasset" 386
"../../../Engine/Content/VREditor/LaserPointer/LaserPointerMaterial.uasset" 387
"../../../Engine/Content/VREditor/LaserPointer/LaserPointerMaterialInst.uasset" 388
"../../../Engine/Content/VREditor/LaserPointer/TranslucentLaserPointerMaterialInst.uasset" 389
"../../../Engine/Content/VREditor/LaserPointer/LaserPointerMesh.uasset" 390
"../../../Engine/Content/VREditor/LaserPointer/LaserPointerMesh_End.uasset" 391
"../../../Engine/Content/VREditor/LaserPointer/LaserPointerMesh_Start.uasset" 392
"../../../Engine/Content/Functions/Engine_MaterialFunctions02/Utility/BreakOutFloat3Components.uasset" 393
"../../../Engine/Content/Functions/Engine_MaterialFunctions02/Math/Transform3x3Matrix.uasset" 394
"../../../Engine/Content/Functions/Engine_MaterialFunctions02/SplitComponents.uasset" 395
"../../../Engine/Content/Functions/Engine_MaterialFunctions02/Utility/MakeFloat3.uasset" 396
"../../../Engine/Content/VREditor/SnapGrid/SnapGridMaterial.uasset" 397
"../../../Engine/Content/VREditor/SnapGrid/SnapGridPlaneMesh.uasset" 398
"../../../Engine/Content/VREditor/Sounds/VR_teleport.uasset" 399
"../../../Engine/Content/VREditor/Sounds/UI/Click_on_Button_Cue.uasset" 400
"../../../Engine/Content/VREditor/Sounds/UI/Dockable_Window_Close.uasset" 401
"../../../Engine/Content/VREditor/Sounds/UI/Dockable_Window_Drop.uasset" 402
"../../../Engine/Content/VREditor/Sounds/UI/Dockable_Window_Open.uasset" 403
"../../../Engine/Content/VREditor/Sounds/UI/Dockable_Window_Pick_Up.uasset" 404
"../../../Engine/Content/VREditor/Sounds/UI/Drop_Item_From_ContentBrowser.uasset" 405
"../../../Engine/Content/VREditor/Sounds/UI/Floating_UI_Open-001.uasset" 406
"../../../Engine/Content/VREditor/Sounds/UI/Gizmo_Handle_Clicked.uasset" 407
"../../../Engine/Content/VREditor/Sounds/UI/Object_PickUp.uasset" 408
"../../../Engine/Content/VREditor/Sounds/UI/Object_Snaps_To_Another_Actor.uasset" 409
"../../../Engine/Content/VREditor/Sounds/UI/Object_Snaps_To_Grid.uasset" 410
"../../../Engine/Content/VREditor/Sounds/UI/Radial_Menu_FadeOut.uasset" 411
"../../../Engine/Content/VREditor/Sounds/UI/Scaling_Down.uasset" 412
"../../../Engine/Content/VREditor/Sounds/UI/Scaling_Up.uasset" 413
"../../../Engine/Content/VREditor/Sounds/UI/Selection_Changes.uasset" 414
"../../../Engine/Content/VREditor/Sounds/UI/Teleport_Mode_Entered.uasset" 415
"../../../Engine/Content/VREditor/Teleport/TeleportDirectionMaterial.uasset" 416
"../../../Engine/Content/VREditor/Teleport/TeleportDirectionMaterial_Inst.uasset" 417
"../../../Engine/Content/VREditor/Teleport/TeleportDirectionMesh.uasset" 418
"../../../Engine/Content/VREditor/TransformGizmo/BoundingBoxCorner.uasset" 419
"../../../Engine/Content/VREditor/TransformGizmo/BoundingBoxEdge.uasset" 420
"../../../Engine/Content/VREditor/TransformGizmo/PlaneTranslationHandle.uasset" 421
"../../../Engine/Content/VREditor/TransformGizmo/RotationHandleFull.uasset" 422
"../../../Engine/Content/VREditor/TransformGizmo/RotationHandleIndicator.uasset" 423
"../../../Engine/Content/VREditor/TransformGizmo/RotationHandleQuarter.uasset" 424
"../../../Engine/Content/VREditor/TransformGizmo/Main.uasset" 425
"../../../Engine/Content/VREditor/TransformGizmo/Xray.uasset" 426
"../../../Engine/Content/VREditor/TransformGizmo/SM_Dialog_Close.uasset" 427
"../../../Engine/Content/VREditor/TransformGizmo/SM_Dialog_Move.uasset" 428
"../../../Engine/Content/VREditor/TransformGizmo/SM_Sequencer_Key.uasset" 429
"../../../Engine/Content/VREditor/TransformGizmo/StartRotationHandleIndicator.uasset" 430
"../../../Engine/Content/VREditor/TransformGizmo/TranslucentTransformGizmoMaterial_Inst.uasset" 431
"../../../Engine/Content/VREditor/TransformGizmo/TransformGizmoFreeRotation.uasset" 432
"../../../Engine/Content/VREditor/TransformGizmo/TransformGizmoMaterial_Inst.uasset" 433
"../../../Engine/Content/VREditor/TransformGizmo/TranslateArrowHandle.uasset" 434
"../../../Engine/Content/VREditor/TransformGizmo/UniformScaleHandle.uasset" 435
"../../../Engine/Content/VREditor/UI/KeyDiskMaterial.uasset" 436
"../../../Engine/Content/VREditor/UI/DiscMaterial.uasset" 437
"../../../Engine/Content/VREditor/UI/SM_Radial_Disk.uasset" 438
"../../../Engine/Content/VREditor/WorldMovementGrid/SimpleGrid.uasset" 439
"../../../Engine/Content/VREditor/WorldMovementGrid/GridMaterial.uasset" 440
"../../../Engine/Content/Functions/Engine_MaterialFunctions01/Density/ExponentialDensity.uasset" 441
"../../../Engine/Content/VREditor/WorldMovementGrid/GridPostProcess.uasset" 442
"../../../Engine/Content/EditorLandscapeResources/FlattenHeightMat.uasset" 443
"../../../Engine/Content/VREditor/WorldMovementGrid/PlaneMesh.uasset" 444
"../../../Engine/Plugins/2D/Paper2D/Content/PlaceholderTextures/DummySpriteTexture.uasset" 445
"../../../Engine/Plugins/2D/Paper2D/Content/DummySprite.uasset" 446
"../../../Engine/Plugins/2D/Paper2D/Content/DefaultPaperTerrainMaterial.uasset" 447
"../../../Engine/Plugins/2D/Paper2D/Content/DefaultSpriteMaterial.uasset" 448
"../../../Engine/Plugins/2D/Paper2D/Content/MaskedUnlitSpriteMaterial.uasset" 449
"../../../Engine/Plugins/2D/Paper2D/Content/OpaqueUnlitSpriteMaterial.uasset" 450
"../../../Engine/Plugins/Runtime/Oculus/OculusVR/Content/Textures/GearVRController_AO.uasset" 451
"../../../Engine/Plugins/Runtime/Oculus/OculusVR/Content/Textures/GearVRController_Color.uasset" 452
"../../../Engine/Plugins/Runtime/Oculus/OculusVR/Content/Textures/GearVRController_Normal.uasset" 453
"../../../Engine/Plugins/Runtime/Oculus/OculusVR/Content/Materials/GearVRControllerMaterial.uasset" 454
"../../../Engine/Plugins/Runtime/Oculus/OculusVR/Content/Meshes/GearVrController.uasset" 455
"../../../IMGD4900/Content/AnimStarterPack/Crouch_Idle_Rifle_Ironsights.uasset" 456
"../../../IMGD4900/Content/AnimStarterPack/Crouch_Walk_Fwd_Rifle_Ironsights.uasset" 457
"../../../IMGD4900/Content/AnimStarterPack/Equip_Pistol_Standing.uasset" 458
"../../../IMGD4900/Content/AnimStarterPack/Fire_Rifle_Ironsights.uasset" 459
"../../../IMGD4900/Content/AnimStarterPack/Hit_React_1.uasset" 460
"../../../IMGD4900/Content/AnimStarterPack/Hit_React_2.uasset" 461
"../../../IMGD4900/Content/AnimStarterPack/Hit_React_3.uasset" 462
"../../../IMGD4900/Content/AnimStarterPack/Idle_Rifle_Hip_Break1.uasset" 463
"../../../IMGD4900/Content/AnimStarterPack/Idle_Rifle_Hip_Break2.uasset" 464
"../../../IMGD4900/Content/AnimStarterPack/Reload_Rifle_Hip.uasset" 465
"../../../IMGD4900/Content/AnimStarterPack/Walk_Fwd_Rifle_Ironsights.uasset" 466
"../../../Engine/Content/EngineSky/C_Sky_Cloud_Color.uasset" 467
"../../../Engine/Content/EngineSky/C_Sky_Horizon_Color.uasset" 468
"../../../Engine/Content/EngineSky/C_Sky_Zenith_Color.uasset" 469
"../../../Engine/Content/EngineSky/T_Sky_Blue.uasset" 470
"../../../Engine/Content/EngineSky/T_Sky_Clouds_M.uasset" 471
"../../../Engine/Content/EngineSky/T_Sky_Stars.uasset" 472
"../../../Engine/Content/EngineSky/M_Sky_Panning_Clouds2.uasset" 473
"../../../Engine/Content/EngineSky/SM_SkySphere.uasset" 474
"../../../Engine/Content/EngineSky/BP_Sky_Sphere.uasset" 475
"../../../Engine/Content/TemplateResources/M_Template_Master.uasset" 476
"../../../Engine/Content/TemplateResources/MI_Template_BaseGray_03_Metal.uasset" 477
"../../../IMGD4900/Content/AnimStarterPack/Showcase.umap" 478
"../../../IMGD4900/Content/StarterContent/Blueprints/Assets/FogBrightnessLUT.uasset" 479
"../../../IMGD4900/Content/StarterContent/Blueprints/Assets/SunlightColorLUT.uasset" 480
"../../../IMGD4900/Content/StarterContent/Blueprints/Assets/M_LightStage_Arrows.uasset" 481
"../../../Engine/Content/MapTemplates/Sky/DaylightAmbientCubemap.uasset" 482
"../../../IMGD4900/Content/StarterContent/Blueprints/Assets/M_LightStage_Skybox_Master.uasset" 483
"../../../IMGD4900/Content/StarterContent/Blueprints/Assets/M_LightStage_Skybox_Black.uasset" 484
"../../../IMGD4900/Content/StarterContent/Blueprints/Assets/M_LightStage_Skybox_HDRI.uasset" 485
"../../../Engine/Content/EditorMaterials/Thumbnails/SkySphereMaterial.uasset" 486
"../../../IMGD4900/Content/StarterContent/Blueprints/Assets/Skybox.uasset" 487
"../../../IMGD4900/Content/StarterContent/Blueprints/Assets/SM_Arrows.uasset" 488
"../../../IMGD4900/Content/StarterContent/HDRI/HDRI_Epic_Courtyard_Daylight.uasset" 489
"../../../IMGD4900/Content/StarterContent/Blueprints/BP_LightStudio.uasset" 490
"../../../IMGD4900/Content/StarterContent/Maps/Advanced_Lighting_BuiltData.uasset" 491
"../../../IMGD4900/Content/StarterContent/Materials/M_AssetPlatform.uasset" 492
"../../../Engine/Content/EditorMeshes/ColorCalibrator/M_ChromeBall.uasset" 493
"../../../Engine/Content/EditorMeshes/ColorCalibrator/M_ClearCoat.uasset" 494
"../../../Engine/Content/EditorMeshes/ColorCalibrator/M_ClearCoatBlack.uasset" 495
"../../../Engine/Content/EditorMeshes/ColorCalibrator/M_ColorGrid.uasset" 496
"../../../Engine/Content/EditorMeshes/ColorCalibrator/M_GreyBall.uasset" 497
"../../../Engine/Content/EditorMeshes/ColorCalibrator/SM_ColorCalibrator.uasset" 498
"../../../IMGD4900/Content/StarterContent/Architecture/SM_AssetPlatform.uasset" 499
"../../../IMGD4900/Content/StarterContent/Maps/Advanced_Lighting.umap" 500
"../../../IMGD4900/Content/StarterContent/Maps/Minimal_Default_BuiltData.uasset" 501
"../../../IMGD4900/Content/StarterContent/Textures/T_MacroVariation.uasset" 502
"../../../IMGD4900/Content/StarterContent/Materials/M_Metal_Brushed_Nickel.uasset" 503
"../../../IMGD4900/Content/StarterContent/Textures/T_Metal_Aluminum_D.uasset" 504
"../../../IMGD4900/Content/StarterContent/Textures/T_Metal_Gold_N.uasset" 505
"../../../IMGD4900/Content/StarterContent/Materials/M_Metal_Burnished_Steel.uasset" 506
"../../../IMGD4900/Content/StarterContent/Textures/T_Metal_Copper_D.uasset" 507
"../../../IMGD4900/Content/StarterContent/Materials/M_Metal_Copper.uasset" 508
"../../../IMGD4900/Content/StarterContent/Textures/T_Statue_M.uasset" 509
"../../../IMGD4900/Content/StarterContent/Textures/T_Statue_N.uasset" 510
"../../../IMGD4900/Content/StarterContent/Props/Materials/M_StatueGlass.uasset" 511
"../../../IMGD4900/Content/StarterContent/Materials/M_Basic_Floor.uasset" 512
"../../../IMGD4900/Content/StarterContent/Architecture/Floor_400x400.uasset" 513
"../../../IMGD4900/Content/StarterContent/Audio/Starter_Background_Cue.uasset" 514
"../../../IMGD4900/Content/StarterContent/Props/SM_Chair.uasset" 515
"../../../IMGD4900/Content/StarterContent/Props/Materials/M_Statue.uasset" 516
"../../../IMGD4900/Content/StarterContent/Props/SM_Statue.uasset" 517
"../../../IMGD4900/Content/StarterContent/Textures/T_TableRound_M.uasset" 518
"../../../IMGD4900/Content/StarterContent/Textures/T_TableRound_N.uasset" 519
"../../../IMGD4900/Content/StarterContent/Props/Materials/M_TableRound.uasset" 520
"../../../IMGD4900/Content/StarterContent/Props/SM_TableRound.uasset" 521
"../../../IMGD4900/Content/StarterContent/Maps/Minimal_Default.umap" 522
"../../../IMGD4900/Content/StarterContent/Audio/Fire01_Cue.uasset" 523
"../../../IMGD4900/Content/StarterContent/Textures/T_Fire_SubUV.uasset" 524
"../../../IMGD4900/Content/StarterContent/Textures/T_Fire_Tiled_D.uasset" 525
"../../../IMGD4900/Content/StarterContent/Particles/Materials/M_Fire_SubUV.uasset" 526
"../../../IMGD4900/Content/StarterContent/Textures/T_Water_N.uasset" 527
"../../../IMGD4900/Content/StarterContent/Particles/Materials/M_Heat_Distortion.uasset" 528
"../../../IMGD4900/Content/StarterContent/Particles/Materials/M_Radial_Gradient.uasset" 529
"../../../IMGD4900/Content/StarterContent/Particles/P_Fire.uasset" 530
"../../../IMGD4900/Content/StarterContent/Blueprints/Blueprint_Effect_Fire.uasset" 531
"../../../IMGD4900/Content/StarterContent/Audio/Smoke01_Cue.uasset" 532
"../../../IMGD4900/Content/StarterContent/Particles/P_Smoke.uasset" 533
"../../../IMGD4900/Content/StarterContent/Blueprints/Blueprint_Effect_Smoke.uasset" 534
"../../../IMGD4900/Content/StarterContent/Audio/Fire_Sparks01_Cue.uasset" 535
"../../../IMGD4900/Content/StarterContent/Textures/T_Spark_Core.uasset" 536
"../../../IMGD4900/Content/StarterContent/Particles/Materials/M_Spark.uasset" 537
"../../../IMGD4900/Content/StarterContent/Particles/P_Sparks.uasset" 538
"../../../IMGD4900/Content/StarterContent/Blueprints/Blueprint_Effect_Sparks.uasset" 539
"../../../IMGD4900/Content/StarterContent/Audio/Steam01_Cue.uasset" 540
"../../../IMGD4900/Content/StarterContent/Particles/P_Steam_Lit.uasset" 541
"../../../IMGD4900/Content/StarterContent/Blueprints/Blueprint_Effect_Steam.uasset" 542
"../../../IMGD4900/Content/StarterContent/Textures/T_Lamp_M.uasset" 543
"../../../IMGD4900/Content/StarterContent/Textures/T_Lamp_N.uasset" 544
"../../../IMGD4900/Content/StarterContent/Props/Materials/M_Lamp.uasset" 545
"../../../IMGD4900/Content/StarterContent/Props/SM_Lamp_Ceiling.uasset" 546
"../../../IMGD4900/Content/StarterContent/Blueprints/Blueprint_CeilingLight.uasset" 547
"../../../IMGD4900/Content/StarterContent/Props/SM_Lamp_Wall.uasset" 548
"../../../IMGD4900/Content/StarterContent/Blueprints/Blueprint_WallSconce.uasset" 549
"../../../IMGD4900/Content/StarterContent/Maps/StarterMap_BuiltData.uasset" 550
"../../../Engine/Content/Functions/Engine_MaterialFunctions03/Procedurals/ComputeFilterWidth.uasset" 551
"../../../Engine/Content/EngineMaterials/AntiAliasedTextMaterialTranslucent.uasset" 552
"../../../IMGD4900/Content/StarterContent/Textures/T_Brick_Clay_Beveled_D.uasset" 553
"../../../IMGD4900/Content/StarterContent/Textures/T_Brick_Clay_Beveled_M.uasset" 554
"../../../IMGD4900/Content/StarterContent/Textures/T_Brick_Clay_Beveled_N.uasset" 555
"../../../IMGD4900/Content/StarterContent/Materials/M_Brick_Clay_Beveled.uasset" 556
"../../../IMGD4900/Content/StarterContent/Textures/T_Brick_Clay_New_D.uasset" 557
"../../../IMGD4900/Content/StarterContent/Textures/T_Brick_Clay_New_M.uasset" 558
"../../../IMGD4900/Content/StarterContent/Textures/T_Brick_Clay_New_N.uasset" 559
"../../../IMGD4900/Content/StarterContent/Materials/M_Brick_Clay_New.uasset" 560
"../../../IMGD4900/Content/StarterContent/Textures/T_Brick_Clay_Old_D.uasset" 561
"../../../IMGD4900/Content/StarterContent/Textures/T_Brick_Clay_Old_N.uasset" 562
"../../../IMGD4900/Content/StarterContent/Textures/T_Perlin_Noise_M.uasset" 563
"../../../IMGD4900/Content/StarterContent/Materials/M_Brick_Clay_Old.uasset" 564
"../../../IMGD4900/Content/StarterContent/Textures/T_Brick_Cut_Stone_D.uasset" 565
"../../../IMGD4900/Content/StarterContent/Textures/T_Brick_Cut_Stone_N.uasset" 566
"../../../IMGD4900/Content/StarterContent/Materials/M_Brick_Cut_Stone.uasset" 567
"../../../IMGD4900/Content/StarterContent/Textures/T_Brick_Hewn_Stone_D.uasset" 568
"../../../IMGD4900/Content/StarterContent/Textures/T_Brick_Hewn_Stone_M.uasset" 569
"../../../IMGD4900/Content/StarterContent/Textures/T_Brick_Hewn_Stone_N.uasset" 570
"../../../IMGD4900/Content/StarterContent/Materials/M_Brick_Hewn_Stone.uasset" 571
"../../../IMGD4900/Content/StarterContent/Textures/T_Ceramic_Tile_M.uasset" 572
"../../../IMGD4900/Content/StarterContent/Textures/T_Ceramic_Tile_N.uasset" 573
"../../../IMGD4900/Content/StarterContent/Textures/T_Rock_Marble_Polished_D.uasset" 574
"../../../IMGD4900/Content/StarterContent/Materials/M_Ceramic_Tile_Checker.uasset" 575
"../../../IMGD4900/Content/StarterContent/Textures/T_CobbleStone_Pebble_D.uasset" 576
"../../../IMGD4900/Content/StarterContent/Textures/T_CobbleStone_Pebble_M.uasset" 577
"../../../IMGD4900/Content/StarterContent/Textures/T_CobbleStone_Pebble_N.uasset" 578
"../../../IMGD4900/Content/StarterContent/Materials/M_CobbleStone_Pebble.uasset" 579
"../../../IMGD4900/Content/StarterContent/Textures/T_CobbleStone_Rough_D.uasset" 580
"../../../IMGD4900/Content/StarterContent/Textures/T_CobbleStone_Rough_N.uasset" 581
"../../../IMGD4900/Content/StarterContent/Textures/T_Gradinet_01.uasset" 582
"../../../IMGD4900/Content/StarterContent/Textures/T_Rock_Smooth_Granite_D.uasset" 583
"../../../IMGD4900/Content/StarterContent/Materials/M_CobbleStone_Rough.uasset" 584
"../../../IMGD4900/Content/StarterContent/Textures/T_CobbleStone_Smooth_D.uasset" 585
"../../../IMGD4900/Content/StarterContent/Textures/T_CobbleStone_Smooth_M.uasset" 586
"../../../IMGD4900/Content/StarterContent/Textures/T_CobbleStone_Smooth_N.uasset" 587
"../../../IMGD4900/Content/StarterContent/Materials/M_CobbleStone_Smooth.uasset" 588
"../../../IMGD4900/Content/StarterContent/Textures/T_Concrete_Grime_D.uasset" 589
"../../../IMGD4900/Content/StarterContent/Textures/T_Metal_Rust_N.uasset" 590
"../../../IMGD4900/Content/StarterContent/Materials/M_Concrete_Grime.uasset" 591
"../../../IMGD4900/Content/StarterContent/Textures/T_Concrete_Panels_D.uasset" 592
"../../../IMGD4900/Content/StarterContent/Textures/T_Concrete_Panels_N.uasset" 593
"../../../IMGD4900/Content/StarterContent/Materials/M_Concrete_Panels.uasset" 594
"../../../IMGD4900/Content/StarterContent/Textures/T_Concrete_Poured_D.uasset" 595
"../../../IMGD4900/Content/StarterContent/Textures/T_Concrete_Poured_N.uasset" 596
"../../../IMGD4900/Content/StarterContent/Materials/M_Concrete_Poured.uasset" 597
"../../../IMGD4900/Content/StarterContent/Textures/T_Concrete_Tiles_D.uasset" 598
"../../../IMGD4900/Content/StarterContent/Textures/T_Concrete_Tiles_M.uasset" 599
"../../../IMGD4900/Content/StarterContent/Textures/T_Concrete_Tiles_N.uasset" 600
"../../../IMGD4900/Content/StarterContent/Textures/T_Concrete_Tiles_Variation_M.uasset" 601
"../../../IMGD4900/Content/StarterContent/Materials/M_Concrete_Tiles.uasset" 602
"../../../IMGD4900/Content/StarterContent/Textures/T_Ground_Grass_D.uasset" 603
"../../../IMGD4900/Content/StarterContent/Textures/T_Ground_Grass_N.uasset" 604
"../../../IMGD4900/Content/StarterContent/Materials/M_Ground_Grass.uasset" 605
"../../../IMGD4900/Content/StarterContent/Textures/T_Ground_Gravel_D.uasset" 606
"../../../IMGD4900/Content/StarterContent/Textures/T_Ground_Gravel_N.uasset" 607
"../../../IMGD4900/Content/StarterContent/Materials/M_Ground_Gravel.uasset" 608
"../../../IMGD4900/Content/StarterContent/Textures/T_ground_Moss_D.uasset" 609
"../../../IMGD4900/Content/StarterContent/Textures/T_Ground_Moss_N.uasset" 610
"../../../IMGD4900/Content/StarterContent/Materials/M_Ground_Moss.uasset" 611
"../../../IMGD4900/Content/StarterContent/Materials/M_Metal_Chrome.uasset" 612
"../../../IMGD4900/Content/StarterContent/Textures/T_Metal_Gold_D.uasset" 613
"../../../IMGD4900/Content/StarterContent/Materials/M_Metal_Gold.uasset" 614
"../../../IMGD4900/Content/StarterContent/Textures/T_Metal_Rust_D.uasset" 615
"../../../IMGD4900/Content/StarterContent/Materials/M_Metal_Rust.uasset" 616
"../../../IMGD4900/Content/StarterContent/Textures/T_Metal_Steel_D.uasset" 617
"../../../IMGD4900/Content/StarterContent/Textures/T_Metal_Steel_N.uasset" 618
"../../../IMGD4900/Content/StarterContent/Materials/M_Metal_Steel.uasset" 619
"../../../IMGD4900/Content/StarterContent/Textures/T_Rock_Basalt_N.uasset" 620
"../../../IMGD4900/Content/StarterContent/Materials/M_Rock_Basalt.uasset" 621
"../../../IMGD4900/Content/StarterContent/Materials/M_Rock_Marble_Polished.uasset" 622
"../../../IMGD4900/Content/StarterContent/Textures/T_Rock_Sandstone_D.uasset" 623
"../../../IMGD4900/Content/StarterContent/Textures/T_Rock_Sandstone_N.uasset" 624
"../../../IMGD4900/Content/StarterContent/Materials/M_Rock_Sandstone.uasset" 625
"../../../IMGD4900/Content/StarterContent/Textures/T_Rock_Slate_D.uasset" 626
"../../../IMGD4900/Content/StarterContent/Textures/T_Rock_Slate_N.uasset" 627
"../../../IMGD4900/Content/StarterContent/Materials/M_Rock_Slate.uasset" 628
"../../../IMGD4900/Content/StarterContent/Textures/T_Checker_Noise_M.uasset" 629
"../../../IMGD4900/Content/StarterContent/Textures/T_Single_Tile_N.uasset" 630
"../../../IMGD4900/Content/StarterContent/Textures/T_Tech_Dot_M.uasset" 631
"../../../IMGD4900/Content/StarterContent/Textures/T_Tech_Dot_N.uasset" 632
"../../../IMGD4900/Content/StarterContent/Materials/M_Tech_Checker_Dot.uasset" 633
"../../../IMGD4900/Content/StarterContent/Textures/T_Tech_Hex_Tile_M.uasset" 634
"../../../IMGD4900/Content/StarterContent/Textures/T_Tech_Hex_Tile_N.uasset" 635
"../../../IMGD4900/Content/StarterContent/Materials/M_Tech_Hex_Tile.uasset" 636
"../../../IMGD4900/Content/StarterContent/Materials/M_Tech_Hex_Tile_Pulse.uasset" 637
"../../../IMGD4900/Content/StarterContent/Textures/T_Tech_Panel_M.uasset" 638
"../../../IMGD4900/Content/StarterContent/Textures/T_Tech_Panel_N.uasset" 639
"../../../IMGD4900/Content/StarterContent/Materials/M_Tech_Panel.uasset" 640
"../../../IMGD4900/Content/StarterContent/Materials/M_Water_Lake.uasset" 641
"../../../IMGD4900/Content/StarterContent/Textures/T_Water_M.uasset" 642
"../../../IMGD4900/Content/StarterContent/Materials/M_Water_Ocean.uasset" 643
"../../../IMGD4900/Content/StarterContent/Textures/T_Wood_Floor_Walnut_D.uasset" 644
"../../../IMGD4900/Content/StarterContent/Textures/T_Wood_Floor_Walnut_M.uasset" 645
"../../../IMGD4900/Content/StarterContent/Textures/T_Wood_Floor_Walnut_N.uasset" 646
"../../../IMGD4900/Content/StarterContent/Materials/M_Wood_Floor_Walnut_Polished.uasset" 647
"../../../Engine/Content/Functions/Engine_MaterialFunctions01/Opacity/AlphaOffset.uasset" 648
"../../../IMGD4900/Content/StarterContent/Materials/M_Wood_Floor_Walnut_Worn.uasset" 649
"../../../IMGD4900/Content/StarterContent/Textures/T_Wood_Oak_D.uasset" 650
"../../../IMGD4900/Content/StarterContent/Textures/T_Wood_Oak_N.uasset" 651
"../../../IMGD4900/Content/StarterContent/Materials/M_Wood_Oak.uasset" 652
"../../../IMGD4900/Content/StarterContent/Textures/T_Wood_Pine_D.uasset" 653
"../../../IMGD4900/Content/StarterContent/Textures/T_Wood_Pine_N.uasset" 654
"../../../IMGD4900/Content/StarterContent/Materials/M_Wood_Pine.uasset" 655
"../../../IMGD4900/Content/StarterContent/Textures/T_Wood_Walnut_D.uasset" 656
"../../../IMGD4900/Content/StarterContent/Textures/T_Wood_Walnut_N.uasset" 657
"../../../IMGD4900/Content/StarterContent/Materials/M_Wood_Walnut.uasset" 658
"../../../IMGD4900/Content/StarterContent/Architecture/Wall_400x200.uasset" 659
"../../../IMGD4900/Content/StarterContent/Architecture/Wall_Door_400x300.uasset" 660
"../../../IMGD4900/Content/StarterContent/Architecture/Wall_Window_400x300.uasset" 661
"../../../IMGD4900/Content/StarterContent/Audio/Collapse_Cue.uasset" 662
"../../../IMGD4900/Content/StarterContent/Audio/Starter_Music_Cue.uasset" 663
"../../../IMGD4900/Content/StarterContent/Textures/T_Dust_Particle_D.uasset" 664
"../../../IMGD4900/Content/StarterContent/Particles/Materials/M_Dust_Particle.uasset" 665
"../../../IMGD4900/Content/StarterContent/Particles/P_Ambient_Dust.uasset" 666
"../../../IMGD4900/Content/StarterContent/Props/MaterialSphere.uasset" 667
"../../../IMGD4900/Content/StarterContent/Textures/T_Frame_M.uasset" 668
"../../../IMGD4900/Content/StarterContent/Textures/T_Frame_N.uasset" 669
"../../../IMGD4900/Content/StarterContent/Props/Materials/M_Frame.uasset" 670
"../../../IMGD4900/Content/StarterContent/Props/SM_CornerFrame.uasset" 671
"../../../IMGD4900/Content/StarterContent/Props/SM_DoorFrame.uasset" 672
"../../../IMGD4900/Content/StarterContent/Props/SM_GlassWindow.uasset" 673
"../../../IMGD4900/Content/StarterContent/Props/SM_PillarFrame.uasset" 674
"../../../IMGD4900/Content/StarterContent/Props/SM_PillarFrame300.uasset" 675
"../../../IMGD4900/Content/StarterContent/Props/SM_WindowFrame.uasset" 676
"../../../IMGD4900/Content/StarterContent/Shapes/Shape_Cube.uasset" 677
"../../../IMGD4900/Content/StarterContent/Shapes/Shape_QuadPyramid.uasset" 678
"../../../IMGD4900/Content/StarterContent/Shapes/Shape_Sphere.uasset" 679
"../../../IMGD4900/Content/StarterContent/Maps/StarterMap.umap" 680
"../../../IMGD4900/Content/Blueprints/Enemies/Spawners/EnemySpawnSlave.uasset" 681
"../../../IMGD4900/Content/Blueprints/Enemies/Spawners/EnemySpawnMaster.uasset" 682
"../../../IMGD4900/Content/Blueprints/Terrain/FloorBP.uasset" 683
"../../../IMGD4900/Content/StarterContent/Props/SM_Stairs.uasset" 684
"../../../IMGD4900/Content/Blueprints/Terrain/StairsBP.uasset" 685
"../../../IMGD4900/Content/Blueprints/Terrain/WallBP.uasset" 686
"../../../IMGD4900/Content/ThirdPersonBP/Maps/ThirdPersonExampleMap_BuiltData.uasset" 687
"../../../IMGD4900/Content/Materials/mat_screen_distortion.uasset" 688
"../../../IMGD4900/Content/ThirdPerson/Meshes/Linear_Stair_StaticMesh.uasset" 689
"../../../IMGD4900/Content/ThirdPersonBP/Maps/ThirdPersonExampleMap.umap" 690
"../../../Engine/Content/Maps/Entry.umap" 691
