Log file open, 11/02/17 18:39:29
LogWindows: Failed to load 'aqProf.dll' (GetLastError=126)
LogWindows: File 'aqProf.dll' does not exist
LogWindows: Failed to load 'VSPerf140.dll' (GetLastError=126)
LogWindows: File 'VSPerf140.dll' does not exist
LogWindows: Failed to load 'VtuneApi.dll' (GetLastError=126)
LogWindows: File 'VtuneApi.dll' does not exist
LogWindows: Failed to load 'VtuneApi32e.dll' (GetLastError=126)
LogWindows: File 'VtuneApi32e.dll' does not exist
LogInit: Display: Running engine for game: IMGD4900
LogPlatformFile: Not using cached read wrapper
LogInit: Display: RandInit(2072427878) SRandInit(2072427878).
LogTaskGraph: Started task graph with 5 named threads and 14 total threads with 3 sets of task threads.
LogStats: Stats thread started at 0.190073
LogD3D11RHI: Aftermath initialized
LogPluginManager: Mounting plugin Paper2D
LogPluginManager: Mounting plugin LightPropagationVolume
LogPluginManager: Mounting plugin CodeLiteSourceCodeAccess
LogPluginManager: Mounting plugin GitSourceControl
LogPluginManager: Mounting plugin KDevelopSourceCodeAccess
LogPluginManager: Mounting plugin NullSourceCodeAccess
LogPluginManager: Mounting plugin PerforceSourceControl
LogPluginManager: Mounting plugin SubversionSourceControl
LogPluginManager: Mounting plugin UObjectPlugin
LogPluginManager: Mounting plugin VisualStudioSourceCodeAccess
LogPluginManager: Mounting plugin XCodeSourceCodeAccess
LogPluginManager: Mounting plugin AssetManagerEditor
LogPluginManager: Mounting plugin AudioCapture
LogPluginManager: Mounting plugin FacialAnimation
LogPluginManager: Mounting plugin GameplayTagsEditor
LogPluginManager: Mounting plugin MobileLauncherProfileWizard
LogPluginManager: Mounting plugin PluginBrowser
LogPluginManager: Mounting plugin SpeedTreeImporter
LogPluginManager: Mounting plugin AlembicImporter
LogPluginManager: Mounting plugin CharacterAI
LogPluginManager: Mounting plugin HTML5Networking
LogPluginManager: Mounting plugin AndroidMedia
LogPluginManager: Mounting plugin AvfMedia
LogPluginManager: Mounting plugin MediaPlayerEditor
LogPluginManager: Mounting plugin WmfMedia
LogPluginManager: Mounting plugin TcpMessaging
LogPluginManager: Mounting plugin UdpMessaging
LogPluginManager: Mounting plugin LevelSequenceEditor
LogPluginManager: Mounting plugin MatineeToLevelSequence
LogPluginManager: Mounting plugin OnlineSubsystemGooglePlay
LogPluginManager: Mounting plugin OnlineSubsystemIOS
LogPluginManager: Mounting plugin OnlineSubsystem
LogPluginManager: Mounting plugin OnlineSubsystemNull
LogPluginManager: Mounting plugin OnlineSubsystemUtils
LogPluginManager: Mounting plugin AndroidDeviceProfileSelector
LogPluginManager: Mounting plugin AndroidMoviePlayer
LogPluginManager: Mounting plugin AndroidPermission
LogPluginManager: Mounting plugin AppleMoviePlayer
LogPluginManager: Mounting plugin ArchVisCharacter
LogPluginManager: Mounting plugin CableComponent
LogPluginManager: Mounting plugin CustomMeshComponent
LogPluginManager: Mounting plugin ExampleDeviceProfileSelector
LogPluginManager: Mounting plugin GoogleCloudMessaging
LogPluginManager: Mounting plugin ImmediatePhysics
LogPluginManager: Mounting plugin IOSDeviceProfileSelector
LogPluginManager: Mounting plugin LinuxDeviceProfileSelector
LogPluginManager: Mounting plugin LocationServicesBPLibrary
LogPluginManager: Mounting plugin MobilePatchingUtils
LogPluginManager: Mounting plugin OculusVR
LogPluginManager: Mounting plugin PhysXVehicles
LogPluginManager: Mounting plugin ProceduralMeshComponent
LogPluginManager: Mounting plugin RuntimePhysXCooking
LogPluginManager: Mounting plugin SteamVR
LogPluginManager: Mounting plugin WindowsMoviePlayer
LogInit: Using libcurl 7.47.1
LogInit:  - built for x86_64-pc-win32
LogInit:  - supports SSL with OpenSSL/1.0.2g
LogInit:  - supports HTTP deflate (compression) using libz 1.2.8
LogInit:  - other features:
LogInit:      CURL_VERSION_SSL
LogInit:      CURL_VERSION_LIBZ
LogInit:      CURL_VERSION_IPV6
LogInit:      CURL_VERSION_ASYNCHDNS
LogInit:      CURL_VERSION_LARGEFILE
LogInit:      CURL_VERSION_IDN
LogInit:  CurlRequestOptions (configurable via config and command line):
LogInit:  - bVerifyPeer = false  - Libcurl will NOT verify peer certificate
LogInit:  - bUseHttpProxy = false  - Libcurl will NOT use HTTP proxy
LogInit:  - bDontReuseConnections = false  - Libcurl will reuse connections
LogInit:  - CertBundlePath = nullptr  - Libcurl will use whatever was configured at build time.
LogInit: Build: ++UE4+Release-4.17-CL-3658906
LogInit: Engine Version: 4.17.2-3658906+++UE4+Release-4.17
LogInit: Compatible Engine Version: 4.17.0-3573198+++UE4+Release-4.17
LogInit: Net CL: 3573198
LogDevObjectVersion: Number of dev versions registered: 16
LogDevObjectVersion:   Dev-Blueprints (B0D832E4-1F89-4F0D-ACCF-7EB736FD4AA2): 10
LogDevObjectVersion:   Dev-Build (E1C64328-A22C-4D53-A36C-8E866417BD8C): 0
LogDevObjectVersion:   Dev-Core (375EC13C-06E4-48FB-B500-84F0262A717E): 2
LogDevObjectVersion:   Dev-Editor (E4B068ED-F494-42E9-A231-DA0B2E46BB41): 20
LogDevObjectVersion:   Dev-Framework (CFFC743F-43B0-4480-9391-14DF171D2073): 28
LogDevObjectVersion:   Dev-Mobile (B02B49B5-BB20-44E9-A304-32B752E40360): 0
LogDevObjectVersion:   Dev-Networking (A4E4105C-59A1-49B5-A7C5-40C4547EDFEE): 0
LogDevObjectVersion:   Dev-Online (39C831C9-5AE6-47DC-9A44-9C173E1C8E7C): 0
LogDevObjectVersion:   Dev-Physics (78F01B33-EBEA-4F98-B9B4-84EACCB95AA2): 0
LogDevObjectVersion:   Dev-Platform (6631380F-2D4D-43E0-8009-CF276956A95A): 0
LogDevObjectVersion:   Dev-Rendering (12F88B9F-8875-4AFC-A67C-D90C383ABD29): 19
LogDevObjectVersion:   Dev-Sequencer (7B5AE74C-D270-4C10-A958-57980B212A5A): 4
LogDevObjectVersion:   Dev-VR (D7296918-1DD6-4BDD-9DE2-64A83CC13884): 0
LogDevObjectVersion:   Dev-LoadTimes (C2A15278-BFE7-4AFE-6C17-90FF531DF755): 1
LogDevObjectVersion:   Private-Geometry (6EACA3D4-40EC-4CC1-B786-8BED09428FC5): 1
LogDevObjectVersion:   Dev-AnimPhys (29E575DD-E0A3-4627-9D10-D276232CDCEA): 7
LogInit: Compiled (64-bit): Sep 22 2017 13:47:16
LogInit: Compiled with Visual C++: 19.00.24215.01
LogInit: Build Configuration: Development
LogInit: Branch Name: ++UE4+Release-4.17
LogInit: Command line: -EpicPortal 
LogInit: Base directory: C:/Program Files/Epic Games/UE_4.17/Engine/Binaries/Win64/
LogInit: Installed Engine Build: 1
LogInit: Presizing for max 8388607 objects, including 0 objects not considered by GC, pre-allocating 0 bytes for permanent pool.
LogInit: Object subsystem initialized
[2017.11.02-22.39.31:015][  0]LogInit: Selected Device Profile: [Windows]
[2017.11.02-22.39.31:015][  0]LogInit: Applying CVar settings loaded from the selected device profile: [Windows]
[2017.11.02-22.39.31:089][  0]LogInit: Computer: THE_POWER
[2017.11.02-22.39.31:089][  0]LogInit: User: Henry
[2017.11.02-22.39.31:089][  0]LogInit: CPU Page size=4096, Cores=4
[2017.11.02-22.39.31:089][  0]LogInit: High frequency timer resolution =3.410230 MHz
[2017.11.02-22.39.31:089][  0]LogMemory: Memory total: Physical=8.0GB (8GB approx)
[2017.11.02-22.39.31:089][  0]LogMemory: Platform Memory Stats for Windows
[2017.11.02-22.39.31:089][  0]LogMemory: Process Physical Memory: 278.26 MB used, 278.26 MB peak
[2017.11.02-22.39.31:089][  0]LogMemory: Process Virtual Memory: 282.10 MB used, 282.10 MB peak
[2017.11.02-22.39.31:089][  0]LogMemory: Physical Memory: 7014.26 MB used,  1142.79 MB free, 8157.05 MB total
[2017.11.02-22.39.31:089][  0]LogMemory: Virtual Memory: 676.77 MB used,  1142.79 MB free, 134217728.00 MB total
[2017.11.02-22.39.31:934][  0]LogInit: Using OS detected language (en-US).
[2017.11.02-22.39.31:934][  0]LogInit: Using OS detected locale (en-US).
[2017.11.02-22.39.32:272][  0]LogTextLocalizationManager: No specific localization for 'en-US' exists, so the 'en' localization will be used.
[2017.11.02-22.39.57:341][  0]LogD3D11RHI: D3D11 adapters:
[2017.11.02-22.39.57:772][  0]LogD3D11RHI:    0. 'NVIDIA GeForce GTX 1070' (Feature Level 11_0)
[2017.11.02-22.39.57:772][  0]LogD3D11RHI:       8119/0/4078 MB DedicatedVideo/DedicatedSystem/SharedSystem, Outputs:1, VendorId:0x10de
[2017.11.02-22.39.58:110][  0]LogD3D11RHI:    1. 'Microsoft Basic Render Driver' (Feature Level 11_0)
[2017.11.02-22.39.58:110][  0]LogD3D11RHI:       0/0/4078 MB DedicatedVideo/DedicatedSystem/SharedSystem, Outputs:0, VendorId:0x1414
[2017.11.02-22.39.58:110][  0]LogD3D11RHI: Chosen D3D11 Adapter: 0
[2017.11.02-22.39.58:118][  0]LogD3D11RHI: Creating new Direct3DDevice
[2017.11.02-22.39.58:118][  0]LogD3D11RHI:     GPU DeviceId: 0x1b81 (for the marketing name, search the web for "GPU Device Id")
[2017.11.02-22.39.58:118][  0]LogWindows: EnumDisplayDevices:
[2017.11.02-22.39.58:119][  0]LogWindows:    0. 'NVIDIA GeForce GTX 1070' (P:1 D:1)
[2017.11.02-22.39.58:119][  0]LogWindows:    1. 'NVIDIA GeForce GTX 1070' (P:0 D:0)
[2017.11.02-22.39.58:119][  0]LogWindows:    2. 'NVIDIA GeForce GTX 1070' (P:0 D:0)
[2017.11.02-22.39.58:119][  0]LogWindows:    3. 'NVIDIA GeForce GTX 1070' (P:0 D:0)
[2017.11.02-22.39.58:119][  0]LogWindows: DebugString: FoundDriverCount:4 
[2017.11.02-22.39.58:119][  0]LogD3D11RHI:     Adapter Name: NVIDIA GeForce GTX 1070
[2017.11.02-22.39.58:119][  0]LogD3D11RHI:   Driver Version: 382.53 (internal:22.21.13.8253, unified:382.53)
[2017.11.02-22.39.58:119][  0]LogD3D11RHI:      Driver Date: 6-7-2017
[2017.11.02-22.39.58:119][  0]LogRHI: Texture pool is 1361 MB (70% of 1945 MB)
[2017.11.02-22.39.58:192][  0]LogD3D11RHI: Async texture creation enabled
[2017.11.02-22.39.58:203][  0]LogD3D11RHI: GPU Timing Frequency: 1000.000000 (Debug: 2 1)
[2017.11.02-22.39.58:206][  0]LogShaderCompilers: Guid format shader working directory is -26 characters bigger than the processId version (../../../../../../Users/Henry/Documents/Work/IMGD4900/imgd4900/IMGD4900/Intermediate/Shaders/WorkingDirectory/11180/).
[2017.11.02-22.39.58:206][  0]LogShaderCompilers: Cleaned the shader compiler working directory 'C:/Users/Henry/AppData/Local/Temp/UnrealShaderWorkingDir/5D30901D4B435E0EA4ABBF9F67B8676C/'.
[2017.11.02-22.39.58:206][  0]LogShaderCompilers: Display: Using Local Shader Compiler.
[2017.11.02-22.40.09:554][  0]LogTemp: Display: Loaded TP AllDesktopTargetPlatform
[2017.11.02-22.40.09:647][  0]LogTemp: Display: Loaded TP MacClientTargetPlatform
[2017.11.02-22.40.09:736][  0]LogTemp: Display: Loaded TP MacNoEditorTargetPlatform
[2017.11.02-22.40.09:830][  0]LogTemp: Display: Loaded TP MacServerTargetPlatform
[2017.11.02-22.40.09:933][  0]LogTemp: Display: Loaded TP MacTargetPlatform
[2017.11.02-22.40.10:033][  0]LogTemp: Display: Loaded TP WindowsClientTargetPlatform
[2017.11.02-22.40.10:135][  0]LogTemp: Display: Loaded TP WindowsNoEditorTargetPlatform
[2017.11.02-22.40.10:223][  0]LogTemp: Display: Loaded TP WindowsServerTargetPlatform
[2017.11.02-22.40.10:315][  0]LogTemp: Display: Loaded TP WindowsTargetPlatform
[2017.11.02-22.40.10:427][  0]LogTemp: Display: Loaded TP AndroidTargetPlatform
[2017.11.02-22.40.10:560][  0]LogTemp: Display: Loaded TP Android_ASTCTargetPlatform
[2017.11.02-22.40.10:654][  0]LogTemp: Display: Loaded TP Android_ATCTargetPlatform
[2017.11.02-22.40.10:763][  0]LogTemp: Display: Loaded TP Android_DXTTargetPlatform
[2017.11.02-22.40.10:865][  0]LogTemp: Display: Loaded TP Android_ETC1TargetPlatform
[2017.11.02-22.40.10:956][  0]LogTemp: Display: Loaded TP Android_ETC2TargetPlatform
[2017.11.02-22.40.11:172][  0]LogTemp: Display: Loaded TP Android_MultiTargetPlatform
[2017.11.02-22.40.11:172][  0]LogTemp: Display: Loaded TP Android_PVRTCTargetPlatform
[2017.11.02-22.40.11:286][  0]LogTemp: Display: Loaded TP HTML5TargetPlatform
[2017.11.02-22.40.11:547][  0]LogTemp: Display: Loaded TP IOSTargetPlatform
[2017.11.02-22.40.11:589][  0]LogTemp: Display: Loaded TP TVOSTargetPlatform
[2017.11.02-22.40.11:680][  0]LogTemp: Display: Loaded TP LinuxClientTargetPlatform
[2017.11.02-22.40.11:777][  0]LogTemp: Display: Loaded TP LinuxNoEditorTargetPlatform
[2017.11.02-22.40.11:871][  0]LogTemp: Display: Loaded TP LinuxServerTargetPlatform
[2017.11.02-22.40.12:000][  0]LogTemp: Display: Loaded TP LinuxTargetPlatform
[2017.11.02-22.40.12:000][  0]LogTargetPlatformManager: Display: Building Assets For Windows
[2017.11.02-22.40.13:258][  0]LogDerivedDataCache: Display: Max Cache Size: 512 MB
[2017.11.02-22.40.13:383][  0]LogDerivedDataCache: Loaded boot cache 0.12s 106MB C:/Users/Henry/AppData/Local/UnrealEngine/4.17/DerivedDataCache/Boot.ddc.
[2017.11.02-22.40.13:383][  0]LogDerivedDataCache: Display: Loaded Boot cache: C:/Users/Henry/AppData/Local/UnrealEngine/4.17/DerivedDataCache/Boot.ddc
[2017.11.02-22.40.13:383][  0]LogDerivedDataCache: FDerivedDataBackendGraph:  Pak pak cache file ../../../../../../Users/Henry/Documents/Work/IMGD4900/imgd4900/IMGD4900/DerivedDataCache/DDC.ddp not found, will not use a pak cache.
[2017.11.02-22.40.13:383][  0]LogDerivedDataCache: Unable to find inner node Pak for hierarchical cache Hierarchy.
[2017.11.02-22.40.13:383][  0]LogDerivedDataCache: FDerivedDataBackendGraph:  CompressedPak pak cache file ../../../../../../Users/Henry/Documents/Work/IMGD4900/imgd4900/IMGD4900/DerivedDataCache/Compressed.ddp not found, will not use a pak cache.
[2017.11.02-22.40.13:383][  0]LogDerivedDataCache: Unable to find inner node CompressedPak for hierarchical cache Hierarchy.
[2017.11.02-22.40.13:458][  0]LogDerivedDataCache: Display: Pak cache opened for reading ../../../Engine/DerivedDataCache/Compressed.ddp.
[2017.11.02-22.40.13:472][  0]LogDerivedDataCache: Using Local data cache path C:/Users/Henry/AppData/Local/UnrealEngine/Common/DerivedDataCache: Writable
[2017.11.02-22.40.13:484][  0]LogMaterial: Verifying Global Shaders for PCD3D_SM5
[2017.11.02-22.40.13:484][  0]LogSlate: Using Freetype 2.6.0
[2017.11.02-22.40.13:512][  0]LogSlate: SlateFontCache - WITH_FREETYPE: 1, WITH_HARFBUZZ: 1
[2017.11.02-22.40.13:512][  0]LogSlate: SlateFontCache - WITH_FREETYPE: 1, WITH_HARFBUZZ: 1
[2017.11.02-22.40.17:151][  0]LogAssetRegistry: FAssetRegistry took 0.0272 seconds to start up
[2017.11.02-22.40.17:493][  0]LogInit: Selected Device Profile: [Windows]
[2017.11.02-22.40.17:735][  0]LogContentStreaming: Texture pool size is 0.00 MB
[2017.11.02-22.40.19:007][  0]LogSimplygon: Simplygon DLL not present - disabling.
[2017.11.02-22.40.19:103][  0]LogMeshReduction: Using SimplygonSwarm for distributed automatic mesh merging
[2017.11.02-22.40.19:103][  0]LogMeshReduction: Using QuadricMeshReduction for automatic static mesh reduction
[2017.11.02-22.40.19:103][  0]LogMeshReduction: No automatic skeletal mesh reduction module available
[2017.11.02-22.40.19:103][  0]LogMeshReduction: No automatic mesh merging module available
[2017.11.02-22.40.19:103][  0]LogMeshMerging: No automatic mesh merging module available
[2017.11.02-22.40.19:607][  0]LogNetVersion: IMGD4900 , NetCL: 3573198, EngineNetVer: 2, GameNetVer: 0 (Checksum: 30141507)
[2017.11.02-22.40.20:029][  0]LogPackageLocalizationCache: Processed 5 localized package path(s) for 2 prioritized culture(s) in 0.172098 seconds
[2017.11.02-22.40.20:036][  0]LogUObjectArray: 35825 objects as part of root set at end of initial load.
[2017.11.02-22.40.20:036][  0]LogUObjectAllocator: 7529104 out of 0 bytes used by permanent object pool.
[2017.11.02-22.40.20:036][  0]LogUObjectArray: CloseDisregardForGC: 0/0 objects in disregard for GC pool
[2017.11.02-22.40.20:129][  0]LogInit: WinSock: version 1.1 (2.2), MaxSocks=32767, MaxUdp=65467
[2017.11.02-22.40.24:402][  0]LogTcpMessaging: Initializing TcpMessaging bridge
[2017.11.02-22.40.24:500][  0]LogUdpMessaging: Initializing bridge on interface 0.0.0.0:0 to multicast group 230.0.0.1:6666.
[2017.11.02-22.40.25:755][  0]LogMaterial: Uniform references updated for custom material expression Custom.
[2017.11.02-22.40.26:514][  0]SourceControl: Source control is disabled
[2017.11.02-22.40.26:514][  0]SourceControl: Source control is disabled
[2017.11.02-22.40.26:608][  0]SourceControl: Source control is disabled
[2017.11.02-22.40.26:698][  0]SourceControl: Source control is disabled
[2017.11.02-22.40.27:788][  0]LogAndroidPermission: UAndroidPermissionCallbackProxy::GetInstance
[2017.11.02-22.40.28:274][  0]LogOcInput: OculusInput pre-init called
[2017.11.02-22.40.28:734][  0]LogEngine: Initializing Engine...
[2017.11.02-22.40.28:738][  0]LogHMD: Failed to initialize OpenVR with code 110
[2017.11.02-22.40.29:039][  0]LogStats: UGameplayTagsManager::ConstructGameplayTagTree: Construct from data asset -  0.000 s
[2017.11.02-22.40.29:039][  0]LogStats: UGameplayTagsManager::ConstructGameplayTagTree: GameplayTagTreeChangedEvent.Broadcast -  0.000 s
[2017.11.02-22.40.29:294][  0]LogAIModule: Creating AISystem for world Untitled
[2017.11.02-22.40.29:312][  0]LogInit: XAudio2 using 'Speakers (VIA HD Audio(Win 10))' : 2 channels at 48 kHz using 16 bits per sample (channel mask 0x3)
[2017.11.02-22.40.29:327][  0]LogInit: FAudioDevice initialized.
[2017.11.02-22.40.31:880][  0]LogDerivedDataCache: Saved boot cache 2.55s 106MB C:/Users/Henry/AppData/Local/UnrealEngine/4.17/DerivedDataCache/Boot.ddc.
[2017.11.02-22.40.31:904][  0]LogInit: Texture streaming: Enabled
[2017.11.02-22.40.32:088][  0]LogEngineSessionManager: EngineSessionManager initialized
[2017.11.02-22.40.32:603][  0]LogInit: Transaction tracking system initialized
[2017.11.02-22.40.33:186][  0]BlueprintLog: New page: Editor Load
[2017.11.02-22.40.34:914][  0]LocalizationService: Localization service is disabled
[2017.11.02-22.40.36:205][  0]LogConsoleResponse: Display: 
[2017.11.02-22.40.37:561][  0]LogFileCache: Scanning file cache for directory 'C:/Users/Henry/Documents/Work/IMGD4900/imgd4900/IMGD4900/Content/' took 0.01s
[2017.11.02-22.40.37:561][  0]LogCook: Display: Max memory allowance for cook 16384mb min free memory 0mb
[2017.11.02-22.40.37:561][  0]LogCook: Display: Mobile HDR setting 1
[2017.11.02-22.40.37:561][  0]LogGameplayTags: Display: UGameplayTagsManager::DoneAddingNativeTags. DelegateIsBound: 0
[2017.11.02-22.40.39:534][  0]SourceControl: Source control is disabled
[2017.11.02-22.40.40:104][  0]LogFactory: FactoryCreateFile: PackFactory with PackFactory (0 0 C:/Program Files/Epic Games/UE_4.17/FeaturePacks/StarterContent.upack)
[2017.11.02-22.40.41:297][  0]LogPackFactory: Finished extracting 8 files (including 0 errors).
[2017.11.02-22.40.41:419][  0]LogPackFactory: Copied "../../../Samples/StarterContent/Content/StarterContent/Architecture/Floor_400x400.uasset" to "../../../../../../Users/Henry/Documents/Work/IMGD4900/imgd4900/IMGD4900/Content/StarterContent/Architecture/Floor_400x400.uasset"
[2017.11.02-22.40.41:467][  0]LogPackFactory: Copied "../../../Samples/StarterContent/Content/StarterContent/Architecture/Pillar_50x500.uasset" to "../../../../../../Users/Henry/Documents/Work/IMGD4900/imgd4900/IMGD4900/Content/StarterContent/Architecture/Pillar_50x500.uasset"
[2017.11.02-22.40.42:067][  0]LogPackFactory: Copied "../../../Samples/StarterContent/Content/StarterContent/Architecture/SM_AssetPlatform.uasset" to "../../../../../../Users/Henry/Documents/Work/IMGD4900/imgd4900/IMGD4900/Content/StarterContent/Architecture/SM_AssetPlatform.uasset"
[2017.11.02-22.40.42:124][  0]LogPackFactory: Copied "../../../Samples/StarterContent/Content/StarterContent/Architecture/Wall_400x200.uasset" to "../../../../../../Users/Henry/Documents/Work/IMGD4900/imgd4900/IMGD4900/Content/StarterContent/Architecture/Wall_400x200.uasset"
[2017.11.02-22.40.42:182][  0]LogPackFactory: Copied "../../../Samples/StarterContent/Content/StarterContent/Architecture/Wall_400x300.uasset" to "../../../../../../Users/Henry/Documents/Work/IMGD4900/imgd4900/IMGD4900/Content/StarterContent/Architecture/Wall_400x300.uasset"
[2017.11.02-22.40.42:232][  0]LogPackFactory: Copied "../../../Samples/StarterContent/Content/StarterContent/Architecture/Wall_400x400.uasset" to "../../../../../../Users/Henry/Documents/Work/IMGD4900/imgd4900/IMGD4900/Content/StarterContent/Architecture/Wall_400x400.uasset"
[2017.11.02-22.40.42:351][  0]LogPackFactory: Copied "../../../Samples/StarterContent/Content/StarterContent/Architecture/Wall_500x500.uasset" to "../../../../../../Users/Henry/Documents/Work/IMGD4900/imgd4900/IMGD4900/Content/StarterContent/Architecture/Wall_500x500.uasset"
[2017.11.02-22.40.42:607][  0]LogPackFactory: Copied "../../../Samples/StarterContent/Content/StarterContent/Architecture/Wall_Door_400x300.uasset" to "../../../../../../Users/Henry/Documents/Work/IMGD4900/imgd4900/IMGD4900/Content/StarterContent/Architecture/Wall_Door_400x300.uasset"
[2017.11.02-22.40.42:634][  0]LogPackFactory: Copied "../../../Samples/StarterContent/Content/StarterContent/Architecture/Wall_Door_400x400.uasset" to "../../../../../../Users/Henry/Documents/Work/IMGD4900/imgd4900/IMGD4900/Content/StarterContent/Architecture/Wall_Door_400x400.uasset"
[2017.11.02-22.40.42:815][  0]LogPackFactory: Copied "../../../Samples/StarterContent/Content/StarterContent/Architecture/Wall_Window_400x300.uasset" to "../../../../../../Users/Henry/Documents/Work/IMGD4900/imgd4900/IMGD4900/Content/StarterContent/Architecture/Wall_Window_400x300.uasset"
[2017.11.02-22.40.42:875][  0]LogPackFactory: Copied "../../../Samples/StarterContent/Content/StarterContent/Architecture/Wall_Window_400x400.uasset" to "../../../../../../Users/Henry/Documents/Work/IMGD4900/imgd4900/IMGD4900/Content/StarterContent/Architecture/Wall_Window_400x400.uasset"
[2017.11.02-22.40.43:005][  0]LogPackFactory: Copied "../../../Samples/StarterContent/Content/StarterContent/Audio/Collapse01.uasset" to "../../../../../../Users/Henry/Documents/Work/IMGD4900/imgd4900/IMGD4900/Content/StarterContent/Audio/Collapse01.uasset"
[2017.11.02-22.40.43:085][  0]LogPackFactory: Copied "../../../Samples/StarterContent/Content/StarterContent/Audio/Collapse02.uasset" to "../../../../../../Users/Henry/Documents/Work/IMGD4900/imgd4900/IMGD4900/Content/StarterContent/Audio/Collapse02.uasset"
[2017.11.02-22.40.43:160][  0]LogPackFactory: Copied "../../../Samples/StarterContent/Content/StarterContent/Audio/Collapse_Cue.uasset" to "../../../../../../Users/Henry/Documents/Work/IMGD4900/imgd4900/IMGD4900/Content/StarterContent/Audio/Collapse_Cue.uasset"
[2017.11.02-22.40.43:286][  0]LogPackFactory: Copied "../../../Samples/StarterContent/Content/StarterContent/Audio/Explosion01.uasset" to "../../../../../../Users/Henry/Documents/Work/IMGD4900/imgd4900/IMGD4900/Content/StarterContent/Audio/Explosion01.uasset"
[2017.11.02-22.40.43:342][  0]LogPackFactory: Copied "../../../Samples/StarterContent/Content/StarterContent/Audio/Explosion02.uasset" to "../../../../../../Users/Henry/Documents/Work/IMGD4900/imgd4900/IMGD4900/Content/StarterContent/Audio/Explosion02.uasset"
[2017.11.02-22.40.43:359][  0]LogPackFactory: Copied "../../../Samples/StarterContent/Content/StarterContent/Audio/Explosion_Cue.uasset" to "../../../../../../Users/Henry/Documents/Work/IMGD4900/imgd4900/IMGD4900/Content/StarterContent/Audio/Explosion_Cue.uasset"
[2017.11.02-22.40.43:667][  0]LogPackFactory: Copied "../../../Samples/StarterContent/Content/StarterContent/Audio/Fire01.uasset" to "../../../../../../Users/Henry/Documents/Work/IMGD4900/imgd4900/IMGD4900/Content/StarterContent/Audio/Fire01.uasset"
[2017.11.02-22.40.43:701][  0]LogPackFactory: Copied "../../../Samples/StarterContent/Content/StarterContent/Audio/Fire01_Cue.uasset" to "../../../../../../Users/Henry/Documents/Work/IMGD4900/imgd4900/IMGD4900/Content/StarterContent/Audio/Fire01_Cue.uasset"
[2017.11.02-22.40.44:081][  0]LogPackFactory: Copied "../../../Samples/StarterContent/Content/StarterContent/Audio/Fire_Sparks01.uasset" to "../../../../../../Users/Henry/Documents/Work/IMGD4900/imgd4900/IMGD4900/Content/StarterContent/Audio/Fire_Sparks01.uasset"
[2017.11.02-22.40.44:111][  0]LogPackFactory: Copied "../../../Samples/StarterContent/Content/StarterContent/Audio/Fire_Sparks01_Cue.uasset" to "../../../../../../Users/Henry/Documents/Work/IMGD4900/imgd4900/IMGD4900/Content/StarterContent/Audio/Fire_Sparks01_Cue.uasset"
[2017.11.02-22.40.44:461][  0]LogPackFactory: Copied "../../../Samples/StarterContent/Content/StarterContent/Audio/Light01.uasset" to "../../../../../../Users/Henry/Documents/Work/IMGD4900/imgd4900/IMGD4900/Content/StarterContent/Audio/Light01.uasset"
[2017.11.02-22.40.44:503][  0]LogPackFactory: Copied "../../../Samples/StarterContent/Content/StarterContent/Audio/Light01_Cue.uasset" to "../../../../../../Users/Henry/Documents/Work/IMGD4900/imgd4900/IMGD4900/Content/StarterContent/Audio/Light01_Cue.uasset"
[2017.11.02-22.40.44:755][  0]LogPackFactory: Copied "../../../Samples/StarterContent/Content/StarterContent/Audio/Light02.uasset" to "../../../../../../Users/Henry/Documents/Work/IMGD4900/imgd4900/IMGD4900/Content/StarterContent/Audio/Light02.uasset"
[2017.11.02-22.40.44:845][  0]LogPackFactory: Copied "../../../Samples/StarterContent/Content/StarterContent/Audio/Light02_Cue.uasset" to "../../../../../../Users/Henry/Documents/Work/IMGD4900/imgd4900/IMGD4900/Content/StarterContent/Audio/Light02_Cue.uasset"
[2017.11.02-22.40.45:180][  0]LogPackFactory: Copied "../../../Samples/StarterContent/Content/StarterContent/Audio/Smoke01.uasset" to "../../../../../../Users/Henry/Documents/Work/IMGD4900/imgd4900/IMGD4900/Content/StarterContent/Audio/Smoke01.uasset"
[2017.11.02-22.40.45:257][  0]LogPackFactory: Copied "../../../Samples/StarterContent/Content/StarterContent/Audio/Smoke01_Cue.uasset" to "../../../../../../Users/Henry/Documents/Work/IMGD4900/imgd4900/IMGD4900/Content/StarterContent/Audio/Smoke01_Cue.uasset"
[2017.11.02-22.40.45:300][  0]LogPackFactory: Copied "../../../Samples/StarterContent/Content/StarterContent/Audio/Starter_Background_Cue.uasset" to "../../../../../../Users/Henry/Documents/Work/IMGD4900/imgd4900/IMGD4900/Content/StarterContent/Audio/Starter_Background_Cue.uasset"
[2017.11.02-22.40.47:077][  0]LogPackFactory: Copied "../../../Samples/StarterContent/Content/StarterContent/Audio/Starter_Birds01.uasset" to "../../../../../../Users/Henry/Documents/Work/IMGD4900/imgd4900/IMGD4900/Content/StarterContent/Audio/Starter_Birds01.uasset"
[2017.11.02-22.40.49:049][  0]LogPackFactory: Copied "../../../Samples/StarterContent/Content/StarterContent/Audio/Starter_Music01.uasset" to "../../../../../../Users/Henry/Documents/Work/IMGD4900/imgd4900/IMGD4900/Content/StarterContent/Audio/Starter_Music01.uasset"
[2017.11.02-22.40.49:113][  0]LogPackFactory: Copied "../../../Samples/StarterContent/Content/StarterContent/Audio/Starter_Music_Cue.uasset" to "../../../../../../Users/Henry/Documents/Work/IMGD4900/imgd4900/IMGD4900/Content/StarterContent/Audio/Starter_Music_Cue.uasset"
[2017.11.02-22.40.49:519][  0]LogPackFactory: Copied "../../../Samples/StarterContent/Content/StarterContent/Audio/Starter_Wind05.uasset" to "../../../../../../Users/Henry/Documents/Work/IMGD4900/imgd4900/IMGD4900/Content/StarterContent/Audio/Starter_Wind05.uasset"
[2017.11.02-22.40.49:766][  0]LogPackFactory: Copied "../../../Samples/StarterContent/Content/StarterContent/Audio/Starter_Wind06.uasset" to "../../../../../../Users/Henry/Documents/Work/IMGD4900/imgd4900/IMGD4900/Content/StarterContent/Audio/Starter_Wind06.uasset"
[2017.11.02-22.40.49:991][  0]LogPackFactory: Copied "../../../Samples/StarterContent/Content/StarterContent/Audio/Steam01.uasset" to "../../../../../../Users/Henry/Documents/Work/IMGD4900/imgd4900/IMGD4900/Content/StarterContent/Audio/Steam01.uasset"
[2017.11.02-22.40.50:094][  0]LogPackFactory: Copied "../../../Samples/StarterContent/Content/StarterContent/Audio/Steam01_Cue.uasset" to "../../../../../../Users/Henry/Documents/Work/IMGD4900/imgd4900/IMGD4900/Content/StarterContent/Audio/Steam01_Cue.uasset"
[2017.11.02-22.40.50:324][  0]LogPackFactory: Copied "../../../Samples/StarterContent/Content/StarterContent/Blueprints/Blueprint_CeilingLight.uasset" to "../../../../../../Users/Henry/Documents/Work/IMGD4900/imgd4900/IMGD4900/Content/StarterContent/Blueprints/Blueprint_CeilingLight.uasset"
[2017.11.02-22.40.50:380][  0]LogPackFactory: Copied "../../../Samples/StarterContent/Content/StarterContent/Blueprints/Blueprint_Effect_Explosion.uasset" to "../../../../../../Users/Henry/Documents/Work/IMGD4900/imgd4900/IMGD4900/Content/StarterContent/Blueprints/Blueprint_Effect_Explosion.uasset"
[2017.11.02-22.40.50:525][  0]LogPackFactory: Copied "../../../Samples/StarterContent/Content/StarterContent/Blueprints/Blueprint_Effect_Fire.uasset" to "../../../../../../Users/Henry/Documents/Work/IMGD4900/imgd4900/IMGD4900/Content/StarterContent/Blueprints/Blueprint_Effect_Fire.uasset"
[2017.11.02-22.40.50:587][  0]LogPackFactory: Copied "../../../Samples/StarterContent/Content/StarterContent/Blueprints/Blueprint_Effect_Smoke.uasset" to "../../../../../../Users/Henry/Documents/Work/IMGD4900/imgd4900/IMGD4900/Content/StarterContent/Blueprints/Blueprint_Effect_Smoke.uasset"
[2017.11.02-22.40.50:712][  0]LogPackFactory: Copied "../../../Samples/StarterContent/Content/StarterContent/Blueprints/Blueprint_Effect_Sparks.uasset" to "../../../../../../Users/Henry/Documents/Work/IMGD4900/imgd4900/IMGD4900/Content/StarterContent/Blueprints/Blueprint_Effect_Sparks.uasset"
[2017.11.02-22.40.50:732][  0]LogPackFactory: Copied "../../../Samples/StarterContent/Content/StarterContent/Blueprints/Blueprint_Effect_Steam.uasset" to "../../../../../../Users/Henry/Documents/Work/IMGD4900/imgd4900/IMGD4900/Content/StarterContent/Blueprints/Blueprint_Effect_Steam.uasset"
[2017.11.02-22.40.50:754][  0]LogPackFactory: Copied "../../../Samples/StarterContent/Content/StarterContent/Blueprints/Blueprint_WallSconce.uasset" to "../../../../../../Users/Henry/Documents/Work/IMGD4900/imgd4900/IMGD4900/Content/StarterContent/Blueprints/Blueprint_WallSconce.uasset"
[2017.11.02-22.40.50:835][  0]LogPackFactory: Copied "../../../Samples/StarterContent/Content/StarterContent/Blueprints/BP_LightStudio.uasset" to "../../../../../../Users/Henry/Documents/Work/IMGD4900/imgd4900/IMGD4900/Content/StarterContent/Blueprints/BP_LightStudio.uasset"
[2017.11.02-22.40.50:992][  0]LogPackFactory: Copied "../../../Samples/StarterContent/Content/StarterContent/Blueprints/Assets/FogBrightnessLUT.uasset" to "../../../../../../Users/Henry/Documents/Work/IMGD4900/imgd4900/IMGD4900/Content/StarterContent/Blueprints/Assets/FogBrightnessLUT.uasset"
[2017.11.02-22.40.51:075][  0]LogPackFactory: Copied "../../../Samples/StarterContent/Content/StarterContent/Blueprints/Assets/M_LightStage_Arrows.uasset" to "../../../../../../Users/Henry/Documents/Work/IMGD4900/imgd4900/IMGD4900/Content/StarterContent/Blueprints/Assets/M_LightStage_Arrows.uasset"
[2017.11.02-22.40.51:181][  0]LogPackFactory: Copied "../../../Samples/StarterContent/Content/StarterContent/Blueprints/Assets/M_LightStage_Skybox_Black.uasset" to "../../../../../../Users/Henry/Documents/Work/IMGD4900/imgd4900/IMGD4900/Content/StarterContent/Blueprints/Assets/M_LightStage_Skybox_Black.uasset"
[2017.11.02-22.40.51:258][  0]LogPackFactory: Copied "../../../Samples/StarterContent/Content/StarterContent/Blueprints/Assets/M_LightStage_Skybox_HDRI.uasset" to "../../../../../../Users/Henry/Documents/Work/IMGD4900/imgd4900/IMGD4900/Content/StarterContent/Blueprints/Assets/M_LightStage_Skybox_HDRI.uasset"
[2017.11.02-22.40.51:321][  0]LogPackFactory: Copied "../../../Samples/StarterContent/Content/StarterContent/Blueprints/Assets/M_LightStage_Skybox_Master.uasset" to "../../../../../../Users/Henry/Documents/Work/IMGD4900/imgd4900/IMGD4900/Content/StarterContent/Blueprints/Assets/M_LightStage_Skybox_Master.uasset"
[2017.11.02-22.40.51:417][  0]LogPackFactory: Copied "../../../Samples/StarterContent/Content/StarterContent/Blueprints/Assets/Skybox.uasset" to "../../../../../../Users/Henry/Documents/Work/IMGD4900/imgd4900/IMGD4900/Content/StarterContent/Blueprints/Assets/Skybox.uasset"
[2017.11.02-22.40.51:996][  0]LogPackFactory: Copied "../../../Samples/StarterContent/Content/StarterContent/Blueprints/Assets/SM_Arrows.uasset" to "../../../../../../Users/Henry/Documents/Work/IMGD4900/imgd4900/IMGD4900/Content/StarterContent/Blueprints/Assets/SM_Arrows.uasset"
[2017.11.02-22.40.52:103][  0]LogPackFactory: Copied "../../../Samples/StarterContent/Content/StarterContent/Blueprints/Assets/SunlightColorLUT.uasset" to "../../../../../../Users/Henry/Documents/Work/IMGD4900/imgd4900/IMGD4900/Content/StarterContent/Blueprints/Assets/SunlightColorLUT.uasset"
[2017.11.02-22.41.04:930][  0]LogPackFactory: Copied "../../../Samples/StarterContent/Content/StarterContent/HDRI/HDRI_Epic_Courtyard_Daylight.uasset" to "../../../../../../Users/Henry/Documents/Work/IMGD4900/imgd4900/IMGD4900/Content/StarterContent/HDRI/HDRI_Epic_Courtyard_Daylight.uasset"
[2017.11.02-22.41.04:970][  0]LogPackFactory: Copied "../../../Samples/StarterContent/Content/StarterContent/Maps/Advanced_Lighting.umap" to "../../../../../../Users/Henry/Documents/Work/IMGD4900/imgd4900/IMGD4900/Content/StarterContent/Maps/Advanced_Lighting.umap"
[2017.11.02-22.41.05:018][  0]LogPackFactory: Copied "../../../Samples/StarterContent/Content/StarterContent/Maps/Advanced_Lighting_BuiltData.uasset" to "../../../../../../Users/Henry/Documents/Work/IMGD4900/imgd4900/IMGD4900/Content/StarterContent/Maps/Advanced_Lighting_BuiltData.uasset"
[2017.11.02-22.41.05:105][  0]LogPackFactory: Copied "../../../Samples/StarterContent/Content/StarterContent/Maps/Minimal_Default.umap" to "../../../../../../Users/Henry/Documents/Work/IMGD4900/imgd4900/IMGD4900/Content/StarterContent/Maps/Minimal_Default.umap"
[2017.11.02-22.41.05:124][  0]LogPackFactory: Copied "../../../Samples/StarterContent/Content/StarterContent/Maps/Minimal_Default_BuiltData.uasset" to "../../../../../../Users/Henry/Documents/Work/IMGD4900/imgd4900/IMGD4900/Content/StarterContent/Maps/Minimal_Default_BuiltData.uasset"
[2017.11.02-22.41.05:598][  0]LogPackFactory: Copied "../../../Samples/StarterContent/Content/StarterContent/Maps/StarterMap.umap" to "../../../../../../Users/Henry/Documents/Work/IMGD4900/imgd4900/IMGD4900/Content/StarterContent/Maps/StarterMap.umap"
[2017.11.02-22.41.05:778][  0]LogPackFactory: Copied "../../../Samples/StarterContent/Content/StarterContent/Maps/StarterMap_BuiltData.uasset" to "../../../../../../Users/Henry/Documents/Work/IMGD4900/imgd4900/IMGD4900/Content/StarterContent/Maps/StarterMap_BuiltData.uasset"
[2017.11.02-22.41.05:828][  0]LogPackFactory: Copied "../../../Samples/StarterContent/Content/StarterContent/Materials/M_AssetPlatform.uasset" to "../../../../../../Users/Henry/Documents/Work/IMGD4900/imgd4900/IMGD4900/Content/StarterContent/Materials/M_AssetPlatform.uasset"
[2017.11.02-22.41.05:847][  0]LogPackFactory: Copied "../../../Samples/StarterContent/Content/StarterContent/Materials/M_Basic_Floor.uasset" to "../../../../../../Users/Henry/Documents/Work/IMGD4900/imgd4900/IMGD4900/Content/StarterContent/Materials/M_Basic_Floor.uasset"
[2017.11.02-22.41.05:869][  0]LogPackFactory: Copied "../../../Samples/StarterContent/Content/StarterContent/Materials/M_Basic_Wall.uasset" to "../../../../../../Users/Henry/Documents/Work/IMGD4900/imgd4900/IMGD4900/Content/StarterContent/Materials/M_Basic_Wall.uasset"
[2017.11.02-22.41.05:884][  0]LogPackFactory: Copied "../../../Samples/StarterContent/Content/StarterContent/Materials/M_Brick_Clay_Beveled.uasset" to "../../../../../../Users/Henry/Documents/Work/IMGD4900/imgd4900/IMGD4900/Content/StarterContent/Materials/M_Brick_Clay_Beveled.uasset"
[2017.11.02-22.41.05:900][  0]LogPackFactory: Copied "../../../Samples/StarterContent/Content/StarterContent/Materials/M_Brick_Clay_New.uasset" to "../../../../../../Users/Henry/Documents/Work/IMGD4900/imgd4900/IMGD4900/Content/StarterContent/Materials/M_Brick_Clay_New.uasset"
[2017.11.02-22.41.05:919][  0]LogPackFactory: Copied "../../../Samples/StarterContent/Content/StarterContent/Materials/M_Brick_Clay_Old.uasset" to "../../../../../../Users/Henry/Documents/Work/IMGD4900/imgd4900/IMGD4900/Content/StarterContent/Materials/M_Brick_Clay_Old.uasset"
[2017.11.02-22.41.05:935][  0]LogPackFactory: Copied "../../../Samples/StarterContent/Content/StarterContent/Materials/M_Brick_Cut_Stone.uasset" to "../../../../../../Users/Henry/Documents/Work/IMGD4900/imgd4900/IMGD4900/Content/StarterContent/Materials/M_Brick_Cut_Stone.uasset"
[2017.11.02-22.41.05:953][  0]LogPackFactory: Copied "../../../Samples/StarterContent/Content/StarterContent/Materials/M_Brick_Hewn_Stone.uasset" to "../../../../../../Users/Henry/Documents/Work/IMGD4900/imgd4900/IMGD4900/Content/StarterContent/Materials/M_Brick_Hewn_Stone.uasset"
[2017.11.02-22.41.05:964][  0]LogPackFactory: Copied "../../../Samples/StarterContent/Content/StarterContent/Materials/M_Ceramic_Tile_Checker.uasset" to "../../../../../../Users/Henry/Documents/Work/IMGD4900/imgd4900/IMGD4900/Content/StarterContent/Materials/M_Ceramic_Tile_Checker.uasset"
[2017.11.02-22.41.05:979][  0]LogPackFactory: Copied "../../../Samples/StarterContent/Content/StarterContent/Materials/M_CobbleStone_Pebble.uasset" to "../../../../../../Users/Henry/Documents/Work/IMGD4900/imgd4900/IMGD4900/Content/StarterContent/Materials/M_CobbleStone_Pebble.uasset"
[2017.11.02-22.41.06:055][  0]LogPackFactory: Copied "../../../Samples/StarterContent/Content/StarterContent/Materials/M_CobbleStone_Rough.uasset" to "../../../../../../Users/Henry/Documents/Work/IMGD4900/imgd4900/IMGD4900/Content/StarterContent/Materials/M_CobbleStone_Rough.uasset"
[2017.11.02-22.41.06:117][  0]LogPackFactory: Copied "../../../Samples/StarterContent/Content/StarterContent/Materials/M_CobbleStone_Smooth.uasset" to "../../../../../../Users/Henry/Documents/Work/IMGD4900/imgd4900/IMGD4900/Content/StarterContent/Materials/M_CobbleStone_Smooth.uasset"
[2017.11.02-22.41.06:128][  0]LogPackFactory: Copied "../../../Samples/StarterContent/Content/StarterContent/Materials/M_ColorGrid_LowSpec.uasset" to "../../../../../../Users/Henry/Documents/Work/IMGD4900/imgd4900/IMGD4900/Content/StarterContent/Materials/M_ColorGrid_LowSpec.uasset"
[2017.11.02-22.41.06:177][  0]LogPackFactory: Copied "../../../Samples/StarterContent/Content/StarterContent/Materials/M_Concrete_Grime.uasset" to "../../../../../../Users/Henry/Documents/Work/IMGD4900/imgd4900/IMGD4900/Content/StarterContent/Materials/M_Concrete_Grime.uasset"
[2017.11.02-22.41.06:248][  0]LogPackFactory: Copied "../../../Samples/StarterContent/Content/StarterContent/Materials/M_Concrete_Panels.uasset" to "../../../../../../Users/Henry/Documents/Work/IMGD4900/imgd4900/IMGD4900/Content/StarterContent/Materials/M_Concrete_Panels.uasset"
[2017.11.02-22.41.06:263][  0]LogPackFactory: Copied "../../../Samples/StarterContent/Content/StarterContent/Materials/M_Concrete_Poured.uasset" to "../../../../../../Users/Henry/Documents/Work/IMGD4900/imgd4900/IMGD4900/Content/StarterContent/Materials/M_Concrete_Poured.uasset"
[2017.11.02-22.41.06:277][  0]LogPackFactory: Copied "../../../Samples/StarterContent/Content/StarterContent/Materials/M_Concrete_Tiles.uasset" to "../../../../../../Users/Henry/Documents/Work/IMGD4900/imgd4900/IMGD4900/Content/StarterContent/Materials/M_Concrete_Tiles.uasset"
[2017.11.02-22.41.06:294][  0]LogPackFactory: Copied "../../../Samples/StarterContent/Content/StarterContent/Materials/M_Glass.uasset" to "../../../../../../Users/Henry/Documents/Work/IMGD4900/imgd4900/IMGD4900/Content/StarterContent/Materials/M_Glass.uasset"
[2017.11.02-22.41.06:310][  0]LogPackFactory: Copied "../../../Samples/StarterContent/Content/StarterContent/Materials/M_Ground_Grass.uasset" to "../../../../../../Users/Henry/Documents/Work/IMGD4900/imgd4900/IMGD4900/Content/StarterContent/Materials/M_Ground_Grass.uasset"
[2017.11.02-22.41.06:325][  0]LogPackFactory: Copied "../../../Samples/StarterContent/Content/StarterContent/Materials/M_Ground_Gravel.uasset" to "../../../../../../Users/Henry/Documents/Work/IMGD4900/imgd4900/IMGD4900/Content/StarterContent/Materials/M_Ground_Gravel.uasset"
[2017.11.02-22.41.06:339][  0]LogPackFactory: Copied "../../../Samples/StarterContent/Content/StarterContent/Materials/M_Ground_Moss.uasset" to "../../../../../../Users/Henry/Documents/Work/IMGD4900/imgd4900/IMGD4900/Content/StarterContent/Materials/M_Ground_Moss.uasset"
[2017.11.02-22.41.06:357][  0]LogPackFactory: Copied "../../../Samples/StarterContent/Content/StarterContent/Materials/M_Metal_Brushed_Nickel.uasset" to "../../../../../../Users/Henry/Documents/Work/IMGD4900/imgd4900/IMGD4900/Content/StarterContent/Materials/M_Metal_Brushed_Nickel.uasset"
[2017.11.02-22.41.06:375][  0]LogPackFactory: Copied "../../../Samples/StarterContent/Content/StarterContent/Materials/M_Metal_Burnished_Steel.uasset" to "../../../../../../Users/Henry/Documents/Work/IMGD4900/imgd4900/IMGD4900/Content/StarterContent/Materials/M_Metal_Burnished_Steel.uasset"
[2017.11.02-22.41.06:420][  0]LogPackFactory: Copied "../../../Samples/StarterContent/Content/StarterContent/Materials/M_Metal_Chrome.uasset" to "../../../../../../Users/Henry/Documents/Work/IMGD4900/imgd4900/IMGD4900/Content/StarterContent/Materials/M_Metal_Chrome.uasset"
[2017.11.02-22.41.06:454][  0]LogPackFactory: Copied "../../../Samples/StarterContent/Content/StarterContent/Materials/M_Metal_Copper.uasset" to "../../../../../../Users/Henry/Documents/Work/IMGD4900/imgd4900/IMGD4900/Content/StarterContent/Materials/M_Metal_Copper.uasset"
[2017.11.02-22.41.06:472][  0]LogPackFactory: Copied "../../../Samples/StarterContent/Content/StarterContent/Materials/M_Metal_Gold.uasset" to "../../../../../../Users/Henry/Documents/Work/IMGD4900/imgd4900/IMGD4900/Content/StarterContent/Materials/M_Metal_Gold.uasset"
[2017.11.02-22.41.06:484][  0]LogPackFactory: Copied "../../../Samples/StarterContent/Content/StarterContent/Materials/M_Metal_Rust.uasset" to "../../../../../../Users/Henry/Documents/Work/IMGD4900/imgd4900/IMGD4900/Content/StarterContent/Materials/M_Metal_Rust.uasset"
[2017.11.02-22.41.06:497][  0]LogPackFactory: Copied "../../../Samples/StarterContent/Content/StarterContent/Materials/M_Metal_Steel.uasset" to "../../../../../../Users/Henry/Documents/Work/IMGD4900/imgd4900/IMGD4900/Content/StarterContent/Materials/M_Metal_Steel.uasset"
[2017.11.02-22.41.06:513][  0]LogPackFactory: Copied "../../../Samples/StarterContent/Content/StarterContent/Materials/M_Rock_Basalt.uasset" to "../../../../../../Users/Henry/Documents/Work/IMGD4900/imgd4900/IMGD4900/Content/StarterContent/Materials/M_Rock_Basalt.uasset"
[2017.11.02-22.41.06:558][  0]LogPackFactory: Copied "../../../Samples/StarterContent/Content/StarterContent/Materials/M_Rock_Marble_Polished.uasset" to "../../../../../../Users/Henry/Documents/Work/IMGD4900/imgd4900/IMGD4900/Content/StarterContent/Materials/M_Rock_Marble_Polished.uasset"
[2017.11.02-22.41.06:838][  0]LogPackFactory: Copied "../../../Samples/StarterContent/Content/StarterContent/Materials/M_Rock_Sandstone.uasset" to "../../../../../../Users/Henry/Documents/Work/IMGD4900/imgd4900/IMGD4900/Content/StarterContent/Materials/M_Rock_Sandstone.uasset"
[2017.11.02-22.41.06:973][  0]LogPackFactory: Copied "../../../Samples/StarterContent/Content/StarterContent/Materials/M_Rock_Slate.uasset" to "../../../../../../Users/Henry/Documents/Work/IMGD4900/imgd4900/IMGD4900/Content/StarterContent/Materials/M_Rock_Slate.uasset"
[2017.11.02-22.41.07:015][  0]LogPackFactory: Copied "../../../Samples/StarterContent/Content/StarterContent/Materials/M_Tech_Checker_Dot.uasset" to "../../../../../../Users/Henry/Documents/Work/IMGD4900/imgd4900/IMGD4900/Content/StarterContent/Materials/M_Tech_Checker_Dot.uasset"
[2017.11.02-22.41.07:184][  0]LogPackFactory: Copied "../../../Samples/StarterContent/Content/StarterContent/Materials/M_Tech_Hex_Tile.uasset" to "../../../../../../Users/Henry/Documents/Work/IMGD4900/imgd4900/IMGD4900/Content/StarterContent/Materials/M_Tech_Hex_Tile.uasset"
[2017.11.02-22.41.07:249][  0]LogPackFactory: Copied "../../../Samples/StarterContent/Content/StarterContent/Materials/M_Tech_Hex_Tile_Pulse.uasset" to "../../../../../../Users/Henry/Documents/Work/IMGD4900/imgd4900/IMGD4900/Content/StarterContent/Materials/M_Tech_Hex_Tile_Pulse.uasset"
[2017.11.02-22.41.07:289][  0]LogPackFactory: Copied "../../../Samples/StarterContent/Content/StarterContent/Materials/M_Tech_Panel.uasset" to "../../../../../../Users/Henry/Documents/Work/IMGD4900/imgd4900/IMGD4900/Content/StarterContent/Materials/M_Tech_Panel.uasset"
[2017.11.02-22.41.07:351][  0]LogPackFactory: Copied "../../../Samples/StarterContent/Content/StarterContent/Materials/M_Water_Lake.uasset" to "../../../../../../Users/Henry/Documents/Work/IMGD4900/imgd4900/IMGD4900/Content/StarterContent/Materials/M_Water_Lake.uasset"
[2017.11.02-22.41.07:412][  0]LogPackFactory: Copied "../../../Samples/StarterContent/Content/StarterContent/Materials/M_Water_Ocean.uasset" to "../../../../../../Users/Henry/Documents/Work/IMGD4900/imgd4900/IMGD4900/Content/StarterContent/Materials/M_Water_Ocean.uasset"
[2017.11.02-22.41.07:425][  0]LogPackFactory: Copied "../../../Samples/StarterContent/Content/StarterContent/Materials/M_Wood_Floor_Walnut_Polished.uasset" to "../../../../../../Users/Henry/Documents/Work/IMGD4900/imgd4900/IMGD4900/Content/StarterContent/Materials/M_Wood_Floor_Walnut_Polished.uasset"
[2017.11.02-22.41.07:445][  0]LogPackFactory: Copied "../../../Samples/StarterContent/Content/StarterContent/Materials/M_Wood_Floor_Walnut_Worn.uasset" to "../../../../../../Users/Henry/Documents/Work/IMGD4900/imgd4900/IMGD4900/Content/StarterContent/Materials/M_Wood_Floor_Walnut_Worn.uasset"
[2017.11.02-22.41.07:484][  0]LogPackFactory: Copied "../../../Samples/StarterContent/Content/StarterContent/Materials/M_Wood_Oak.uasset" to "../../../../../../Users/Henry/Documents/Work/IMGD4900/imgd4900/IMGD4900/Content/StarterContent/Materials/M_Wood_Oak.uasset"
[2017.11.02-22.41.07:518][  0]LogPackFactory: Copied "../../../Samples/StarterContent/Content/StarterContent/Materials/M_Wood_Pine.uasset" to "../../../../../../Users/Henry/Documents/Work/IMGD4900/imgd4900/IMGD4900/Content/StarterContent/Materials/M_Wood_Pine.uasset"
[2017.11.02-22.41.07:550][  0]LogPackFactory: Copied "../../../Samples/StarterContent/Content/StarterContent/Materials/M_Wood_Walnut.uasset" to "../../../../../../Users/Henry/Documents/Work/IMGD4900/imgd4900/IMGD4900/Content/StarterContent/Materials/M_Wood_Walnut.uasset"
[2017.11.02-22.41.07:563][  0]LogPackFactory: Copied "../../../Samples/StarterContent/Content/StarterContent/Particles/P_Ambient_Dust.uasset" to "../../../../../../Users/Henry/Documents/Work/IMGD4900/imgd4900/IMGD4900/Content/StarterContent/Particles/P_Ambient_Dust.uasset"
[2017.11.02-22.41.07:580][  0]LogPackFactory: Copied "../../../Samples/StarterContent/Content/StarterContent/Particles/P_Explosion.uasset" to "../../../../../../Users/Henry/Documents/Work/IMGD4900/imgd4900/IMGD4900/Content/StarterContent/Particles/P_Explosion.uasset"
[2017.11.02-22.41.07:601][  0]LogPackFactory: Copied "../../../Samples/StarterContent/Content/StarterContent/Particles/P_Fire.uasset" to "../../../../../../Users/Henry/Documents/Work/IMGD4900/imgd4900/IMGD4900/Content/StarterContent/Particles/P_Fire.uasset"
[2017.11.02-22.41.07:616][  0]LogPackFactory: Copied "../../../Samples/StarterContent/Content/StarterContent/Particles/P_Smoke.uasset" to "../../../../../../Users/Henry/Documents/Work/IMGD4900/imgd4900/IMGD4900/Content/StarterContent/Particles/P_Smoke.uasset"
[2017.11.02-22.41.07:633][  0]LogPackFactory: Copied "../../../Samples/StarterContent/Content/StarterContent/Particles/P_Sparks.uasset" to "../../../../../../Users/Henry/Documents/Work/IMGD4900/imgd4900/IMGD4900/Content/StarterContent/Particles/P_Sparks.uasset"
[2017.11.02-22.41.07:654][  0]LogPackFactory: Copied "../../../Samples/StarterContent/Content/StarterContent/Particles/P_Steam_Lit.uasset" to "../../../../../../Users/Henry/Documents/Work/IMGD4900/imgd4900/IMGD4900/Content/StarterContent/Particles/P_Steam_Lit.uasset"
[2017.11.02-22.41.07:669][  0]LogPackFactory: Copied "../../../Samples/StarterContent/Content/StarterContent/Particles/Materials/M_Burst.uasset" to "../../../../../../Users/Henry/Documents/Work/IMGD4900/imgd4900/IMGD4900/Content/StarterContent/Particles/Materials/M_Burst.uasset"
[2017.11.02-22.41.07:682][  0]LogPackFactory: Copied "../../../Samples/StarterContent/Content/StarterContent/Particles/Materials/M_Dust_Particle.uasset" to "../../../../../../Users/Henry/Documents/Work/IMGD4900/imgd4900/IMGD4900/Content/StarterContent/Particles/Materials/M_Dust_Particle.uasset"
[2017.11.02-22.41.07:696][  0]LogPackFactory: Copied "../../../Samples/StarterContent/Content/StarterContent/Particles/Materials/M_explosion_subUV.uasset" to "../../../../../../Users/Henry/Documents/Work/IMGD4900/imgd4900/IMGD4900/Content/StarterContent/Particles/Materials/M_explosion_subUV.uasset"
[2017.11.02-22.41.07:714][  0]LogPackFactory: Copied "../../../Samples/StarterContent/Content/StarterContent/Particles/Materials/M_Fire_SubUV.uasset" to "../../../../../../Users/Henry/Documents/Work/IMGD4900/imgd4900/IMGD4900/Content/StarterContent/Particles/Materials/M_Fire_SubUV.uasset"
[2017.11.02-22.41.07:730][  0]LogPackFactory: Copied "../../../Samples/StarterContent/Content/StarterContent/Particles/Materials/m_flare_01.uasset" to "../../../../../../Users/Henry/Documents/Work/IMGD4900/imgd4900/IMGD4900/Content/StarterContent/Particles/Materials/m_flare_01.uasset"
[2017.11.02-22.41.07:744][  0]LogPackFactory: Copied "../../../Samples/StarterContent/Content/StarterContent/Particles/Materials/M_Heat_Distortion.uasset" to "../../../../../../Users/Henry/Documents/Work/IMGD4900/imgd4900/IMGD4900/Content/StarterContent/Particles/Materials/M_Heat_Distortion.uasset"
[2017.11.02-22.41.07:759][  0]LogPackFactory: Copied "../../../Samples/StarterContent/Content/StarterContent/Particles/Materials/M_Radial_Gradient.uasset" to "../../../../../../Users/Henry/Documents/Work/IMGD4900/imgd4900/IMGD4900/Content/StarterContent/Particles/Materials/M_Radial_Gradient.uasset"
[2017.11.02-22.41.07:768][  0]LogPackFactory: Copied "../../../Samples/StarterContent/Content/StarterContent/Particles/Materials/M_radial_ramp.uasset" to "../../../../../../Users/Henry/Documents/Work/IMGD4900/imgd4900/IMGD4900/Content/StarterContent/Particles/Materials/M_radial_ramp.uasset"
[2017.11.02-22.41.07:842][  0]LogPackFactory: Copied "../../../Samples/StarterContent/Content/StarterContent/Particles/Materials/M_smoke_subUV.uasset" to "../../../../../../Users/Henry/Documents/Work/IMGD4900/imgd4900/IMGD4900/Content/StarterContent/Particles/Materials/M_smoke_subUV.uasset"
[2017.11.02-22.41.07:860][  0]LogPackFactory: Copied "../../../Samples/StarterContent/Content/StarterContent/Particles/Materials/M_Spark.uasset" to "../../../../../../Users/Henry/Documents/Work/IMGD4900/imgd4900/IMGD4900/Content/StarterContent/Particles/Materials/M_Spark.uasset"
[2017.11.02-22.41.07:976][  0]LogPackFactory: Copied "../../../Samples/StarterContent/Content/StarterContent/Props/MaterialSphere.uasset" to "../../../../../../Users/Henry/Documents/Work/IMGD4900/imgd4900/IMGD4900/Content/StarterContent/Props/MaterialSphere.uasset"
[2017.11.02-22.41.08:051][  0]LogPackFactory: Copied "../../../Samples/StarterContent/Content/StarterContent/Props/SM_Bush.uasset" to "../../../../../../Users/Henry/Documents/Work/IMGD4900/imgd4900/IMGD4900/Content/StarterContent/Props/SM_Bush.uasset"
[2017.11.02-22.41.08:150][  0]LogPackFactory: Copied "../../../Samples/StarterContent/Content/StarterContent/Props/SM_Chair.uasset" to "../../../../../../Users/Henry/Documents/Work/IMGD4900/imgd4900/IMGD4900/Content/StarterContent/Props/SM_Chair.uasset"
[2017.11.02-22.41.08:168][  0]LogPackFactory: Copied "../../../Samples/StarterContent/Content/StarterContent/Props/SM_CornerFrame.uasset" to "../../../../../../Users/Henry/Documents/Work/IMGD4900/imgd4900/IMGD4900/Content/StarterContent/Props/SM_CornerFrame.uasset"
[2017.11.02-22.41.08:253][  0]LogPackFactory: Copied "../../../Samples/StarterContent/Content/StarterContent/Props/SM_Couch.uasset" to "../../../../../../Users/Henry/Documents/Work/IMGD4900/imgd4900/IMGD4900/Content/StarterContent/Props/SM_Couch.uasset"
[2017.11.02-22.41.08:472][  0]LogPackFactory: Copied "../../../Samples/StarterContent/Content/StarterContent/Props/SM_Door.uasset" to "../../../../../../Users/Henry/Documents/Work/IMGD4900/imgd4900/IMGD4900/Content/StarterContent/Props/SM_Door.uasset"
[2017.11.02-22.41.08:483][  0]LogPackFactory: Copied "../../../Samples/StarterContent/Content/StarterContent/Props/SM_DoorFrame.uasset" to "../../../../../../Users/Henry/Documents/Work/IMGD4900/imgd4900/IMGD4900/Content/StarterContent/Props/SM_DoorFrame.uasset"
[2017.11.02-22.41.08:496][  0]LogPackFactory: Copied "../../../Samples/StarterContent/Content/StarterContent/Props/SM_GlassWindow.uasset" to "../../../../../../Users/Henry/Documents/Work/IMGD4900/imgd4900/IMGD4900/Content/StarterContent/Props/SM_GlassWindow.uasset"
[2017.11.02-22.41.08:509][  0]LogPackFactory: Copied "../../../Samples/StarterContent/Content/StarterContent/Props/SM_Lamp_Ceiling.uasset" to "../../../../../../Users/Henry/Documents/Work/IMGD4900/imgd4900/IMGD4900/Content/StarterContent/Props/SM_Lamp_Ceiling.uasset"
[2017.11.02-22.41.08:565][  0]LogPackFactory: Copied "../../../Samples/StarterContent/Content/StarterContent/Props/SM_Lamp_Wall.uasset" to "../../../../../../Users/Henry/Documents/Work/IMGD4900/imgd4900/IMGD4900/Content/StarterContent/Props/SM_Lamp_Wall.uasset"
[2017.11.02-22.41.08:599][  0]LogPackFactory: Copied "../../../Samples/StarterContent/Content/StarterContent/Props/SM_MatPreviewMesh_02.uasset" to "../../../../../../Users/Henry/Documents/Work/IMGD4900/imgd4900/IMGD4900/Content/StarterContent/Props/SM_MatPreviewMesh_02.uasset"
[2017.11.02-22.41.08:617][  0]LogPackFactory: Copied "../../../Samples/StarterContent/Content/StarterContent/Props/SM_PillarFrame.uasset" to "../../../../../../Users/Henry/Documents/Work/IMGD4900/imgd4900/IMGD4900/Content/StarterContent/Props/SM_PillarFrame.uasset"
[2017.11.02-22.41.08:633][  0]LogPackFactory: Copied "../../../Samples/StarterContent/Content/StarterContent/Props/SM_PillarFrame300.uasset" to "../../../../../../Users/Henry/Documents/Work/IMGD4900/imgd4900/IMGD4900/Content/StarterContent/Props/SM_PillarFrame300.uasset"
[2017.11.02-22.41.08:654][  0]LogPackFactory: Copied "../../../Samples/StarterContent/Content/StarterContent/Props/SM_Rock.uasset" to "../../../../../../Users/Henry/Documents/Work/IMGD4900/imgd4900/IMGD4900/Content/StarterContent/Props/SM_Rock.uasset"
[2017.11.02-22.41.08:672][  0]LogPackFactory: Copied "../../../Samples/StarterContent/Content/StarterContent/Props/SM_Shelf.uasset" to "../../../../../../Users/Henry/Documents/Work/IMGD4900/imgd4900/IMGD4900/Content/StarterContent/Props/SM_Shelf.uasset"
[2017.11.02-22.41.08:695][  0]LogPackFactory: Copied "../../../Samples/StarterContent/Content/StarterContent/Props/SM_Stairs.uasset" to "../../../../../../Users/Henry/Documents/Work/IMGD4900/imgd4900/IMGD4900/Content/StarterContent/Props/SM_Stairs.uasset"
[2017.11.02-22.41.08:723][  0]LogPackFactory: Copied "../../../Samples/StarterContent/Content/StarterContent/Props/SM_Statue.uasset" to "../../../../../../Users/Henry/Documents/Work/IMGD4900/imgd4900/IMGD4900/Content/StarterContent/Props/SM_Statue.uasset"
[2017.11.02-22.41.08:744][  0]LogPackFactory: Copied "../../../Samples/StarterContent/Content/StarterContent/Props/SM_TableRound.uasset" to "../../../../../../Users/Henry/Documents/Work/IMGD4900/imgd4900/IMGD4900/Content/StarterContent/Props/SM_TableRound.uasset"
[2017.11.02-22.41.08:765][  0]LogPackFactory: Copied "../../../Samples/StarterContent/Content/StarterContent/Props/SM_WindowFrame.uasset" to "../../../../../../Users/Henry/Documents/Work/IMGD4900/imgd4900/IMGD4900/Content/StarterContent/Props/SM_WindowFrame.uasset"
[2017.11.02-22.41.08:784][  0]LogPackFactory: Copied "../../../Samples/StarterContent/Content/StarterContent/Props/Materials/M_Bush.uasset" to "../../../../../../Users/Henry/Documents/Work/IMGD4900/imgd4900/IMGD4900/Content/StarterContent/Props/Materials/M_Bush.uasset"
[2017.11.02-22.41.08:806][  0]LogPackFactory: Copied "../../../Samples/StarterContent/Content/StarterContent/Props/Materials/M_Chair.uasset" to "../../../../../../Users/Henry/Documents/Work/IMGD4900/imgd4900/IMGD4900/Content/StarterContent/Props/Materials/M_Chair.uasset"
[2017.11.02-22.41.08:822][  0]LogPackFactory: Copied "../../../Samples/StarterContent/Content/StarterContent/Props/Materials/M_Door.uasset" to "../../../../../../Users/Henry/Documents/Work/IMGD4900/imgd4900/IMGD4900/Content/StarterContent/Props/Materials/M_Door.uasset"
[2017.11.02-22.41.08:892][  0]LogPackFactory: Copied "../../../Samples/StarterContent/Content/StarterContent/Props/Materials/M_Frame.uasset" to "../../../../../../Users/Henry/Documents/Work/IMGD4900/imgd4900/IMGD4900/Content/StarterContent/Props/Materials/M_Frame.uasset"
[2017.11.02-22.41.08:923][  0]LogPackFactory: Copied "../../../Samples/StarterContent/Content/StarterContent/Props/Materials/M_Lamp.uasset" to "../../../../../../Users/Henry/Documents/Work/IMGD4900/imgd4900/IMGD4900/Content/StarterContent/Props/Materials/M_Lamp.uasset"
[2017.11.02-22.41.09:045][  0]LogPackFactory: Copied "../../../Samples/StarterContent/Content/StarterContent/Props/Materials/M_MaterialSphere.uasset" to "../../../../../../Users/Henry/Documents/Work/IMGD4900/imgd4900/IMGD4900/Content/StarterContent/Props/Materials/M_MaterialSphere.uasset"
[2017.11.02-22.41.09:083][  0]LogPackFactory: Copied "../../../Samples/StarterContent/Content/StarterContent/Props/Materials/M_MaterialSphere_Plain.uasset" to "../../../../../../Users/Henry/Documents/Work/IMGD4900/imgd4900/IMGD4900/Content/StarterContent/Props/Materials/M_MaterialSphere_Plain.uasset"
[2017.11.02-22.41.09:153][  0]LogPackFactory: Copied "../../../Samples/StarterContent/Content/StarterContent/Props/Materials/M_Rock.uasset" to "../../../../../../Users/Henry/Documents/Work/IMGD4900/imgd4900/IMGD4900/Content/StarterContent/Props/Materials/M_Rock.uasset"
[2017.11.02-22.41.09:169][  0]LogPackFactory: Copied "../../../Samples/StarterContent/Content/StarterContent/Props/Materials/M_Shelf.uasset" to "../../../../../../Users/Henry/Documents/Work/IMGD4900/imgd4900/IMGD4900/Content/StarterContent/Props/Materials/M_Shelf.uasset"
[2017.11.02-22.41.09:190][  0]LogPackFactory: Copied "../../../Samples/StarterContent/Content/StarterContent/Props/Materials/M_Statue.uasset" to "../../../../../../Users/Henry/Documents/Work/IMGD4900/imgd4900/IMGD4900/Content/StarterContent/Props/Materials/M_Statue.uasset"
[2017.11.02-22.41.09:203][  0]LogPackFactory: Copied "../../../Samples/StarterContent/Content/StarterContent/Props/Materials/M_StatueGlass.uasset" to "../../../../../../Users/Henry/Documents/Work/IMGD4900/imgd4900/IMGD4900/Content/StarterContent/Props/Materials/M_StatueGlass.uasset"
[2017.11.02-22.41.09:225][  0]LogPackFactory: Copied "../../../Samples/StarterContent/Content/StarterContent/Props/Materials/M_TableRound.uasset" to "../../../../../../Users/Henry/Documents/Work/IMGD4900/imgd4900/IMGD4900/Content/StarterContent/Props/Materials/M_TableRound.uasset"
[2017.11.02-22.41.09:242][  0]LogPackFactory: Copied "../../../Samples/StarterContent/Content/StarterContent/Shapes/Shape_Cone.uasset" to "../../../../../../Users/Henry/Documents/Work/IMGD4900/imgd4900/IMGD4900/Content/StarterContent/Shapes/Shape_Cone.uasset"
[2017.11.02-22.41.09:267][  0]LogPackFactory: Copied "../../../Samples/StarterContent/Content/StarterContent/Shapes/Shape_Cube.uasset" to "../../../../../../Users/Henry/Documents/Work/IMGD4900/imgd4900/IMGD4900/Content/StarterContent/Shapes/Shape_Cube.uasset"
[2017.11.02-22.41.09:287][  0]LogPackFactory: Copied "../../../Samples/StarterContent/Content/StarterContent/Shapes/Shape_Cylinder.uasset" to "../../../../../../Users/Henry/Documents/Work/IMGD4900/imgd4900/IMGD4900/Content/StarterContent/Shapes/Shape_Cylinder.uasset"
[2017.11.02-22.41.09:320][  0]LogPackFactory: Copied "../../../Samples/StarterContent/Content/StarterContent/Shapes/Shape_NarrowCapsule.uasset" to "../../../../../../Users/Henry/Documents/Work/IMGD4900/imgd4900/IMGD4900/Content/StarterContent/Shapes/Shape_NarrowCapsule.uasset"
[2017.11.02-22.41.09:406][  0]LogPackFactory: Copied "../../../Samples/StarterContent/Content/StarterContent/Shapes/Shape_Pipe.uasset" to "../../../../../../Users/Henry/Documents/Work/IMGD4900/imgd4900/IMGD4900/Content/StarterContent/Shapes/Shape_Pipe.uasset"
[2017.11.02-22.41.09:536][  0]LogPackFactory: Copied "../../../Samples/StarterContent/Content/StarterContent/Shapes/Shape_Pipe_180.uasset" to "../../../../../../Users/Henry/Documents/Work/IMGD4900/imgd4900/IMGD4900/Content/StarterContent/Shapes/Shape_Pipe_180.uasset"
[2017.11.02-22.41.09:552][  0]LogPackFactory: Copied "../../../Samples/StarterContent/Content/StarterContent/Shapes/Shape_Pipe_90.uasset" to "../../../../../../Users/Henry/Documents/Work/IMGD4900/imgd4900/IMGD4900/Content/StarterContent/Shapes/Shape_Pipe_90.uasset"
[2017.11.02-22.41.09:563][  0]LogPackFactory: Copied "../../../Samples/StarterContent/Content/StarterContent/Shapes/Shape_Plane.uasset" to "../../../../../../Users/Henry/Documents/Work/IMGD4900/imgd4900/IMGD4900/Content/StarterContent/Shapes/Shape_Plane.uasset"
[2017.11.02-22.41.09:600][  0]LogPackFactory: Copied "../../../Samples/StarterContent/Content/StarterContent/Shapes/Shape_QuadPyramid.uasset" to "../../../../../../Users/Henry/Documents/Work/IMGD4900/imgd4900/IMGD4900/Content/StarterContent/Shapes/Shape_QuadPyramid.uasset"
[2017.11.02-22.41.09:678][  0]LogPackFactory: Copied "../../../Samples/StarterContent/Content/StarterContent/Shapes/Shape_Sphere.uasset" to "../../../../../../Users/Henry/Documents/Work/IMGD4900/imgd4900/IMGD4900/Content/StarterContent/Shapes/Shape_Sphere.uasset"
[2017.11.02-22.41.09:702][  0]LogPackFactory: Copied "../../../Samples/StarterContent/Content/StarterContent/Shapes/Shape_Torus.uasset" to "../../../../../../Users/Henry/Documents/Work/IMGD4900/imgd4900/IMGD4900/Content/StarterContent/Shapes/Shape_Torus.uasset"
[2017.11.02-22.41.09:716][  0]LogPackFactory: Copied "../../../Samples/StarterContent/Content/StarterContent/Shapes/Shape_Trim.uasset" to "../../../../../../Users/Henry/Documents/Work/IMGD4900/imgd4900/IMGD4900/Content/StarterContent/Shapes/Shape_Trim.uasset"
[2017.11.02-22.41.09:734][  0]LogPackFactory: Copied "../../../Samples/StarterContent/Content/StarterContent/Shapes/Shape_Trim_90_In.uasset" to "../../../../../../Users/Henry/Documents/Work/IMGD4900/imgd4900/IMGD4900/Content/StarterContent/Shapes/Shape_Trim_90_In.uasset"
[2017.11.02-22.41.09:751][  0]LogPackFactory: Copied "../../../Samples/StarterContent/Content/StarterContent/Shapes/Shape_Trim_90_Out.uasset" to "../../../../../../Users/Henry/Documents/Work/IMGD4900/imgd4900/IMGD4900/Content/StarterContent/Shapes/Shape_Trim_90_Out.uasset"
[2017.11.02-22.41.09:770][  0]LogPackFactory: Copied "../../../Samples/StarterContent/Content/StarterContent/Shapes/Shape_TriPyramid.uasset" to "../../../../../../Users/Henry/Documents/Work/IMGD4900/imgd4900/IMGD4900/Content/StarterContent/Shapes/Shape_TriPyramid.uasset"
[2017.11.02-22.41.09:786][  0]LogPackFactory: Copied "../../../Samples/StarterContent/Content/StarterContent/Shapes/Shape_Tube.uasset" to "../../../../../../Users/Henry/Documents/Work/IMGD4900/imgd4900/IMGD4900/Content/StarterContent/Shapes/Shape_Tube.uasset"
[2017.11.02-22.41.09:806][  0]LogPackFactory: Copied "../../../Samples/StarterContent/Content/StarterContent/Shapes/Shape_Wedge_A.uasset" to "../../../../../../Users/Henry/Documents/Work/IMGD4900/imgd4900/IMGD4900/Content/StarterContent/Shapes/Shape_Wedge_A.uasset"
[2017.11.02-22.41.09:826][  0]LogPackFactory: Copied "../../../Samples/StarterContent/Content/StarterContent/Shapes/Shape_Wedge_B.uasset" to "../../../../../../Users/Henry/Documents/Work/IMGD4900/imgd4900/IMGD4900/Content/StarterContent/Shapes/Shape_Wedge_B.uasset"
[2017.11.02-22.41.09:846][  0]LogPackFactory: Copied "../../../Samples/StarterContent/Content/StarterContent/Shapes/Shape_WideCapsule.uasset" to "../../../../../../Users/Henry/Documents/Work/IMGD4900/imgd4900/IMGD4900/Content/StarterContent/Shapes/Shape_WideCapsule.uasset"
[2017.11.02-22.41.09:934][  0]LogPackFactory: Copied "../../../Samples/StarterContent/Content/StarterContent/Textures/T_Brick_Clay_Beveled_D.uasset" to "../../../../../../Users/Henry/Documents/Work/IMGD4900/imgd4900/IMGD4900/Content/StarterContent/Textures/T_Brick_Clay_Beveled_D.uasset"
[2017.11.02-22.41.10:124][  0]LogPackFactory: Copied "../../../Samples/StarterContent/Content/StarterContent/Textures/T_Brick_Clay_Beveled_M.uasset" to "../../../../../../Users/Henry/Documents/Work/IMGD4900/imgd4900/IMGD4900/Content/StarterContent/Textures/T_Brick_Clay_Beveled_M.uasset"
[2017.11.02-22.41.10:259][  0]LogPackFactory: Copied "../../../Samples/StarterContent/Content/StarterContent/Textures/T_Brick_Clay_Beveled_N.uasset" to "../../../../../../Users/Henry/Documents/Work/IMGD4900/imgd4900/IMGD4900/Content/StarterContent/Textures/T_Brick_Clay_Beveled_N.uasset"
[2017.11.02-22.41.10:851][  0]LogPackFactory: Copied "../../../Samples/StarterContent/Content/StarterContent/Textures/T_Brick_Clay_New_D.uasset" to "../../../../../../Users/Henry/Documents/Work/IMGD4900/imgd4900/IMGD4900/Content/StarterContent/Textures/T_Brick_Clay_New_D.uasset"
[2017.11.02-22.41.11:546][  0]LogPackFactory: Copied "../../../Samples/StarterContent/Content/StarterContent/Textures/T_Brick_Clay_New_M.uasset" to "../../../../../../Users/Henry/Documents/Work/IMGD4900/imgd4900/IMGD4900/Content/StarterContent/Textures/T_Brick_Clay_New_M.uasset"
[2017.11.02-22.41.11:659][  0]LogPackFactory: Copied "../../../Samples/StarterContent/Content/StarterContent/Textures/T_Brick_Clay_New_N.uasset" to "../../../../../../Users/Henry/Documents/Work/IMGD4900/imgd4900/IMGD4900/Content/StarterContent/Textures/T_Brick_Clay_New_N.uasset"
[2017.11.02-22.41.11:787][  0]LogPackFactory: Copied "../../../Samples/StarterContent/Content/StarterContent/Textures/T_Brick_Clay_Old_D.uasset" to "../../../../../../Users/Henry/Documents/Work/IMGD4900/imgd4900/IMGD4900/Content/StarterContent/Textures/T_Brick_Clay_Old_D.uasset"
[2017.11.02-22.41.11:858][  0]LogPackFactory: Copied "../../../Samples/StarterContent/Content/StarterContent/Textures/T_Brick_Clay_Old_N.uasset" to "../../../../../../Users/Henry/Documents/Work/IMGD4900/imgd4900/IMGD4900/Content/StarterContent/Textures/T_Brick_Clay_Old_N.uasset"
[2017.11.02-22.41.14:694][  0]LogPackFactory: Copied "../../../Samples/StarterContent/Content/StarterContent/Textures/T_Brick_Cut_Stone_D.uasset" to "../../../../../../Users/Henry/Documents/Work/IMGD4900/imgd4900/IMGD4900/Content/StarterContent/Textures/T_Brick_Cut_Stone_D.uasset"
[2017.11.02-22.41.15:237][  0]LogPackFactory: Copied "../../../Samples/StarterContent/Content/StarterContent/Textures/T_Brick_Cut_Stone_N.uasset" to "../../../../../../Users/Henry/Documents/Work/IMGD4900/imgd4900/IMGD4900/Content/StarterContent/Textures/T_Brick_Cut_Stone_N.uasset"
[2017.11.02-22.41.15:308][  0]LogPackFactory: Copied "../../../Samples/StarterContent/Content/StarterContent/Textures/T_Brick_Hewn_Stone_D.uasset" to "../../../../../../Users/Henry/Documents/Work/IMGD4900/imgd4900/IMGD4900/Content/StarterContent/Textures/T_Brick_Hewn_Stone_D.uasset"
[2017.11.02-22.41.15:381][  0]LogPackFactory: Copied "../../../Samples/StarterContent/Content/StarterContent/Textures/T_Brick_Hewn_Stone_M.uasset" to "../../../../../../Users/Henry/Documents/Work/IMGD4900/imgd4900/IMGD4900/Content/StarterContent/Textures/T_Brick_Hewn_Stone_M.uasset"
[2017.11.02-22.41.15:676][  0]LogPackFactory: Copied "../../../Samples/StarterContent/Content/StarterContent/Textures/T_Brick_Hewn_Stone_N.uasset" to "../../../../../../Users/Henry/Documents/Work/IMGD4900/imgd4900/IMGD4900/Content/StarterContent/Textures/T_Brick_Hewn_Stone_N.uasset"
[2017.11.02-22.41.15:724][  0]LogPackFactory: Copied "../../../Samples/StarterContent/Content/StarterContent/Textures/T_Burst_M.uasset" to "../../../../../../Users/Henry/Documents/Work/IMGD4900/imgd4900/IMGD4900/Content/StarterContent/Textures/T_Burst_M.uasset"
[2017.11.02-22.41.15:741][  0]LogPackFactory: Copied "../../../Samples/StarterContent/Content/StarterContent/Textures/T_Bush_D.uasset" to "../../../../../../Users/Henry/Documents/Work/IMGD4900/imgd4900/IMGD4900/Content/StarterContent/Textures/T_Bush_D.uasset"
[2017.11.02-22.41.15:762][  0]LogPackFactory: Copied "../../../Samples/StarterContent/Content/StarterContent/Textures/T_Bush_N.uasset" to "../../../../../../Users/Henry/Documents/Work/IMGD4900/imgd4900/IMGD4900/Content/StarterContent/Textures/T_Bush_N.uasset"
[2017.11.02-22.41.15:782][  0]LogPackFactory: Copied "../../../Samples/StarterContent/Content/StarterContent/Textures/T_Ceramic_Tile_M.uasset" to "../../../../../../Users/Henry/Documents/Work/IMGD4900/imgd4900/IMGD4900/Content/StarterContent/Textures/T_Ceramic_Tile_M.uasset"
[2017.11.02-22.41.15:796][  0]LogPackFactory: Copied "../../../Samples/StarterContent/Content/StarterContent/Textures/T_Ceramic_Tile_N.uasset" to "../../../../../../Users/Henry/Documents/Work/IMGD4900/imgd4900/IMGD4900/Content/StarterContent/Textures/T_Ceramic_Tile_N.uasset"
[2017.11.02-22.41.15:815][  0]LogPackFactory: Copied "../../../Samples/StarterContent/Content/StarterContent/Textures/T_Chair_M.uasset" to "../../../../../../Users/Henry/Documents/Work/IMGD4900/imgd4900/IMGD4900/Content/StarterContent/Textures/T_Chair_M.uasset"
[2017.11.02-22.41.15:852][  0]LogPackFactory: Copied "../../../Samples/StarterContent/Content/StarterContent/Textures/T_Chair_N.uasset" to "../../../../../../Users/Henry/Documents/Work/IMGD4900/imgd4900/IMGD4900/Content/StarterContent/Textures/T_Chair_N.uasset"
[2017.11.02-22.41.15:875][  0]LogPackFactory: Copied "../../../Samples/StarterContent/Content/StarterContent/Textures/T_Checker_Noise_M.uasset" to "../../../../../../Users/Henry/Documents/Work/IMGD4900/imgd4900/IMGD4900/Content/StarterContent/Textures/T_Checker_Noise_M.uasset"
[2017.11.02-22.41.16:060][  0]LogPackFactory: Copied "../../../Samples/StarterContent/Content/StarterContent/Textures/T_CobbleStone_Pebble_D.uasset" to "../../../../../../Users/Henry/Documents/Work/IMGD4900/imgd4900/IMGD4900/Content/StarterContent/Textures/T_CobbleStone_Pebble_D.uasset"
[2017.11.02-22.41.16:093][  0]LogPackFactory: Copied "../../../Samples/StarterContent/Content/StarterContent/Textures/T_CobbleStone_Pebble_M.uasset" to "../../../../../../Users/Henry/Documents/Work/IMGD4900/imgd4900/IMGD4900/Content/StarterContent/Textures/T_CobbleStone_Pebble_M.uasset"
[2017.11.02-22.41.16:208][  0]LogPackFactory: Copied "../../../Samples/StarterContent/Content/StarterContent/Textures/T_CobbleStone_Pebble_N.uasset" to "../../../../../../Users/Henry/Documents/Work/IMGD4900/imgd4900/IMGD4900/Content/StarterContent/Textures/T_CobbleStone_Pebble_N.uasset"
[2017.11.02-22.41.16:250][  0]LogPackFactory: Copied "../../../Samples/StarterContent/Content/StarterContent/Textures/T_CobbleStone_Rough_D.uasset" to "../../../../../../Users/Henry/Documents/Work/IMGD4900/imgd4900/IMGD4900/Content/StarterContent/Textures/T_CobbleStone_Rough_D.uasset"
[2017.11.02-22.41.16:330][  0]LogPackFactory: Copied "../../../Samples/StarterContent/Content/StarterContent/Textures/T_CobbleStone_Rough_N.uasset" to "../../../../../../Users/Henry/Documents/Work/IMGD4900/imgd4900/IMGD4900/Content/StarterContent/Textures/T_CobbleStone_Rough_N.uasset"
[2017.11.02-22.41.16:404][  0]LogPackFactory: Copied "../../../Samples/StarterContent/Content/StarterContent/Textures/T_CobbleStone_Smooth_D.uasset" to "../../../../../../Users/Henry/Documents/Work/IMGD4900/imgd4900/IMGD4900/Content/StarterContent/Textures/T_CobbleStone_Smooth_D.uasset"
[2017.11.02-22.41.16:464][  0]LogPackFactory: Copied "../../../Samples/StarterContent/Content/StarterContent/Textures/T_CobbleStone_Smooth_M.uasset" to "../../../../../../Users/Henry/Documents/Work/IMGD4900/imgd4900/IMGD4900/Content/StarterContent/Textures/T_CobbleStone_Smooth_M.uasset"
[2017.11.02-22.41.16:546][  0]LogPackFactory: Copied "../../../Samples/StarterContent/Content/StarterContent/Textures/T_CobbleStone_Smooth_N.uasset" to "../../../../../../Users/Henry/Documents/Work/IMGD4900/imgd4900/IMGD4900/Content/StarterContent/Textures/T_CobbleStone_Smooth_N.uasset"
[2017.11.02-22.41.16:680][  0]LogPackFactory: Copied "../../../Samples/StarterContent/Content/StarterContent/Textures/T_Concrete_Grime_D.uasset" to "../../../../../../Users/Henry/Documents/Work/IMGD4900/imgd4900/IMGD4900/Content/StarterContent/Textures/T_Concrete_Grime_D.uasset"
[2017.11.02-22.41.19:209][  0]LogPackFactory: Copied "../../../Samples/StarterContent/Content/StarterContent/Textures/T_Concrete_Panels_D.uasset" to "../../../../../../Users/Henry/Documents/Work/IMGD4900/imgd4900/IMGD4900/Content/StarterContent/Textures/T_Concrete_Panels_D.uasset"
[2017.11.02-22.41.22:513][  0]LogPackFactory: Copied "../../../Samples/StarterContent/Content/StarterContent/Textures/T_Concrete_Panels_N.uasset" to "../../../../../../Users/Henry/Documents/Work/IMGD4900/imgd4900/IMGD4900/Content/StarterContent/Textures/T_Concrete_Panels_N.uasset"
[2017.11.02-22.41.22:632][  0]LogPackFactory: Copied "../../../Samples/StarterContent/Content/StarterContent/Textures/T_Concrete_Poured_D.uasset" to "../../../../../../Users/Henry/Documents/Work/IMGD4900/imgd4900/IMGD4900/Content/StarterContent/Textures/T_Concrete_Poured_D.uasset"
[2017.11.02-22.41.22:918][  0]LogPackFactory: Copied "../../../Samples/StarterContent/Content/StarterContent/Textures/T_Concrete_Poured_N.uasset" to "../../../../../../Users/Henry/Documents/Work/IMGD4900/imgd4900/IMGD4900/Content/StarterContent/Textures/T_Concrete_Poured_N.uasset"
[2017.11.02-22.41.22:974][  0]LogPackFactory: Copied "../../../Samples/StarterContent/Content/StarterContent/Textures/T_Concrete_Tiles_D.uasset" to "../../../../../../Users/Henry/Documents/Work/IMGD4900/imgd4900/IMGD4900/Content/StarterContent/Textures/T_Concrete_Tiles_D.uasset"
[2017.11.02-22.41.23:038][  0]LogPackFactory: Copied "../../../Samples/StarterContent/Content/StarterContent/Textures/T_Concrete_Tiles_M.uasset" to "../../../../../../Users/Henry/Documents/Work/IMGD4900/imgd4900/IMGD4900/Content/StarterContent/Textures/T_Concrete_Tiles_M.uasset"
[2017.11.02-22.41.23:112][  0]LogPackFactory: Copied "../../../Samples/StarterContent/Content/StarterContent/Textures/T_Concrete_Tiles_N.uasset" to "../../../../../../Users/Henry/Documents/Work/IMGD4900/imgd4900/IMGD4900/Content/StarterContent/Textures/T_Concrete_Tiles_N.uasset"
[2017.11.02-22.41.23:168][  0]LogPackFactory: Copied "../../../Samples/StarterContent/Content/StarterContent/Textures/T_Concrete_Tiles_Variation_M.uasset" to "../../../../../../Users/Henry/Documents/Work/IMGD4900/imgd4900/IMGD4900/Content/StarterContent/Textures/T_Concrete_Tiles_Variation_M.uasset"
[2017.11.02-22.41.23:209][  0]LogPackFactory: Copied "../../../Samples/StarterContent/Content/StarterContent/Textures/T_Detail_Rocky_N.uasset" to "../../../../../../Users/Henry/Documents/Work/IMGD4900/imgd4900/IMGD4900/Content/StarterContent/Textures/T_Detail_Rocky_N.uasset"
[2017.11.02-22.41.23:254][  0]LogPackFactory: Copied "../../../Samples/StarterContent/Content/StarterContent/Textures/T_Door_M.uasset" to "../../../../../../Users/Henry/Documents/Work/IMGD4900/imgd4900/IMGD4900/Content/StarterContent/Textures/T_Door_M.uasset"
[2017.11.02-22.41.23:279][  0]LogPackFactory: Copied "../../../Samples/StarterContent/Content/StarterContent/Textures/T_Door_N.uasset" to "../../../../../../Users/Henry/Documents/Work/IMGD4900/imgd4900/IMGD4900/Content/StarterContent/Textures/T_Door_N.uasset"
[2017.11.02-22.41.23:293][  0]LogPackFactory: Copied "../../../Samples/StarterContent/Content/StarterContent/Textures/T_Dust_Particle_D.uasset" to "../../../../../../Users/Henry/Documents/Work/IMGD4900/imgd4900/IMGD4900/Content/StarterContent/Textures/T_Dust_Particle_D.uasset"
[2017.11.02-22.41.23:339][  0]LogPackFactory: Copied "../../../Samples/StarterContent/Content/StarterContent/Textures/T_Explosion_SubUV.uasset" to "../../../../../../Users/Henry/Documents/Work/IMGD4900/imgd4900/IMGD4900/Content/StarterContent/Textures/T_Explosion_SubUV.uasset"
[2017.11.02-22.41.23:356][  0]LogPackFactory: Copied "../../../Samples/StarterContent/Content/StarterContent/Textures/T_Fire_SubUV.uasset" to "../../../../../../Users/Henry/Documents/Work/IMGD4900/imgd4900/IMGD4900/Content/StarterContent/Textures/T_Fire_SubUV.uasset"
[2017.11.02-22.41.23:377][  0]LogPackFactory: Copied "../../../Samples/StarterContent/Content/StarterContent/Textures/T_Fire_Tiled_D.uasset" to "../../../../../../Users/Henry/Documents/Work/IMGD4900/imgd4900/IMGD4900/Content/StarterContent/Textures/T_Fire_Tiled_D.uasset"
[2017.11.02-22.41.23:396][  0]LogPackFactory: Copied "../../../Samples/StarterContent/Content/StarterContent/Textures/T_Frame_M.uasset" to "../../../../../../Users/Henry/Documents/Work/IMGD4900/imgd4900/IMGD4900/Content/StarterContent/Textures/T_Frame_M.uasset"
[2017.11.02-22.41.23:419][  0]LogPackFactory: Copied "../../../Samples/StarterContent/Content/StarterContent/Textures/T_Frame_N.uasset" to "../../../../../../Users/Henry/Documents/Work/IMGD4900/imgd4900/IMGD4900/Content/StarterContent/Textures/T_Frame_N.uasset"
[2017.11.02-22.41.23:434][  0]LogPackFactory: Copied "../../../Samples/StarterContent/Content/StarterContent/Textures/T_Gradinet_01.uasset" to "../../../../../../Users/Henry/Documents/Work/IMGD4900/imgd4900/IMGD4900/Content/StarterContent/Textures/T_Gradinet_01.uasset"
[2017.11.02-22.41.23:593][  0]LogPackFactory: Copied "../../../Samples/StarterContent/Content/StarterContent/Textures/T_Ground_Grass_D.uasset" to "../../../../../../Users/Henry/Documents/Work/IMGD4900/imgd4900/IMGD4900/Content/StarterContent/Textures/T_Ground_Grass_D.uasset"
[2017.11.02-22.41.23:732][  0]LogPackFactory: Copied "../../../Samples/StarterContent/Content/StarterContent/Textures/T_Ground_Grass_N.uasset" to "../../../../../../Users/Henry/Documents/Work/IMGD4900/imgd4900/IMGD4900/Content/StarterContent/Textures/T_Ground_Grass_N.uasset"
[2017.11.02-22.41.23:832][  0]LogPackFactory: Copied "../../../Samples/StarterContent/Content/StarterContent/Textures/T_Ground_Gravel_D.uasset" to "../../../../../../Users/Henry/Documents/Work/IMGD4900/imgd4900/IMGD4900/Content/StarterContent/Textures/T_Ground_Gravel_D.uasset"
[2017.11.02-22.41.23:908][  0]LogPackFactory: Copied "../../../Samples/StarterContent/Content/StarterContent/Textures/T_Ground_Gravel_N.uasset" to "../../../../../../Users/Henry/Documents/Work/IMGD4900/imgd4900/IMGD4900/Content/StarterContent/Textures/T_Ground_Gravel_N.uasset"
[2017.11.02-22.41.27:655][  0]LogPackFactory: Copied "../../../Samples/StarterContent/Content/StarterContent/Textures/T_ground_Moss_D.uasset" to "../../../../../../Users/Henry/Documents/Work/IMGD4900/imgd4900/IMGD4900/Content/StarterContent/Textures/T_ground_Moss_D.uasset"
[2017.11.02-22.41.27:826][  0]LogPackFactory: Copied "../../../Samples/StarterContent/Content/StarterContent/Textures/T_Ground_Moss_N.uasset" to "../../../../../../Users/Henry/Documents/Work/IMGD4900/imgd4900/IMGD4900/Content/StarterContent/Textures/T_Ground_Moss_N.uasset"
[2017.11.02-22.41.27:848][  0]LogPackFactory: Copied "../../../Samples/StarterContent/Content/StarterContent/Textures/T_Lamp_M.uasset" to "../../../../../../Users/Henry/Documents/Work/IMGD4900/imgd4900/IMGD4900/Content/StarterContent/Textures/T_Lamp_M.uasset"
[2017.11.02-22.41.27:882][  0]LogPackFactory: Copied "../../../Samples/StarterContent/Content/StarterContent/Textures/T_Lamp_N.uasset" to "../../../../../../Users/Henry/Documents/Work/IMGD4900/imgd4900/IMGD4900/Content/StarterContent/Textures/T_Lamp_N.uasset"
[2017.11.02-22.41.27:991][  0]LogPackFactory: Copied "../../../Samples/StarterContent/Content/StarterContent/Textures/T_MacroVariation.uasset" to "../../../../../../Users/Henry/Documents/Work/IMGD4900/imgd4900/IMGD4900/Content/StarterContent/Textures/T_MacroVariation.uasset"
[2017.11.02-22.41.28:120][  0]LogPackFactory: Copied "../../../Samples/StarterContent/Content/StarterContent/Textures/T_Metal_Aluminum_D.uasset" to "../../../../../../Users/Henry/Documents/Work/IMGD4900/imgd4900/IMGD4900/Content/StarterContent/Textures/T_Metal_Aluminum_D.uasset"
[2017.11.02-22.41.28:204][  0]LogPackFactory: Copied "../../../Samples/StarterContent/Content/StarterContent/Textures/T_Metal_Copper_D.uasset" to "../../../../../../Users/Henry/Documents/Work/IMGD4900/imgd4900/IMGD4900/Content/StarterContent/Textures/T_Metal_Copper_D.uasset"
[2017.11.02-22.41.28:285][  0]LogPackFactory: Copied "../../../Samples/StarterContent/Content/StarterContent/Textures/T_Metal_Gold_D.uasset" to "../../../../../../Users/Henry/Documents/Work/IMGD4900/imgd4900/IMGD4900/Content/StarterContent/Textures/T_Metal_Gold_D.uasset"
[2017.11.02-22.41.28:319][  0]LogPackFactory: Copied "../../../Samples/StarterContent/Content/StarterContent/Textures/T_Metal_Gold_N.uasset" to "../../../../../../Users/Henry/Documents/Work/IMGD4900/imgd4900/IMGD4900/Content/StarterContent/Textures/T_Metal_Gold_N.uasset"
[2017.11.02-22.41.28:440][  0]LogPackFactory: Copied "../../../Samples/StarterContent/Content/StarterContent/Textures/T_Metal_Rust_D.uasset" to "../../../../../../Users/Henry/Documents/Work/IMGD4900/imgd4900/IMGD4900/Content/StarterContent/Textures/T_Metal_Rust_D.uasset"
[2017.11.02-22.41.28:779][  0]LogPackFactory: Copied "../../../Samples/StarterContent/Content/StarterContent/Textures/T_Metal_Rust_N.uasset" to "../../../../../../Users/Henry/Documents/Work/IMGD4900/imgd4900/IMGD4900/Content/StarterContent/Textures/T_Metal_Rust_N.uasset"
[2017.11.02-22.41.28:821][  0]LogPackFactory: Copied "../../../Samples/StarterContent/Content/StarterContent/Textures/T_Metal_Steel_D.uasset" to "../../../../../../Users/Henry/Documents/Work/IMGD4900/imgd4900/IMGD4900/Content/StarterContent/Textures/T_Metal_Steel_D.uasset"
[2017.11.02-22.41.28:875][  0]LogPackFactory: Copied "../../../Samples/StarterContent/Content/StarterContent/Textures/T_Metal_Steel_N.uasset" to "../../../../../../Users/Henry/Documents/Work/IMGD4900/imgd4900/IMGD4900/Content/StarterContent/Textures/T_Metal_Steel_N.uasset"
[2017.11.02-22.41.28:984][  0]LogPackFactory: Copied "../../../Samples/StarterContent/Content/StarterContent/Textures/T_Perlin_Noise_M.uasset" to "../../../../../../Users/Henry/Documents/Work/IMGD4900/imgd4900/IMGD4900/Content/StarterContent/Textures/T_Perlin_Noise_M.uasset"
[2017.11.02-22.41.29:048][  0]LogPackFactory: Copied "../../../Samples/StarterContent/Content/StarterContent/Textures/T_RockMesh_M.uasset" to "../../../../../../Users/Henry/Documents/Work/IMGD4900/imgd4900/IMGD4900/Content/StarterContent/Textures/T_RockMesh_M.uasset"
[2017.11.02-22.41.29:103][  0]LogPackFactory: Copied "../../../Samples/StarterContent/Content/StarterContent/Textures/T_RockMesh_N.uasset" to "../../../../../../Users/Henry/Documents/Work/IMGD4900/imgd4900/IMGD4900/Content/StarterContent/Textures/T_RockMesh_N.uasset"
[2017.11.02-22.41.29:198][  0]LogPackFactory: Copied "../../../Samples/StarterContent/Content/StarterContent/Textures/T_Rock_Basalt_D.uasset" to "../../../../../../Users/Henry/Documents/Work/IMGD4900/imgd4900/IMGD4900/Content/StarterContent/Textures/T_Rock_Basalt_D.uasset"
[2017.11.02-22.41.29:486][  0]LogPackFactory: Copied "../../../Samples/StarterContent/Content/StarterContent/Textures/T_Rock_Basalt_N.uasset" to "../../../../../../Users/Henry/Documents/Work/IMGD4900/imgd4900/IMGD4900/Content/StarterContent/Textures/T_Rock_Basalt_N.uasset"
[2017.11.02-22.41.29:548][  0]LogPackFactory: Copied "../../../Samples/StarterContent/Content/StarterContent/Textures/T_Rock_Marble_Polished_D.uasset" to "../../../../../../Users/Henry/Documents/Work/IMGD4900/imgd4900/IMGD4900/Content/StarterContent/Textures/T_Rock_Marble_Polished_D.uasset"
[2017.11.02-22.41.29:672][  0]LogPackFactory: Copied "../../../Samples/StarterContent/Content/StarterContent/Textures/T_Rock_Sandstone_D.uasset" to "../../../../../../Users/Henry/Documents/Work/IMGD4900/imgd4900/IMGD4900/Content/StarterContent/Textures/T_Rock_Sandstone_D.uasset"
[2017.11.02-22.41.29:754][  0]LogPackFactory: Copied "../../../Samples/StarterContent/Content/StarterContent/Textures/T_Rock_Sandstone_N.uasset" to "../../../../../../Users/Henry/Documents/Work/IMGD4900/imgd4900/IMGD4900/Content/StarterContent/Textures/T_Rock_Sandstone_N.uasset"
[2017.11.02-22.41.34:654][  0]LogPackFactory: Copied "../../../Samples/StarterContent/Content/StarterContent/Textures/T_Rock_Slate_D.uasset" to "../../../../../../Users/Henry/Documents/Work/IMGD4900/imgd4900/IMGD4900/Content/StarterContent/Textures/T_Rock_Slate_D.uasset"
[2017.11.02-22.41.36:389][  0]LogPackFactory: Copied "../../../Samples/StarterContent/Content/StarterContent/Textures/T_Rock_Slate_N.uasset" to "../../../../../../Users/Henry/Documents/Work/IMGD4900/imgd4900/IMGD4900/Content/StarterContent/Textures/T_Rock_Slate_N.uasset"
[2017.11.02-22.41.37:009][  0]LogPackFactory: Copied "../../../Samples/StarterContent/Content/StarterContent/Textures/T_Rock_Smooth_Granite_D.uasset" to "../../../../../../Users/Henry/Documents/Work/IMGD4900/imgd4900/IMGD4900/Content/StarterContent/Textures/T_Rock_Smooth_Granite_D.uasset"
[2017.11.02-22.41.37:040][  0]LogPackFactory: Copied "../../../Samples/StarterContent/Content/StarterContent/Textures/T_Shelf_M.uasset" to "../../../../../../Users/Henry/Documents/Work/IMGD4900/imgd4900/IMGD4900/Content/StarterContent/Textures/T_Shelf_M.uasset"
[2017.11.02-22.41.37:104][  0]LogPackFactory: Copied "../../../Samples/StarterContent/Content/StarterContent/Textures/T_Shelf_N.uasset" to "../../../../../../Users/Henry/Documents/Work/IMGD4900/imgd4900/IMGD4900/Content/StarterContent/Textures/T_Shelf_N.uasset"
[2017.11.02-22.41.37:120][  0]LogPackFactory: Copied "../../../Samples/StarterContent/Content/StarterContent/Textures/T_Single_Tile_N.uasset" to "../../../../../../Users/Henry/Documents/Work/IMGD4900/imgd4900/IMGD4900/Content/StarterContent/Textures/T_Single_Tile_N.uasset"
[2017.11.02-22.41.37:314][  0]LogPackFactory: Copied "../../../Samples/StarterContent/Content/StarterContent/Textures/T_Smoke_SubUV.uasset" to "../../../../../../Users/Henry/Documents/Work/IMGD4900/imgd4900/IMGD4900/Content/StarterContent/Textures/T_Smoke_SubUV.uasset"
[2017.11.02-22.41.37:361][  0]LogPackFactory: Copied "../../../Samples/StarterContent/Content/StarterContent/Textures/T_Smoke_Tiled_D.uasset" to "../../../../../../Users/Henry/Documents/Work/IMGD4900/imgd4900/IMGD4900/Content/StarterContent/Textures/T_Smoke_Tiled_D.uasset"
[2017.11.02-22.41.37:432][  0]LogPackFactory: Copied "../../../Samples/StarterContent/Content/StarterContent/Textures/T_Spark_Core.uasset" to "../../../../../../Users/Henry/Documents/Work/IMGD4900/imgd4900/IMGD4900/Content/StarterContent/Textures/T_Spark_Core.uasset"
[2017.11.02-22.41.37:449][  0]LogPackFactory: Copied "../../../Samples/StarterContent/Content/StarterContent/Textures/T_Statue_M.uasset" to "../../../../../../Users/Henry/Documents/Work/IMGD4900/imgd4900/IMGD4900/Content/StarterContent/Textures/T_Statue_M.uasset"
[2017.11.02-22.41.37:475][  0]LogPackFactory: Copied "../../../Samples/StarterContent/Content/StarterContent/Textures/T_Statue_N.uasset" to "../../../../../../Users/Henry/Documents/Work/IMGD4900/imgd4900/IMGD4900/Content/StarterContent/Textures/T_Statue_N.uasset"
[2017.11.02-22.41.37:504][  0]LogPackFactory: Copied "../../../Samples/StarterContent/Content/StarterContent/Textures/T_TableRound_M.uasset" to "../../../../../../Users/Henry/Documents/Work/IMGD4900/imgd4900/IMGD4900/Content/StarterContent/Textures/T_TableRound_M.uasset"
[2017.11.02-22.41.37:540][  0]LogPackFactory: Copied "../../../Samples/StarterContent/Content/StarterContent/Textures/T_TableRound_N.uasset" to "../../../../../../Users/Henry/Documents/Work/IMGD4900/imgd4900/IMGD4900/Content/StarterContent/Textures/T_TableRound_N.uasset"
[2017.11.02-22.41.37:557][  0]LogPackFactory: Copied "../../../Samples/StarterContent/Content/StarterContent/Textures/T_Tech_Dot_M.uasset" to "../../../../../../Users/Henry/Documents/Work/IMGD4900/imgd4900/IMGD4900/Content/StarterContent/Textures/T_Tech_Dot_M.uasset"
[2017.11.02-22.41.37:576][  0]LogPackFactory: Copied "../../../Samples/StarterContent/Content/StarterContent/Textures/T_Tech_Dot_N.uasset" to "../../../../../../Users/Henry/Documents/Work/IMGD4900/imgd4900/IMGD4900/Content/StarterContent/Textures/T_Tech_Dot_N.uasset"
[2017.11.02-22.41.37:604][  0]LogPackFactory: Copied "../../../Samples/StarterContent/Content/StarterContent/Textures/T_Tech_Hex_Tile_M.uasset" to "../../../../../../Users/Henry/Documents/Work/IMGD4900/imgd4900/IMGD4900/Content/StarterContent/Textures/T_Tech_Hex_Tile_M.uasset"
[2017.11.02-22.41.37:648][  0]LogPackFactory: Copied "../../../Samples/StarterContent/Content/StarterContent/Textures/T_Tech_Hex_Tile_N.uasset" to "../../../../../../Users/Henry/Documents/Work/IMGD4900/imgd4900/IMGD4900/Content/StarterContent/Textures/T_Tech_Hex_Tile_N.uasset"
[2017.11.02-22.41.37:679][  0]LogPackFactory: Copied "../../../Samples/StarterContent/Content/StarterContent/Textures/T_Tech_Panel_M.uasset" to "../../../../../../Users/Henry/Documents/Work/IMGD4900/imgd4900/IMGD4900/Content/StarterContent/Textures/T_Tech_Panel_M.uasset"
[2017.11.02-22.41.37:713][  0]LogPackFactory: Copied "../../../Samples/StarterContent/Content/StarterContent/Textures/T_Tech_Panel_N.uasset" to "../../../../../../Users/Henry/Documents/Work/IMGD4900/imgd4900/IMGD4900/Content/StarterContent/Textures/T_Tech_Panel_N.uasset"
[2017.11.02-22.41.37:744][  0]LogPackFactory: Copied "../../../Samples/StarterContent/Content/StarterContent/Textures/T_Water_M.uasset" to "../../../../../../Users/Henry/Documents/Work/IMGD4900/imgd4900/IMGD4900/Content/StarterContent/Textures/T_Water_M.uasset"
[2017.11.02-22.41.37:794][  0]LogPackFactory: Copied "../../../Samples/StarterContent/Content/StarterContent/Textures/T_Water_N.uasset" to "../../../../../../Users/Henry/Documents/Work/IMGD4900/imgd4900/IMGD4900/Content/StarterContent/Textures/T_Water_N.uasset"
[2017.11.02-22.41.37:909][  0]LogPackFactory: Copied "../../../Samples/StarterContent/Content/StarterContent/Textures/T_Wood_Floor_Walnut_D.uasset" to "../../../../../../Users/Henry/Documents/Work/IMGD4900/imgd4900/IMGD4900/Content/StarterContent/Textures/T_Wood_Floor_Walnut_D.uasset"
[2017.11.02-22.41.37:954][  0]LogPackFactory: Copied "../../../Samples/StarterContent/Content/StarterContent/Textures/T_Wood_Floor_Walnut_M.uasset" to "../../../../../../Users/Henry/Documents/Work/IMGD4900/imgd4900/IMGD4900/Content/StarterContent/Textures/T_Wood_Floor_Walnut_M.uasset"
[2017.11.02-22.41.37:988][  0]LogPackFactory: Copied "../../../Samples/StarterContent/Content/StarterContent/Textures/T_Wood_Floor_Walnut_N.uasset" to "../../../../../../Users/Henry/Documents/Work/IMGD4900/imgd4900/IMGD4900/Content/StarterContent/Textures/T_Wood_Floor_Walnut_N.uasset"
[2017.11.02-22.41.38:054][  0]LogPackFactory: Copied "../../../Samples/StarterContent/Content/StarterContent/Textures/T_Wood_Oak_D.uasset" to "../../../../../../Users/Henry/Documents/Work/IMGD4900/imgd4900/IMGD4900/Content/StarterContent/Textures/T_Wood_Oak_D.uasset"
[2017.11.02-22.41.39:289][  0]LogPackFactory: Copied "../../../Samples/StarterContent/Content/StarterContent/Textures/T_Wood_Oak_N.uasset" to "../../../../../../Users/Henry/Documents/Work/IMGD4900/imgd4900/IMGD4900/Content/StarterContent/Textures/T_Wood_Oak_N.uasset"
[2017.11.02-22.41.40:710][  0]LogPackFactory: Copied "../../../Samples/StarterContent/Content/StarterContent/Textures/T_Wood_Pine_D.uasset" to "../../../../../../Users/Henry/Documents/Work/IMGD4900/imgd4900/IMGD4900/Content/StarterContent/Textures/T_Wood_Pine_D.uasset"
[2017.11.02-22.41.41:157][  0]LogPackFactory: Copied "../../../Samples/StarterContent/Content/StarterContent/Textures/T_Wood_Pine_N.uasset" to "../../../../../../Users/Henry/Documents/Work/IMGD4900/imgd4900/IMGD4900/Content/StarterContent/Textures/T_Wood_Pine_N.uasset"
[2017.11.02-22.41.41:257][  0]LogPackFactory: Copied "../../../Samples/StarterContent/Content/StarterContent/Textures/T_Wood_Walnut_D.uasset" to "../../../../../../Users/Henry/Documents/Work/IMGD4900/imgd4900/IMGD4900/Content/StarterContent/Textures/T_Wood_Walnut_D.uasset"
[2017.11.02-22.41.41:331][  0]LogPackFactory: Copied "../../../Samples/StarterContent/Content/StarterContent/Textures/T_Wood_Walnut_N.uasset" to "../../../../../../Users/Henry/Documents/Work/IMGD4900/imgd4900/IMGD4900/Content/StarterContent/Textures/T_Wood_Walnut_N.uasset"
