Log file open, 11/15/17 16:34:48
LogWindows: Failed to load 'aqProf.dll' (GetLastError=126)
LogWindows: File 'aqProf.dll' does not exist
LogWindows: Failed to load 'VSPerf140.dll' (GetLastError=126)
LogWindows: File 'VSPerf140.dll' does not exist
LogWindows: Failed to load 'VtuneApi.dll' (GetLastError=126)
LogWindows: File 'VtuneApi.dll' does not exist
LogWindows: Failed to load 'VtuneApi32e.dll' (GetLastError=126)
LogWindows: File 'VtuneApi32e.dll' does not exist
LogInit: Display: Running engine for game: IMGD4900
LogPlatformFile: Not using cached read wrapper
LogInit: Display: RandInit(864755931) SRandInit(864755931).
LogTaskGraph: Started task graph with 5 named threads and 14 total threads with 3 sets of task threads.
LogStats: Stats thread started at 6.809499
LogD3D11RHI: Aftermath initialized
LogPluginManager: Mounting plugin Paper2D
LogPluginManager: Mounting plugin LightPropagationVolume
LogPluginManager: Mounting plugin CodeLiteSourceCodeAccess
LogPluginManager: Mounting plugin GitSourceControl
LogPluginManager: Mounting plugin KDevelopSourceCodeAccess
LogPluginManager: Mounting plugin NullSourceCodeAccess
LogPluginManager: Mounting plugin PerforceSourceControl
LogPluginManager: Mounting plugin SubversionSourceControl
LogPluginManager: Mounting plugin UObjectPlugin
LogPluginManager: Mounting plugin VisualStudioSourceCodeAccess
LogPluginManager: Mounting plugin XCodeSourceCodeAccess
LogPluginManager: Mounting plugin AssetManagerEditor
LogPluginManager: Mounting plugin AudioCapture
LogPluginManager: Mounting plugin FacialAnimation
LogPluginManager: Mounting plugin GameplayTagsEditor
LogPluginManager: Mounting plugin MobileLauncherProfileWizard
LogPluginManager: Mounting plugin PluginBrowser
LogPluginManager: Mounting plugin SpeedTreeImporter
LogPluginManager: Mounting plugin AlembicImporter
LogPluginManager: Mounting plugin CharacterAI
LogPluginManager: Mounting plugin HTML5Networking
LogPluginManager: Mounting plugin AndroidMedia
LogPluginManager: Mounting plugin AvfMedia
LogPluginManager: Mounting plugin MediaPlayerEditor
LogPluginManager: Mounting plugin WmfMedia
LogPluginManager: Mounting plugin TcpMessaging
LogPluginManager: Mounting plugin UdpMessaging
LogPluginManager: Mounting plugin LevelSequenceEditor
LogPluginManager: Mounting plugin MatineeToLevelSequence
LogPluginManager: Mounting plugin OnlineSubsystemGooglePlay
LogPluginManager: Mounting plugin OnlineSubsystemIOS
LogPluginManager: Mounting plugin OnlineSubsystem
LogPluginManager: Mounting plugin OnlineSubsystemNull
LogPluginManager: Mounting plugin OnlineSubsystemUtils
LogPluginManager: Mounting plugin AndroidDeviceProfileSelector
LogPluginManager: Mounting plugin AndroidMoviePlayer
LogPluginManager: Mounting plugin AndroidPermission
LogPluginManager: Mounting plugin AppleMoviePlayer
LogPluginManager: Mounting plugin ArchVisCharacter
LogPluginManager: Mounting plugin CableComponent
LogPluginManager: Mounting plugin CustomMeshComponent
LogPluginManager: Mounting plugin ExampleDeviceProfileSelector
LogPluginManager: Mounting plugin GoogleCloudMessaging
LogPluginManager: Mounting plugin ImmediatePhysics
LogPluginManager: Mounting plugin IOSDeviceProfileSelector
LogPluginManager: Mounting plugin LinuxDeviceProfileSelector
LogPluginManager: Mounting plugin LocationServicesBPLibrary
LogPluginManager: Mounting plugin MobilePatchingUtils
LogPluginManager: Mounting plugin OculusVR
LogPluginManager: Mounting plugin PhysXVehicles
LogPluginManager: Mounting plugin ProceduralMeshComponent
LogPluginManager: Mounting plugin RuntimePhysXCooking
LogPluginManager: Mounting plugin SteamVR
LogPluginManager: Mounting plugin WindowsMoviePlayer
LogInit: Using libcurl 7.47.1
LogInit:  - built for x86_64-pc-win32
LogInit:  - supports SSL with OpenSSL/1.0.2g
LogInit:  - supports HTTP deflate (compression) using libz 1.2.8
LogInit:  - other features:
LogInit:      CURL_VERSION_SSL
LogInit:      CURL_VERSION_LIBZ
LogInit:      CURL_VERSION_IPV6
LogInit:      CURL_VERSION_ASYNCHDNS
LogInit:      CURL_VERSION_LARGEFILE
LogInit:      CURL_VERSION_IDN
LogInit:  CurlRequestOptions (configurable via config and command line):
LogInit:  - bVerifyPeer = false  - Libcurl will NOT verify peer certificate
LogInit:  - bUseHttpProxy = false  - Libcurl will NOT use HTTP proxy
LogInit:  - bDontReuseConnections = false  - Libcurl will reuse connections
LogInit:  - CertBundlePath = nullptr  - Libcurl will use whatever was configured at build time.
LogInit: Build: ++UE4+Release-4.17-CL-3658906
LogInit: Engine Version: 4.17.2-3658906+++UE4+Release-4.17
LogInit: Compatible Engine Version: 4.17.0-3573198+++UE4+Release-4.17
LogInit: Net CL: 3573198
LogDevObjectVersion: Number of dev versions registered: 16
LogDevObjectVersion:   Dev-Blueprints (B0D832E4-1F89-4F0D-ACCF-7EB736FD4AA2): 10
LogDevObjectVersion:   Dev-Build (E1C64328-A22C-4D53-A36C-8E866417BD8C): 0
LogDevObjectVersion:   Dev-Core (375EC13C-06E4-48FB-B500-84F0262A717E): 2
LogDevObjectVersion:   Dev-Editor (E4B068ED-F494-42E9-A231-DA0B2E46BB41): 20
LogDevObjectVersion:   Dev-Framework (CFFC743F-43B0-4480-9391-14DF171D2073): 28
LogDevObjectVersion:   Dev-Mobile (B02B49B5-BB20-44E9-A304-32B752E40360): 0
LogDevObjectVersion:   Dev-Networking (A4E4105C-59A1-49B5-A7C5-40C4547EDFEE): 0
LogDevObjectVersion:   Dev-Online (39C831C9-5AE6-47DC-9A44-9C173E1C8E7C): 0
LogDevObjectVersion:   Dev-Physics (78F01B33-EBEA-4F98-B9B4-84EACCB95AA2): 0
LogDevObjectVersion:   Dev-Platform (6631380F-2D4D-43E0-8009-CF276956A95A): 0
LogDevObjectVersion:   Dev-Rendering (12F88B9F-8875-4AFC-A67C-D90C383ABD29): 19
LogDevObjectVersion:   Dev-Sequencer (7B5AE74C-D270-4C10-A958-57980B212A5A): 4
LogDevObjectVersion:   Dev-VR (D7296918-1DD6-4BDD-9DE2-64A83CC13884): 0
LogDevObjectVersion:   Dev-LoadTimes (C2A15278-BFE7-4AFE-6C17-90FF531DF755): 1
LogDevObjectVersion:   Private-Geometry (6EACA3D4-40EC-4CC1-B786-8BED09428FC5): 1
LogDevObjectVersion:   Dev-AnimPhys (29E575DD-E0A3-4627-9D10-D276232CDCEA): 7
LogInit: Compiled (64-bit): Sep 22 2017 13:47:16
LogInit: Compiled with Visual C++: 19.00.24215.01
LogInit: Build Configuration: Development
LogInit: Branch Name: ++UE4+Release-4.17
LogInit: Command line:  
LogInit: Base directory: C:/Program Files/Epic Games/UE_4.17/Engine/Binaries/Win64/
LogInit: Installed Engine Build: 1
LogInit: Presizing for max 8388607 objects, including 0 objects not considered by GC, pre-allocating 0 bytes for permanent pool.
LogInit: Object subsystem initialized
[2017.11.15-21.34.51:221][  0]LogInit: Selected Device Profile: [Windows]
[2017.11.15-21.34.51:221][  0]LogInit: Applying CVar settings loaded from the selected device profile: [Windows]
[2017.11.15-21.34.51:323][  0]LogInit: Computer: THE_POWER
[2017.11.15-21.34.51:324][  0]LogInit: User: Henry
[2017.11.15-21.34.51:324][  0]LogInit: CPU Page size=4096, Cores=4
[2017.11.15-21.34.51:324][  0]LogInit: High frequency timer resolution =3.410230 MHz
[2017.11.15-21.34.51:324][  0]LogMemory: Memory total: Physical=8.0GB (8GB approx)
[2017.11.15-21.34.51:334][  0]LogMemory: Platform Memory Stats for Windows
[2017.11.15-21.34.51:334][  0]LogMemory: Process Physical Memory: 279.55 MB used, 279.55 MB peak
[2017.11.15-21.34.51:334][  0]LogMemory: Process Virtual Memory: 278.28 MB used, 278.28 MB peak
[2017.11.15-21.34.51:334][  0]LogMemory: Physical Memory: 6185.65 MB used,  1971.40 MB free, 8157.05 MB total
[2017.11.15-21.34.51:334][  0]LogMemory: Virtual Memory: 672.84 MB used,  1971.40 MB free, 134217728.00 MB total
[2017.11.15-21.34.52:846][  0]LogInit: Using OS detected language (en-US).
[2017.11.15-21.34.52:846][  0]LogInit: Using OS detected locale (en-US).
[2017.11.15-21.34.53:210][  0]LogTextLocalizationManager: No specific localization for 'en-US' exists, so the 'en' localization will be used.
[2017.11.15-21.35.01:932][  0]LogD3D11RHI: D3D11 adapters:
[2017.11.15-21.35.02:026][  0]LogD3D11RHI:    0. 'NVIDIA GeForce GTX 1070' (Feature Level 11_0)
[2017.11.15-21.35.02:026][  0]LogD3D11RHI:       8119/0/4078 MB DedicatedVideo/DedicatedSystem/SharedSystem, Outputs:1, VendorId:0x10de
[2017.11.15-21.35.02:045][  0]LogD3D11RHI:    1. 'Microsoft Basic Render Driver' (Feature Level 11_0)
[2017.11.15-21.35.02:045][  0]LogD3D11RHI:       0/0/4078 MB DedicatedVideo/DedicatedSystem/SharedSystem, Outputs:0, VendorId:0x1414
[2017.11.15-21.35.02:045][  0]LogD3D11RHI: Chosen D3D11 Adapter: 0
[2017.11.15-21.35.02:078][  0]LogD3D11RHI: Creating new Direct3DDevice
[2017.11.15-21.35.02:078][  0]LogD3D11RHI:     GPU DeviceId: 0x1b81 (for the marketing name, search the web for "GPU Device Id")
[2017.11.15-21.35.02:078][  0]LogWindows: EnumDisplayDevices:
[2017.11.15-21.35.02:078][  0]LogWindows:    0. 'NVIDIA GeForce GTX 1070' (P:1 D:1)
[2017.11.15-21.35.02:078][  0]LogWindows:    1. 'NVIDIA GeForce GTX 1070' (P:0 D:0)
[2017.11.15-21.35.02:079][  0]LogWindows:    2. 'NVIDIA GeForce GTX 1070' (P:0 D:0)
[2017.11.15-21.35.02:079][  0]LogWindows:    3. 'NVIDIA GeForce GTX 1070' (P:0 D:0)
[2017.11.15-21.35.02:079][  0]LogWindows: DebugString: FoundDriverCount:4 
[2017.11.15-21.35.02:079][  0]LogD3D11RHI:     Adapter Name: NVIDIA GeForce GTX 1070
[2017.11.15-21.35.02:080][  0]LogD3D11RHI:   Driver Version: 382.53 (internal:22.21.13.8253, unified:382.53)
[2017.11.15-21.35.02:080][  0]LogD3D11RHI:      Driver Date: 6-7-2017
[2017.11.15-21.35.02:080][  0]LogRHI: Texture pool is 1361 MB (70% of 1945 MB)
[2017.11.15-21.35.02:180][  0]LogD3D11RHI: Async texture creation enabled
[2017.11.15-21.35.02:422][  0]LogD3D11RHI: GPU Timing Frequency: 1000.000000 (Debug: 2 1)
[2017.11.15-21.35.02:565][  0]LogShaderCompilers: Guid format shader working directory is -31 characters bigger than the processId version (../../../../../../Users/Henry/Documents/Work/IMGD4900/imgd4900/IMGD4900 4.17/Intermediate/Shaders/WorkingDirectory/10860/).
[2017.11.15-21.35.02:565][  0]LogShaderCompilers: Cleaned the shader compiler working directory 'C:/Users/Henry/AppData/Local/Temp/UnrealShaderWorkingDir/C28EF5364BB84E4A025A80B043EEA473/'.
[2017.11.15-21.35.02:565][  0]LogShaderCompilers: Display: Using Local Shader Compiler.
[2017.11.15-21.35.10:691][  0]LogTemp: Display: Loaded TP AllDesktopTargetPlatform
[2017.11.15-21.35.10:824][  0]LogTemp: Display: Loaded TP MacClientTargetPlatform
[2017.11.15-21.35.10:933][  0]LogTemp: Display: Loaded TP MacNoEditorTargetPlatform
[2017.11.15-21.35.11:055][  0]LogTemp: Display: Loaded TP MacServerTargetPlatform
[2017.11.15-21.35.11:222][  0]LogTemp: Display: Loaded TP MacTargetPlatform
[2017.11.15-21.35.11:338][  0]LogTemp: Display: Loaded TP WindowsClientTargetPlatform
[2017.11.15-21.35.11:449][  0]LogTemp: Display: Loaded TP WindowsNoEditorTargetPlatform
[2017.11.15-21.35.11:559][  0]LogTemp: Display: Loaded TP WindowsServerTargetPlatform
[2017.11.15-21.35.11:670][  0]LogTemp: Display: Loaded TP WindowsTargetPlatform
[2017.11.15-21.35.11:850][  0]LogTemp: Display: Loaded TP AndroidTargetPlatform
[2017.11.15-21.35.11:999][  0]LogTemp: Display: Loaded TP Android_ASTCTargetPlatform
[2017.11.15-21.35.12:123][  0]LogTemp: Display: Loaded TP Android_ATCTargetPlatform
[2017.11.15-21.35.12:214][  0]LogTemp: Display: Loaded TP Android_DXTTargetPlatform
[2017.11.15-21.35.12:341][  0]LogTemp: Display: Loaded TP Android_ETC1TargetPlatform
[2017.11.15-21.35.12:443][  0]LogTemp: Display: Loaded TP Android_ETC2TargetPlatform
[2017.11.15-21.35.12:634][  0]LogTemp: Display: Loaded TP Android_MultiTargetPlatform
[2017.11.15-21.35.12:635][  0]LogTemp: Display: Loaded TP Android_PVRTCTargetPlatform
[2017.11.15-21.35.12:768][  0]LogTemp: Display: Loaded TP HTML5TargetPlatform
[2017.11.15-21.35.13:039][  0]LogTemp: Display: Loaded TP IOSTargetPlatform
[2017.11.15-21.35.13:091][  0]LogTemp: Display: Loaded TP TVOSTargetPlatform
[2017.11.15-21.35.13:293][  0]LogTemp: Display: Loaded TP LinuxClientTargetPlatform
[2017.11.15-21.35.13:390][  0]LogTemp: Display: Loaded TP LinuxNoEditorTargetPlatform
[2017.11.15-21.35.13:512][  0]LogTemp: Display: Loaded TP LinuxServerTargetPlatform
[2017.11.15-21.35.13:722][  0]LogTemp: Display: Loaded TP LinuxTargetPlatform
[2017.11.15-21.35.13:743][  0]LogTargetPlatformManager: Display: Building Assets For Windows
[2017.11.15-21.35.16:119][  0]LogDerivedDataCache: Display: Max Cache Size: 512 MB
[2017.11.15-21.35.17:643][  0]LogDerivedDataCache: Loaded boot cache 1.50s 106MB C:/Users/Henry/AppData/Local/UnrealEngine/4.17/DerivedDataCache/Boot.ddc.
[2017.11.15-21.35.17:644][  0]LogDerivedDataCache: Display: Loaded Boot cache: C:/Users/Henry/AppData/Local/UnrealEngine/4.17/DerivedDataCache/Boot.ddc
[2017.11.15-21.35.17:644][  0]LogDerivedDataCache: FDerivedDataBackendGraph:  Pak pak cache file ../../../../../../Users/Henry/Documents/Work/IMGD4900/imgd4900/IMGD4900 4.17/DerivedDataCache/DDC.ddp not found, will not use a pak cache.
[2017.11.15-21.35.17:644][  0]LogDerivedDataCache: Unable to find inner node Pak for hierarchical cache Hierarchy.
[2017.11.15-21.35.17:644][  0]LogDerivedDataCache: FDerivedDataBackendGraph:  CompressedPak pak cache file ../../../../../../Users/Henry/Documents/Work/IMGD4900/imgd4900/IMGD4900 4.17/DerivedDataCache/Compressed.ddp not found, will not use a pak cache.
[2017.11.15-21.35.17:644][  0]LogDerivedDataCache: Unable to find inner node CompressedPak for hierarchical cache Hierarchy.
[2017.11.15-21.35.17:715][  0]LogDerivedDataCache: Display: Pak cache opened for reading ../../../Engine/DerivedDataCache/Compressed.ddp.
[2017.11.15-21.35.17:769][  0]LogDerivedDataCache: Using Local data cache path C:/Users/Henry/AppData/Local/UnrealEngine/Common/DerivedDataCache: Writable
[2017.11.15-21.35.17:992][  0]LogMaterial: Verifying Global Shaders for PCD3D_SM5
[2017.11.15-21.35.18:090][  0]LogSlate: Using Freetype 2.6.0
[2017.11.15-21.35.18:192][  0]LogSlate: SlateFontCache - WITH_FREETYPE: 1, WITH_HARFBUZZ: 1
[2017.11.15-21.35.18:192][  0]LogSlate: SlateFontCache - WITH_FREETYPE: 1, WITH_HARFBUZZ: 1
[2017.11.15-21.35.32:638][  0]LogAssetRegistry: FAssetRegistry took 0.0524 seconds to start up
[2017.11.15-21.35.37:120][  0]LogInit: Selected Device Profile: [Windows]
[2017.11.15-21.35.46:402][  0]LogContentStreaming: Texture pool size is 0.00 MB
[2017.11.15-21.35.51:459][  0]LogSimplygon: Simplygon DLL not present - disabling.
[2017.11.15-21.35.51:827][  0]LogMeshReduction: Using SimplygonSwarm for distributed automatic mesh merging
[2017.11.15-21.35.51:897][  0]LogMeshReduction: Using QuadricMeshReduction for automatic static mesh reduction
[2017.11.15-21.35.51:897][  0]LogMeshReduction: No automatic skeletal mesh reduction module available
[2017.11.15-21.35.51:897][  0]LogMeshReduction: No automatic mesh merging module available
[2017.11.15-21.35.51:897][  0]LogMeshMerging: No automatic mesh merging module available
[2017.11.15-21.36.06:011][  0]LogNetVersion: IMGD4900 , NetCL: 3573198, EngineNetVer: 2, GameNetVer: 0 (Checksum: 30141507)
[2017.11.15-21.36.15:910][  0]LogPackageLocalizationCache: Processed 5 localized package path(s) for 2 prioritized culture(s) in 3.060138 seconds
[2017.11.15-21.36.16:003][  0]LogUObjectArray: 35825 objects as part of root set at end of initial load.
[2017.11.15-21.36.16:003][  0]LogUObjectAllocator: 7529104 out of 0 bytes used by permanent object pool.
[2017.11.15-21.36.16:025][  0]LogUObjectArray: CloseDisregardForGC: 0/0 objects in disregard for GC pool
[2017.11.15-21.36.16:187][  0]LogInit: WinSock: version 1.1 (2.2), MaxSocks=32767, MaxUdp=65467
[2017.11.15-21.38.09:992][  0]LogTcpMessaging: Initializing TcpMessaging bridge
[2017.11.15-21.38.10:758][  0]LogUdpMessaging: Initializing bridge on interface 0.0.0.0:0 to multicast group 230.0.0.1:6666.
[2017.11.15-21.38.19:732][  0]LogMaterial: Uniform references updated for custom material expression Custom.
[2017.11.15-21.38.22:960][  0]SourceControl: Source control is disabled
[2017.11.15-21.38.22:960][  0]SourceControl: Source control is disabled
[2017.11.15-21.38.23:152][  0]SourceControl: Source control is disabled
[2017.11.15-21.38.23:347][  0]SourceControl: Source control is disabled
[2017.11.15-21.38.26:310][  0]LogAndroidPermission: UAndroidPermissionCallbackProxy::GetInstance
[2017.11.15-21.38.26:999][  0]LogOcInput: OculusInput pre-init called
[2017.11.15-21.38.28:334][  0]LogEngine: Initializing Engine...
[2017.11.15-21.38.28:375][  0]LogHMD: Failed to initialize OpenVR with code 110
[2017.11.15-21.38.30:044][  0]LogStats: UGameplayTagsManager::ConstructGameplayTagTree: Construct from data asset -  0.000 s
[2017.11.15-21.38.30:127][  0]LogStats: UGameplayTagsManager::ConstructGameplayTagTree: GameplayTagTreeChangedEvent.Broadcast -  0.020 s
[2017.11.15-21.38.31:249][  0]LogAIModule: Creating AISystem for world Untitled
[2017.11.15-21.38.31:850][  0]LogInit: XAudio2 using 'Speakers (VIA HD Audio(Win 10))' : 2 channels at 48 kHz using 16 bits per sample (channel mask 0x3)
[2017.11.15-21.38.31:978][  0]LogInit: FAudioDevice initialized.
[2017.11.15-21.38.32:275][  0]LogDerivedDataCache: Saved boot cache 0.25s 106MB C:/Users/Henry/AppData/Local/UnrealEngine/4.17/DerivedDataCache/Boot.ddc.
[2017.11.15-21.38.32:292][  0]LogInit: Texture streaming: Enabled
[2017.11.15-21.38.33:651][  0]LogEngineSessionManager: EngineSessionManager initialized
[2017.11.15-21.38.33:651][  0]LogEngineSessionManager: EngineSessionManager sent abnormal shutdown report. Type=AbnormalShutdown, SessionId={26E9F9DA-45C3-6AA5-5789-9CAB7A67C950}
[2017.11.15-21.38.35:620][  0]LogInit: Transaction tracking system initialized
[2017.11.15-21.38.36:959][  0]BlueprintLog: New page: Editor Load
[2017.11.15-21.38.40:281][  0]LocalizationService: Localization service is disabled
[2017.11.15-21.38.42:639][  0]LogConsoleResponse: Display: 
[2017.11.15-21.38.45:612][  0]LogFileCache: Scanning file cache for directory 'C:/Users/Henry/Documents/Work/IMGD4900/imgd4900/IMGD4900 4.17/Content/' took 0.07s
[2017.11.15-21.38.45:613][  0]LogCook: Display: Max memory allowance for cook 16384mb min free memory 0mb
[2017.11.15-21.38.45:613][  0]LogCook: Display: Mobile HDR setting 1
[2017.11.15-21.38.45:670][  0]LogGameplayTags: Display: UGameplayTagsManager::DoneAddingNativeTags. DelegateIsBound: 0
[2017.11.15-21.38.51:846][  0]SourceControl: Source control is disabled
[2017.11.15-21.38.52:012][  0]Cmd: MAP LOAD FILE="../../../../../../Users/Henry/Documents/Work/IMGD4900/imgd4900/IMGD4900 4.17/Content/ThirdPersonBP/Maps/ThirdPersonExampleMap.umap" TEMPLATE=0 SHOWPROGRESS=1 FEATURELEVEL=3
[2017.11.15-21.38.52:110][  0]LightingResults: New page: Lighting Build
[2017.11.15-21.38.52:667][  0]MapCheck: New page: Map Check
[2017.11.15-21.38.52:667][  0]LightingResults: New page: Lighting Build
[2017.11.15-21.38.56:397][  0]LogBlueprint: Warning: [Compiler Ue4ASP_Character] InputAction Event references unknown Action 'Crouch' for  InputAction Crouch
[2017.11.15-21.38.56:653][  0]LogBlueprint: Warning: [Compiler Ue4ASP_Character] [0264.17] Compile of Ue4ASP_Character successful, but with 1 Warning(s) [in 1,080 ms] (/Game/AnimStarterPack/Ue4ASP_Character.Ue4ASP_Character)
[2017.11.15-21.39.04:468][  0]LogTexture: Display: Building textures: blood_texture_Atlas (AutoDXT, 1024X1024)
[2017.11.15-21.39.07:157][  0]LogMaterial: Missing cached shader map for material decal_blood, compiling. 
[2017.11.15-21.39.10:340][  0]LogMaterial: Missing cached shader map for material CubeMaterial, compiling. 
[2017.11.15-21.39.10:554][  0]LogMaterial: Missing cached shader map for material mat_screen_distortion, compiling. 
[2017.11.15-21.39.11:788][  0]LogAIModule: Creating AISystem for world ThirdPersonExampleMap
[2017.11.15-21.39.15:678][  0]LogEditorServer: Finished looking for orphan Actors (0.000 secs)
[2017.11.15-21.39.16:239][  0]Cmd: MAP CHECKDEP NOCLEARLOG
[2017.11.15-21.39.17:183][  0]MapCheck: Map check complete: 0 Error(s), 0 Warning(s), took 943.774ms to complete.
[2017.11.15-21.39.17:250][  0]LogFileHelpers: Loading map 'ThirdPersonExampleMap' took 25.254
[2017.11.15-21.39.20:358][  0]LogCollectionManager: Loaded 0 collections in 0.003028 seconds
[2017.11.15-21.39.20:639][  0]LogFileCache: Scanning file cache for directory 'C:/Users/Henry/Documents/Work/IMGD4900/imgd4900/IMGD4900 4.17/Saved/Collections/' took 0.01s
[2017.11.15-21.39.20:639][  0]LogFileCache: Scanning file cache for directory 'C:/Users/Henry/Documents/Work/IMGD4900/imgd4900/IMGD4900 4.17/Content/Developers/Henry/Collections/' took 0.01s
[2017.11.15-21.39.20:639][  0]LogFileCache: Scanning file cache for directory 'C:/Users/Henry/Documents/Work/IMGD4900/imgd4900/IMGD4900 4.17/Content/Collections/' took 0.01s
[2017.11.15-21.39.20:639][  0]LogCollectionManager: Rebuilt the GUID cache for 0 collections in 0.000001 seconds
[2017.11.15-21.39.20:652][  0]LogContentBrowser: Native class hierarchy populated in 0.0101 seconds. Added 2386 classes and 500 folders.
[2017.11.15-21.39.20:876][  0]LogContentBrowser: Native class hierarchy updated for 'WidgetCarousel' in 0.0007 seconds. Added 0 classes and 0 folders.
[2017.11.15-21.39.23:001][  0]LogContentBrowser: Native class hierarchy updated for 'AddContentDialog' in 0.0009 seconds. Added 0 classes and 0 folders.
[2017.11.15-21.39.23:253][  0]LogContentBrowser: Native class hierarchy updated for 'SceneOutliner' in 0.0011 seconds. Added 1 classes and 2 folders.
[2017.11.15-21.39.24:555][  0]LogSlate: Took 0.018183 seconds to synchronously load lazily loaded font '../../../Engine/Content/Slate/Fonts/Roboto-Regular.ttf' (155K)
[2017.11.15-21.39.24:579][  0]LogSlate: Took 0.011598 seconds to synchronously load lazily loaded font '../../../Engine/Content/Slate/Fonts/Roboto-Bold.ttf' (160K)
[2017.11.15-21.39.24:733][  0]LogSlate: Took 0.048992 seconds to synchronously load lazily loaded font '../../../Engine/Content/Editor/Slate/Fonts/FontAwesome.ttf' (139K)
[2017.11.15-21.39.25:842][  0]LogRenderer: Reallocating scene render targets to support 1112x600 Format 10 NumSamples 1 (Frame:1).
[2017.11.15-21.39.27:408][  0]LogContentBrowser: Native class hierarchy updated for 'HierarchicalLODOutliner' in 0.0011 seconds. Added 1 classes and 2 folders.
[2017.11.15-21.39.27:409][  0]LogLoad: (Engine Initialization) Total time: 294.93 seconds
[2017.11.15-21.39.27:409][  0]LogLoad: (Engine Initialization) Total Blueprint compile time: 0.00 seconds
[2017.11.15-21.39.27:445][  0]LogExternalProfiler: No external profilers were discovered.  External profiling features will not be available.
[2017.11.15-21.39.29:959][  0]LogContentStreaming: Texture pool size now 1000 MB
[2017.11.15-21.39.30:739][  1]LogFileCache: Retrieving MD5 hashes for directory 'C:/Users/Henry/Documents/Work/IMGD4900/imgd4900/IMGD4900 4.17/Content/' took 2.23s
[2017.11.15-21.39.31:237][  1]LogSlate: Took 0.081014 seconds to synchronously load lazily loaded font '../../../Engine/Content/Slate/Fonts/Roboto-Light.ttf' (159K)
[2017.11.15-21.39.31:906][  2]LogSlate: Took 0.000489 seconds to synchronously load lazily loaded font '../../../Engine/Content/Slate/Fonts/Roboto-Light.ttf' (159K)
[2017.11.15-21.39.33:133][  5]LogAssetRegistry: Asset discovery search completed in 240.5180 seconds
[2017.11.15-21.39.33:136][  5]LogCollectionManager: Rebuilt the object cache for 0 collections in 0.000001 seconds (found 0 objects)
[2017.11.15-21.39.33:136][  5]LogCollectionManager: Fixed up redirectors for 0 collections in 0.000110 seconds (updated 0 objects)
[2017.11.15-21.39.47:753][371]LogTemp: Repeating last play command: Selected Viewport
[2017.11.15-21.39.56:330][371]LogBlueprintUserMessages: Early PlayInEditor Detection: Level '/Game/ThirdPersonBP/Maps/ThirdPersonExampleMap.ThirdPersonExampleMap:PersistentLevel' has LevelScriptBlueprint '/Game/ThirdPersonBP/Maps/ThirdPersonExampleMap.ThirdPersonExampleMap:PersistentLevel.ThirdPersonExampleMap' with GeneratedClass '/Game/ThirdPersonBP/Maps/ThirdPersonExampleMap.ThirdPersonExampleMap_C' with ClassGeneratedBy '/Game/ThirdPersonBP/Maps/ThirdPersonExampleMap.ThirdPersonExampleMap:PersistentLevel.ThirdPersonExampleMap'
[2017.11.15-21.39.56:335][371]LogPlayLevel: PlayLevel: No blueprints needed recompiling
[2017.11.15-21.39.56:454][371]PIE: New page: PIE session: ThirdPersonExampleMap (Nov 15, 2017, 11:39:56 AM)
[2017.11.15-21.39.56:475][371]LogPlayLevel: Creating play world package: /Game/ThirdPersonBP/Maps/UEDPIE_0_ThirdPersonExampleMap
[2017.11.15-21.39.56:627][371]LogPlayLevel: PIE: StaticDuplicateObject took: (0.152414s)
[2017.11.15-21.39.56:628][371]LogAIModule: Creating AISystem for world ThirdPersonExampleMap
[2017.11.15-21.39.56:628][371]LogPlayLevel: PIE: World Init took: (0.000983s)
[2017.11.15-21.39.56:632][371]LogPlayLevel: PIE: Created PIE world by copying editor world from /Game/ThirdPersonBP/Maps/ThirdPersonExampleMap.ThirdPersonExampleMap to /Game/ThirdPersonBP/Maps/UEDPIE_0_ThirdPersonExampleMap.ThirdPersonExampleMap (0.158981s)
[2017.11.15-21.39.56:671][371]LogInit: XAudio2 using 'Speakers (VIA HD Audio(Win 10))' : 2 channels at 48 kHz using 16 bits per sample (channel mask 0x3)
[2017.11.15-21.39.56:679][371]LogInit: FAudioDevice initialized.
[2017.11.15-21.39.56:837][371]LogLoad: Game class is 'ThirdPersonGameMode_C'
[2017.11.15-21.39.57:037][371]LogWorld: Bringing World /Game/ThirdPersonBP/Maps/UEDPIE_0_ThirdPersonExampleMap.ThirdPersonExampleMap up for play (max tick rate 0) at 2017.11.15-16.39.57
[2017.11.15-21.39.57:291][371]LogWorld: Bringing up level for play took: 0.285295
[2017.11.15-21.39.57:793][371]LogContentBrowser: Native class hierarchy updated for 'MovieSceneCapture' in 0.0015 seconds. Added 11 classes and 0 folders.
[2017.11.15-21.39.57:917][371]PIE: Play in editor start time for /Game/ThirdPersonBP/Maps/UEDPIE_0_ThirdPersonExampleMap 0.944
[2017.11.15-21.39.57:918][371]LogBlueprintUserMessages: Late PlayInEditor Detection: Level '/Game/ThirdPersonBP/Maps/ThirdPersonExampleMap.ThirdPersonExampleMap:PersistentLevel' has LevelScriptBlueprint '/Game/ThirdPersonBP/Maps/ThirdPersonExampleMap.ThirdPersonExampleMap:PersistentLevel.ThirdPersonExampleMap' with GeneratedClass '/Game/ThirdPersonBP/Maps/ThirdPersonExampleMap.ThirdPersonExampleMap_C' with ClassGeneratedBy '/Game/ThirdPersonBP/Maps/ThirdPersonExampleMap.ThirdPersonExampleMap:PersistentLevel.ThirdPersonExampleMap'
[2017.11.15-21.40.10:469][756]LogBlueprintUserMessages: [ThirdPersonCharacter_167] Hello
[2017.11.15-21.40.10:670][778]LogBlueprintUserMessages: [ThirdPersonCharacter_167] NOW SHINE
[2017.11.15-21.40.10:680][779]LogBlueprintUserMessages: [ThirdPersonCharacter_167] NOW SHINE
[2017.11.15-21.40.10:938][809]LogBlueprintUserMessages: [ThirdPersonCharacter_167] NO SHINE
[2017.11.15-21.40.10:938][809]LogBlueprintUserMessages: [ThirdPersonCharacter_167] Dodge Done
[2017.11.15-21.40.13:794][130]LogBlueprintUserMessages: [ThirdPersonCharacter_167] Hello
[2017.11.15-21.40.14:029][155]LogBlueprintUserMessages: [ThirdPersonCharacter_167] NOW SHINE
[2017.11.15-21.40.14:285][185]LogBlueprintUserMessages: [ThirdPersonCharacter_167] NO SHINE
[2017.11.15-21.40.14:294][186]LogBlueprintUserMessages: [ThirdPersonCharacter_167] NO SHINE
[2017.11.15-21.40.14:294][186]LogBlueprintUserMessages: [ThirdPersonCharacter_167] Dodge Done
[2017.11.15-21.40.16:564][446]LogBlueprintUserMessages: [ThirdPersonCharacter_167] Hello
[2017.11.15-21.40.16:793][473]LogBlueprintUserMessages: [ThirdPersonCharacter_167] NOW SHINE
[2017.11.15-21.40.17:052][503]LogBlueprintUserMessages: [ThirdPersonCharacter_167] NO SHINE
[2017.11.15-21.40.17:060][504]LogBlueprintUserMessages: [ThirdPersonCharacter_167] NO SHINE
[2017.11.15-21.40.17:060][504]LogBlueprintUserMessages: [ThirdPersonCharacter_167] Dodge Done
[2017.11.15-21.40.18:538][674]LogBlueprintUserMessages: [ThirdPersonCharacter_167] Hello
[2017.11.15-21.40.18:767][701]LogBlueprintUserMessages: [ThirdPersonCharacter_167] NOW SHINE
[2017.11.15-21.40.19:027][730]LogBlueprintUserMessages: [ThirdPersonCharacter_167] NO SHINE
[2017.11.15-21.40.19:036][731]LogBlueprintUserMessages: [ThirdPersonCharacter_167] NO SHINE
[2017.11.15-21.40.19:036][731]LogBlueprintUserMessages: [ThirdPersonCharacter_167] Dodge Done
[2017.11.15-21.40.20:163][859]LogBlueprintUserMessages: [ThirdPersonCharacter_167] Hello
[2017.11.15-21.40.20:390][886]LogBlueprintUserMessages: [ThirdPersonCharacter_167] NOW SHINE
[2017.11.15-21.40.20:398][887]LogBlueprintUserMessages: [ThirdPersonCharacter_167] NOW SHINE
[2017.11.15-21.40.20:651][917]LogBlueprintUserMessages: [ThirdPersonCharacter_167] NO SHINE
[2017.11.15-21.40.20:660][918]LogBlueprintUserMessages: [ThirdPersonCharacter_167] NO SHINE
[2017.11.15-21.40.20:660][918]LogBlueprintUserMessages: [ThirdPersonCharacter_167] Dodge Done
[2017.11.15-21.40.22:450][123]LogBlueprintUserMessages: [ThirdPersonCharacter_167] Hello
[2017.11.15-21.40.22:681][150]LogBlueprintUserMessages: [ThirdPersonCharacter_167] NOW SHINE
[2017.11.15-21.40.22:944][181]LogBlueprintUserMessages: [ThirdPersonCharacter_167] NO SHINE
[2017.11.15-21.40.22:944][181]LogBlueprintUserMessages: [ThirdPersonCharacter_167] Dodge Done
[2017.11.15-21.40.24:847][397]LogBlueprintUserMessages: [ThirdPersonCharacter_167] Hello
[2017.11.15-21.40.25:080][424]LogBlueprintUserMessages: [ThirdPersonCharacter_167] NOW SHINE
[2017.11.15-21.40.25:340][454]LogBlueprintUserMessages: [ThirdPersonCharacter_167] NO SHINE
[2017.11.15-21.40.25:340][454]LogBlueprintUserMessages: [ThirdPersonCharacter_167] Dodge Done
[2017.11.15-21.40.33:659][374]LogBlueprintUserMessages: [ThirdPersonCharacter_167] Hello
[2017.11.15-21.40.33:893][401]LogBlueprintUserMessages: [ThirdPersonCharacter_167] NOW SHINE
[2017.11.15-21.40.34:152][430]LogBlueprintUserMessages: [ThirdPersonCharacter_167] NO SHINE
[2017.11.15-21.40.34:152][430]LogBlueprintUserMessages: [ThirdPersonCharacter_167] Dodge Done
[2017.11.15-21.40.35:721][610]LogBlueprintUserMessages: [ThirdPersonCharacter_167] NOW SHINE
[2017.11.15-21.40.35:976][640]LogBlueprintUserMessages: [ThirdPersonCharacter_167] NO SHINE
[2017.11.15-21.40.35:985][641]LogBlueprintUserMessages: [ThirdPersonCharacter_167] NO SHINE
[2017.11.15-21.40.35:985][641]LogBlueprintUserMessages: [ThirdPersonCharacter_167] Dodge Done
[2017.11.15-21.40.37:635][831]LogBlueprintUserMessages: [ThirdPersonCharacter_167] NOW SHINE
[2017.11.15-21.40.37:896][861]LogBlueprintUserMessages: [ThirdPersonCharacter_167] NO SHINE
[2017.11.15-21.40.37:905][862]LogBlueprintUserMessages: [ThirdPersonCharacter_167] NO SHINE
[2017.11.15-21.40.37:905][862]LogBlueprintUserMessages: [ThirdPersonCharacter_167] Dodge Done
[2017.11.15-21.40.39:267][ 15]LogBlueprintUserMessages: [ThirdPersonCharacter_167] Hello
[2017.11.15-21.40.39:493][ 39]LogBlueprintUserMessages: [ThirdPersonCharacter_167] NOW SHINE
[2017.11.15-21.40.39:502][ 40]LogBlueprintUserMessages: [ThirdPersonCharacter_167] NOW SHINE
[2017.11.15-21.40.39:761][ 68]LogBlueprintUserMessages: [ThirdPersonCharacter_167] NO SHINE
[2017.11.15-21.40.39:761][ 68]LogBlueprintUserMessages: [ThirdPersonCharacter_167] Dodge Done
[2017.11.15-21.40.41:685][286]LogBlueprintUserMessages: [ThirdPersonCharacter_167] NOW SHINE
[2017.11.15-21.40.41:939][314]LogBlueprintUserMessages: [ThirdPersonCharacter_167] NO SHINE
[2017.11.15-21.40.41:948][315]LogBlueprintUserMessages: [ThirdPersonCharacter_167] NO SHINE
[2017.11.15-21.40.41:948][315]LogBlueprintUserMessages: [ThirdPersonCharacter_167] Dodge Done
[2017.11.15-21.40.48:502][ 59]LogBlueprintUserMessages: [ThirdPersonCharacter_167] FAST FALL!
[2017.11.15-21.40.48:585][ 66]LogBlueprintUserMessages: [ThirdPersonCharacter_167] Premature Stop
[2017.11.15-21.40.48:585][ 66]LogBlueprintUserMessages: [ThirdPersonCharacter_167] Fall Done
[2017.11.15-21.40.51:238][372]LogBlueprintUserMessages: [ThirdPersonCharacter_167] FAST FALL!
[2017.11.15-21.40.51:315][380]LogBlueprintUserMessages: [ThirdPersonCharacter_167] Premature Stop
[2017.11.15-21.40.51:315][380]LogBlueprintUserMessages: [ThirdPersonCharacter_167] Fall Done
[2017.11.15-21.40.54:093][697]LogBlueprintUserMessages: [ThirdPersonCharacter_167] FAST FALL!
[2017.11.15-21.40.54:183][707]LogBlueprintUserMessages: [ThirdPersonCharacter_167] Premature Stop
[2017.11.15-21.40.54:183][707]LogBlueprintUserMessages: [ThirdPersonCharacter_167] Fall Done
[2017.11.15-21.40.56:162][929]LogBlueprintUserMessages: [ThirdPersonCharacter_167] FAST FALL!
[2017.11.15-21.40.56:239][938]LogBlueprintUserMessages: [ThirdPersonCharacter_167] Premature Stop
[2017.11.15-21.40.56:239][938]LogBlueprintUserMessages: [ThirdPersonCharacter_167] Fall Done
[2017.11.15-21.41.02:811][686]LogBlueprintUserMessages: [ThirdPersonCharacter_167] FAST FALL!
[2017.11.15-21.41.02:863][692]LogBlueprintUserMessages: [ThirdPersonCharacter_167] Premature Stop
[2017.11.15-21.41.02:863][692]LogBlueprintUserMessages: [ThirdPersonCharacter_167] Fall Done
[2017.11.15-21.41.06:113][ 54]LogBlueprintUserMessages: Early EndPlayMap Detection: Level '/Game/ThirdPersonBP/Maps/ThirdPersonExampleMap.ThirdPersonExampleMap:PersistentLevel' has LevelScriptBlueprint '/Game/ThirdPersonBP/Maps/ThirdPersonExampleMap.ThirdPersonExampleMap:PersistentLevel.ThirdPersonExampleMap' with GeneratedClass '/Game/ThirdPersonBP/Maps/ThirdPersonExampleMap.ThirdPersonExampleMap_C' with ClassGeneratedBy '/Game/ThirdPersonBP/Maps/ThirdPersonExampleMap.ThirdPersonExampleMap:PersistentLevel.ThirdPersonExampleMap'
[2017.11.15-21.41.06:207][ 54]LogBlueprintUserMessages: Late EndPlayMap Detection: Level '/Game/ThirdPersonBP/Maps/ThirdPersonExampleMap.ThirdPersonExampleMap:PersistentLevel' has LevelScriptBlueprint '/Game/ThirdPersonBP/Maps/ThirdPersonExampleMap.ThirdPersonExampleMap:PersistentLevel.ThirdPersonExampleMap' with GeneratedClass '/Game/ThirdPersonBP/Maps/ThirdPersonExampleMap.ThirdPersonExampleMap_C' with ClassGeneratedBy '/Game/ThirdPersonBP/Maps/ThirdPersonExampleMap.ThirdPersonExampleMap:PersistentLevel.ThirdPersonExampleMap'
[2017.11.15-21.41.16:037][109]LogSlate: Took 0.000176 seconds to synchronously load lazily loaded font '../../../Engine/Content/Slate/Fonts/Roboto-Light.ttf' (159K)
[2017.11.15-21.41.16:804][109]LogSlate: Took 0.000177 seconds to synchronously load lazily loaded font '../../../Engine/Content/Slate/Fonts/Roboto-Regular.ttf' (155K)
[2017.11.15-21.41.17:519][109]LogContentBrowser: Native class hierarchy updated for 'BlueprintGraph' in 0.0011 seconds. Added 113 classes and 0 folders.
[2017.11.15-21.41.19:720][109]LogSlate: Took 0.048154 seconds to synchronously load lazily loaded font '../../../Engine/Content/Editor/Slate/Fonts/Roboto-BoldCondensed.ttf' (158K)
[2017.11.15-21.41.20:596][110]LogSlate: Took 0.040092 seconds to synchronously load lazily loaded font '../../../Engine/Content/Editor/Slate/Fonts/Roboto-Italic.ttf' (157K)
[2017.11.15-21.41.48:405][733]BlueprintLog: New page: Compile BloodPool
[2017.11.15-21.41.49:383][764]Cmd: OBJ SAVEPACKAGE PACKAGE="/Game/Blueprints/Blood/BloodPool" FILE="../../../../../../Users/Henry/Documents/Work/IMGD4900/imgd4900/IMGD4900 4.17/Content/Blueprints/Blood/BloodPool.uasset" SILENT=true
[2017.11.15-21.41.49:648][764]LogSavePackage: Save=170.95ms
[2017.11.15-21.41.49:648][764]LogSavePackage: Moving '../../../../../../Users/Henry/Documents/Work/IMGD4900/imgd4900/IMGD4900 4.17/Saved/BloodPoolE956A3F149685435EB0DAA8A778B6B2B.tmp' to '../../../../../../Users/Henry/Documents/Work/IMGD4900/imgd4900/IMGD4900 4.17/Content/Blueprints/Blood/BloodPool.uasset'
[2017.11.15-21.41.49:665][764]LogSavePackage: Display: Finished SavePackage ../../../../../../Users/Henry/Documents/Work/IMGD4900/imgd4900/IMGD4900 4.17/Content/Blueprints/Blood/BloodPool.uasset
[2017.11.15-21.41.52:689][917]Cmd: OBJ SAVEPACKAGE PACKAGE="/Game/Blueprints/Blood/BloodPool" FILE="../../../../../../Users/Henry/Documents/Work/IMGD4900/imgd4900/IMGD4900 4.17/Content/Blueprints/Blood/BloodPool.uasset" SILENT=true
[2017.11.15-21.41.52:824][917]LogSavePackage: Save=107.12ms
[2017.11.15-21.41.52:824][917]LogSavePackage: Moving '../../../../../../Users/Henry/Documents/Work/IMGD4900/imgd4900/IMGD4900 4.17/Saved/BloodPoolCBD9CA464575ACA3B6719F85FFEE3C32.tmp' to '../../../../../../Users/Henry/Documents/Work/IMGD4900/imgd4900/IMGD4900 4.17/Content/Blueprints/Blood/BloodPool.uasset'
[2017.11.15-21.41.52:829][917]LogSavePackage: Display: Finished SavePackage ../../../../../../Users/Henry/Documents/Work/IMGD4900/imgd4900/IMGD4900 4.17/Content/Blueprints/Blood/BloodPool.uasset
[2017.11.15-21.42.03:896][670]BlueprintLog: New page: Compile BloodPool
[2017.11.15-21.42.06:579][831]BlueprintLog: New page: Compile BloodPool
[2017.11.15-21.42.07:388][861]Cmd: OBJ SAVEPACKAGE PACKAGE="/Game/Blueprints/Blood/BloodPool" FILE="../../../../../../Users/Henry/Documents/Work/IMGD4900/imgd4900/IMGD4900 4.17/Content/Blueprints/Blood/BloodPool.uasset" SILENT=true
[2017.11.15-21.42.07:537][861]LogSavePackage: Save=114.93ms
[2017.11.15-21.42.07:537][861]LogSavePackage: Moving '../../../../../../Users/Henry/Documents/Work/IMGD4900/imgd4900/IMGD4900 4.17/Saved/BloodPool0586C2B64E38C1D771822C98F1F9F9AF.tmp' to '../../../../../../Users/Henry/Documents/Work/IMGD4900/imgd4900/IMGD4900 4.17/Content/Blueprints/Blood/BloodPool.uasset'
[2017.11.15-21.42.07:550][861]LogSavePackage: Display: Finished SavePackage ../../../../../../Users/Henry/Documents/Work/IMGD4900/imgd4900/IMGD4900 4.17/Content/Blueprints/Blood/BloodPool.uasset
[2017.11.15-21.42.08:331][917]Cmd: OBJ SAVEPACKAGE PACKAGE="/Game/Blueprints/Blood/BloodPool" FILE="../../../../../../Users/Henry/Documents/Work/IMGD4900/imgd4900/IMGD4900 4.17/Content/Blueprints/Blood/BloodPool.uasset" SILENT=true
[2017.11.15-21.42.08:466][917]LogSavePackage: Save=107.10ms
[2017.11.15-21.42.08:466][917]LogSavePackage: Moving '../../../../../../Users/Henry/Documents/Work/IMGD4900/imgd4900/IMGD4900 4.17/Saved/BloodPoolEEDF544243C6B48D153BAF8829339DD4.tmp' to '../../../../../../Users/Henry/Documents/Work/IMGD4900/imgd4900/IMGD4900 4.17/Content/Blueprints/Blood/BloodPool.uasset'
[2017.11.15-21.42.08:471][917]LogSavePackage: Display: Finished SavePackage ../../../../../../Users/Henry/Documents/Work/IMGD4900/imgd4900/IMGD4900 4.17/Content/Blueprints/Blood/BloodPool.uasset
