Log file open, 11/15/17 20:18:11
LogWindows: Failed to load 'aqProf.dll' (GetLastError=126)
LogWindows: File 'aqProf.dll' does not exist
LogWindows: Failed to load 'VtuneApi.dll' (GetLastError=126)
LogWindows: File 'VtuneApi.dll' does not exist
LogWindows: Failed to load 'VtuneApi32e.dll' (GetLastError=126)
LogWindows: File 'VtuneApi32e.dll' does not exist
LogInit: Display: Running engine for game: IMGD4900
LogPlatformFile: Not using cached read wrapper
LogInit: Display: RandInit(-475943071) SRandInit(-475943071).
LogTaskGraph: Started task graph with 5 named threads and 20 total threads with 3 sets of task threads.
LogStats: Stats thread started at 0.210722
LogD3D11RHI: Aftermath initialized
LogPluginManager: Mounting plugin Paper2D
LogPluginManager: Mounting plugin LightPropagationVolume
LogPluginManager: Mounting plugin CodeLiteSourceCodeAccess
LogPluginManager: Mounting plugin GitSourceControl
LogPluginManager: Mounting plugin KDevelopSourceCodeAccess
LogPluginManager: Mounting plugin NullSourceCodeAccess
LogPluginManager: Mounting plugin PerforceSourceControl
LogPluginManager: Mounting plugin SubversionSourceControl
LogPluginManager: Mounting plugin UObjectPlugin
LogPluginManager: Mounting plugin VisualStudioSourceCodeAccess
LogPluginManager: Mounting plugin XCodeSourceCodeAccess
LogPluginManager: Mounting plugin AssetManagerEditor
LogPluginManager: Mounting plugin AudioCapture
LogPluginManager: Mounting plugin FacialAnimation
LogPluginManager: Mounting plugin GameplayTagsEditor
LogPluginManager: Mounting plugin MobileLauncherProfileWizard
LogPluginManager: Mounting plugin PluginBrowser
LogPluginManager: Mounting plugin SpeedTreeImporter
LogPluginManager: Mounting plugin AlembicImporter
LogPluginManager: Mounting plugin CharacterAI
LogPluginManager: Mounting plugin HTML5Networking
LogPluginManager: Mounting plugin AndroidMedia
LogPluginManager: Mounting plugin AvfMedia
LogPluginManager: Mounting plugin MediaPlayerEditor
LogPluginManager: Mounting plugin WmfMedia
LogPluginManager: Mounting plugin TcpMessaging
LogPluginManager: Mounting plugin UdpMessaging
LogPluginManager: Mounting plugin LevelSequenceEditor
LogPluginManager: Mounting plugin MatineeToLevelSequence
LogPluginManager: Mounting plugin OnlineSubsystemGooglePlay
LogPluginManager: Mounting plugin OnlineSubsystemIOS
LogPluginManager: Mounting plugin OnlineSubsystem
LogPluginManager: Mounting plugin OnlineSubsystemNull
LogPluginManager: Mounting plugin OnlineSubsystemUtils
LogPluginManager: Mounting plugin AndroidDeviceProfileSelector
LogPluginManager: Mounting plugin AndroidMoviePlayer
LogPluginManager: Mounting plugin AndroidPermission
LogPluginManager: Mounting plugin AppleMoviePlayer
LogPluginManager: Mounting plugin ArchVisCharacter
LogPluginManager: Mounting plugin CableComponent
LogPluginManager: Mounting plugin CustomMeshComponent
LogPluginManager: Mounting plugin ExampleDeviceProfileSelector
LogPluginManager: Mounting plugin GoogleCloudMessaging
LogPluginManager: Mounting plugin ImmediatePhysics
LogPluginManager: Mounting plugin IOSDeviceProfileSelector
LogPluginManager: Mounting plugin LinuxDeviceProfileSelector
LogPluginManager: Mounting plugin LocationServicesBPLibrary
LogPluginManager: Mounting plugin MobilePatchingUtils
LogPluginManager: Mounting plugin OculusVR
LogPluginManager: Mounting plugin PhysXVehicles
LogPluginManager: Mounting plugin ProceduralMeshComponent
LogPluginManager: Mounting plugin RuntimePhysXCooking
LogPluginManager: Mounting plugin SteamVR
LogPluginManager: Mounting plugin WindowsMoviePlayer
LogInit: Using libcurl 7.47.1
LogInit:  - built for x86_64-pc-win32
LogInit:  - supports SSL with OpenSSL/1.0.2g
LogInit:  - supports HTTP deflate (compression) using libz 1.2.8
LogInit:  - other features:
LogInit:      CURL_VERSION_SSL
LogInit:      CURL_VERSION_LIBZ
LogInit:      CURL_VERSION_IPV6
LogInit:      CURL_VERSION_ASYNCHDNS
LogInit:      CURL_VERSION_LARGEFILE
LogInit:      CURL_VERSION_IDN
LogInit:  CurlRequestOptions (configurable via config and command line):
LogInit:  - bVerifyPeer = false  - Libcurl will NOT verify peer certificate
LogInit:  - bUseHttpProxy = false  - Libcurl will NOT use HTTP proxy
LogInit:  - bDontReuseConnections = false  - Libcurl will reuse connections
LogInit:  - CertBundlePath = nullptr  - Libcurl will use whatever was configured at build time.
LogInit: Build: ++UE4+Release-4.17-CL-3658906
LogInit: Engine Version: 4.17.2-3658906+++UE4+Release-4.17
LogInit: Compatible Engine Version: 4.17.0-3573198+++UE4+Release-4.17
LogInit: Net CL: 3573198
LogDevObjectVersion: Number of dev versions registered: 16
LogDevObjectVersion:   Dev-Blueprints (B0D832E4-1F89-4F0D-ACCF-7EB736FD4AA2): 10
LogDevObjectVersion:   Dev-Build (E1C64328-A22C-4D53-A36C-8E866417BD8C): 0
LogDevObjectVersion:   Dev-Core (375EC13C-06E4-48FB-B500-84F0262A717E): 2
LogDevObjectVersion:   Dev-Editor (E4B068ED-F494-42E9-A231-DA0B2E46BB41): 20
LogDevObjectVersion:   Dev-Framework (CFFC743F-43B0-4480-9391-14DF171D2073): 28
LogDevObjectVersion:   Dev-Mobile (B02B49B5-BB20-44E9-A304-32B752E40360): 0
LogDevObjectVersion:   Dev-Networking (A4E4105C-59A1-49B5-A7C5-40C4547EDFEE): 0
LogDevObjectVersion:   Dev-Online (39C831C9-5AE6-47DC-9A44-9C173E1C8E7C): 0
LogDevObjectVersion:   Dev-Physics (78F01B33-EBEA-4F98-B9B4-84EACCB95AA2): 0
LogDevObjectVersion:   Dev-Platform (6631380F-2D4D-43E0-8009-CF276956A95A): 0
LogDevObjectVersion:   Dev-Rendering (12F88B9F-8875-4AFC-A67C-D90C383ABD29): 19
LogDevObjectVersion:   Dev-Sequencer (7B5AE74C-D270-4C10-A958-57980B212A5A): 4
LogDevObjectVersion:   Dev-VR (D7296918-1DD6-4BDD-9DE2-64A83CC13884): 0
LogDevObjectVersion:   Dev-LoadTimes (C2A15278-BFE7-4AFE-6C17-90FF531DF755): 1
LogDevObjectVersion:   Private-Geometry (6EACA3D4-40EC-4CC1-B786-8BED09428FC5): 1
LogDevObjectVersion:   Dev-AnimPhys (29E575DD-E0A3-4627-9D10-D276232CDCEA): 7
LogInit: Compiled (64-bit): Sep 22 2017 13:47:16
LogInit: Compiled with Visual C++: 19.00.24215.01
LogInit: Build Configuration: Development
LogInit: Branch Name: ++UE4+Release-4.17
LogInit: Command line: 
LogInit: Base directory: E:/Applications/UnrealEngine/UE_4.17/Engine/Binaries/Win64/
LogInit: Installed Engine Build: 1
LogInit: Presizing for max 8388607 objects, including 0 objects not considered by GC, pre-allocating 0 bytes for permanent pool.
LogInit: Object subsystem initialized
[2017.11.16-01.18.12:184][  0]LogInit: Selected Device Profile: [Windows]
[2017.11.16-01.18.12:184][  0]LogInit: Applying CVar settings loaded from the selected device profile: [Windows]
[2017.11.16-01.18.12:195][  0]LogInit: Computer: BAILEY-PC
[2017.11.16-01.18.12:195][  0]LogInit: User: Bailey
[2017.11.16-01.18.12:195][  0]LogInit: CPU Page size=4096, Cores=6
[2017.11.16-01.18.12:195][  0]LogInit: High frequency timer resolution =3.222675 MHz
[2017.11.16-01.18.12:196][  0]LogMemory: Memory total: Physical=15.9GB (16GB approx)
[2017.11.16-01.18.12:196][  0]LogMemory: Platform Memory Stats for Windows
[2017.11.16-01.18.12:196][  0]LogMemory: Process Physical Memory: 284.21 MB used, 284.21 MB peak
[2017.11.16-01.18.12:196][  0]LogMemory: Process Virtual Memory: 296.69 MB used, 296.69 MB peak
[2017.11.16-01.18.12:196][  0]LogMemory: Physical Memory: 11195.02 MB used,  5089.08 MB free, 16284.10 MB total
[2017.11.16-01.18.12:196][  0]LogMemory: Virtual Memory: 676.07 MB used,  5089.08 MB free, 8388608.00 MB total
[2017.11.16-01.18.12:286][  0]LogInit: Using OS detected language (en-US).
[2017.11.16-01.18.12:286][  0]LogInit: Using OS detected locale (en-US).
[2017.11.16-01.18.12:289][  0]LogTextLocalizationManager: No specific localization for 'en-US' exists, so the 'en' localization will be used.
[2017.11.16-01.18.12:864][  0]LogD3D11RHI: D3D11 adapters:
[2017.11.16-01.18.12:888][  0]LogD3D11RHI:    0. 'NVIDIA GeForce GTX 1080' (Feature Level 11_0)
[2017.11.16-01.18.12:888][  0]LogD3D11RHI:       8084/0/7886 MB DedicatedVideo/DedicatedSystem/SharedSystem, Outputs:1, VendorId:0x10de
[2017.11.16-01.18.12:888][  0]LogD3D11RHI: Chosen D3D11 Adapter: 0
[2017.11.16-01.18.12:892][  0]LogD3D11RHI: Creating new Direct3DDevice
[2017.11.16-01.18.12:892][  0]LogD3D11RHI:     GPU DeviceId: 0x1b80 (for the marketing name, search the web for "GPU Device Id")
[2017.11.16-01.18.12:892][  0]LogWindows: EnumDisplayDevices:
[2017.11.16-01.18.12:893][  0]LogWindows:    0. 'NVIDIA GeForce GTX 1080' (P:1 D:1)
[2017.11.16-01.18.12:893][  0]LogWindows:    1. 'NVIDIA GeForce GTX 1080' (P:0 D:0)
[2017.11.16-01.18.12:893][  0]LogWindows:    2. 'NVIDIA GeForce GTX 1080' (P:0 D:0)
[2017.11.16-01.18.12:893][  0]LogWindows:    3. 'NVIDIA GeForce GTX 1080' (P:0 D:0)
[2017.11.16-01.18.12:893][  0]LogWindows:    4. 'RDPDD Chained DD' (P:0 D:0)
[2017.11.16-01.18.12:893][  0]LogWindows:    5. 'RDP Encoder Mirror Driver' (P:0 D:0)
[2017.11.16-01.18.12:893][  0]LogWindows:    6. 'RDP Reflector Display Driver' (P:0 D:0)
[2017.11.16-01.18.12:893][  0]LogWindows: DebugString: GetVideoDriverDetailsInvalid PrimaryIsNotTheChoosenAdapter GetVideoDriverDetailsInvalid PrimaryIsNotTheChoosenAdapter GetVideoDriverDetailsInvalid PrimaryIsNotTheChoosenAdapter FoundDriverCount:4 
[2017.11.16-01.18.12:893][  0]LogD3D11RHI:     Adapter Name: NVIDIA GeForce GTX 1080
[2017.11.16-01.18.12:893][  0]LogD3D11RHI:   Driver Version: 376.51 (internal:21.21.13.7651, unified:376.51)
[2017.11.16-01.18.12:893][  0]LogD3D11RHI:      Driver Date: 12-25-2016
[2017.11.16-01.18.12:893][  0]LogRHI: Texture pool is 1361 MB (70% of 1945 MB)
[2017.11.16-01.18.12:901][  0]LogD3D11RHI: Async texture creation enabled
[2017.11.16-01.18.12:916][  0]LogD3D11RHI: GPU Timing Frequency: 1000.000000 (Debug: 2 2)
[2017.11.16-01.18.12:958][  0]LogShaderCompilers: Guid format shader working directory is -2 characters bigger than the processId version (../../../../../../DRENCHED/imgd4900/IMGD4900 4.17/Intermediate/Shaders/WorkingDirectory/8936/).
[2017.11.16-01.18.12:958][  0]LogShaderCompilers: Cleaned the shader compiler working directory 'C:/Users/Bailey/AppData/Local/Temp/UnrealShaderWorkingDir/A1A8825B4C0F0576766A838152511267/'.
[2017.11.16-01.18.12:958][  0]LogShaderCompilers: Display: Using Local Shader Compiler.
[2017.11.16-01.18.13:759][  0]LogTemp: Display: Loaded TP AllDesktopTargetPlatform
[2017.11.16-01.18.13:793][  0]LogTemp: Display: Loaded TP MacClientTargetPlatform
[2017.11.16-01.18.13:826][  0]LogTemp: Display: Loaded TP MacNoEditorTargetPlatform
[2017.11.16-01.18.13:859][  0]LogTemp: Display: Loaded TP MacServerTargetPlatform
[2017.11.16-01.18.13:893][  0]LogTemp: Display: Loaded TP MacTargetPlatform
[2017.11.16-01.18.13:926][  0]LogTemp: Display: Loaded TP WindowsClientTargetPlatform
[2017.11.16-01.18.13:960][  0]LogTemp: Display: Loaded TP WindowsNoEditorTargetPlatform
[2017.11.16-01.18.13:995][  0]LogTemp: Display: Loaded TP WindowsServerTargetPlatform
[2017.11.16-01.18.14:022][  0]LogTemp: Display: Loaded TP WindowsTargetPlatform
[2017.11.16-01.18.14:055][  0]LogTemp: Display: Loaded TP AndroidTargetPlatform
[2017.11.16-01.18.14:088][  0]LogTemp: Display: Loaded TP Android_ASTCTargetPlatform
[2017.11.16-01.18.14:122][  0]LogTemp: Display: Loaded TP Android_ATCTargetPlatform
[2017.11.16-01.18.14:154][  0]LogTemp: Display: Loaded TP Android_DXTTargetPlatform
[2017.11.16-01.18.14:188][  0]LogTemp: Display: Loaded TP Android_ETC1TargetPlatform
[2017.11.16-01.18.14:222][  0]LogTemp: Display: Loaded TP Android_ETC2TargetPlatform
[2017.11.16-01.18.14:290][  0]LogTemp: Display: Loaded TP Android_MultiTargetPlatform
[2017.11.16-01.18.14:290][  0]LogTemp: Display: Loaded TP Android_PVRTCTargetPlatform
[2017.11.16-01.18.14:314][  0]LogTemp: Display: Loaded TP HTML5TargetPlatform
[2017.11.16-01.18.14:378][  0]LogTemp: Display: Loaded TP IOSTargetPlatform
[2017.11.16-01.18.14:397][  0]LogTemp: Display: Loaded TP TVOSTargetPlatform
[2017.11.16-01.18.14:430][  0]LogTemp: Display: Loaded TP LinuxClientTargetPlatform
[2017.11.16-01.18.14:462][  0]LogTemp: Display: Loaded TP LinuxNoEditorTargetPlatform
[2017.11.16-01.18.14:495][  0]LogTemp: Display: Loaded TP LinuxServerTargetPlatform
[2017.11.16-01.18.14:527][  0]LogTemp: Display: Loaded TP LinuxTargetPlatform
[2017.11.16-01.18.14:527][  0]LogTargetPlatformManager: Display: Building Assets For Windows
[2017.11.16-01.18.14:793][  0]LogDerivedDataCache: Display: Max Cache Size: 512 MB
[2017.11.16-01.18.14:888][  0]LogDerivedDataCache: Loaded boot cache 0.10s 93MB C:/Users/Bailey/AppData/Local/UnrealEngine/4.17/DerivedDataCache/Boot.ddc.
[2017.11.16-01.18.14:888][  0]LogDerivedDataCache: Display: Loaded Boot cache: C:/Users/Bailey/AppData/Local/UnrealEngine/4.17/DerivedDataCache/Boot.ddc
[2017.11.16-01.18.14:889][  0]LogDerivedDataCache: FDerivedDataBackendGraph:  Pak pak cache file ../../../../../../DRENCHED/imgd4900/IMGD4900 4.17/DerivedDataCache/DDC.ddp not found, will not use a pak cache.
[2017.11.16-01.18.14:889][  0]LogDerivedDataCache: Unable to find inner node Pak for hierarchical cache Hierarchy.
[2017.11.16-01.18.14:889][  0]LogDerivedDataCache: FDerivedDataBackendGraph:  CompressedPak pak cache file ../../../../../../DRENCHED/imgd4900/IMGD4900 4.17/DerivedDataCache/Compressed.ddp not found, will not use a pak cache.
[2017.11.16-01.18.14:889][  0]LogDerivedDataCache: Unable to find inner node CompressedPak for hierarchical cache Hierarchy.
[2017.11.16-01.18.14:906][  0]LogDerivedDataCache: Display: Pak cache opened for reading ../../../Engine/DerivedDataCache/Compressed.ddp.
[2017.11.16-01.18.14:918][  0]LogDerivedDataCache: Using Local data cache path C:/Users/Bailey/AppData/Local/UnrealEngine/Common/DerivedDataCache: Writable
[2017.11.16-01.18.14:927][  0]LogMaterial: Verifying Global Shaders for PCD3D_SM5
[2017.11.16-01.18.14:928][  0]LogSlate: Using Freetype 2.6.0
[2017.11.16-01.18.14:928][  0]LogSlate: SlateFontCache - WITH_FREETYPE: 1, WITH_HARFBUZZ: 1
[2017.11.16-01.18.14:928][  0]LogSlate: SlateFontCache - WITH_FREETYPE: 1, WITH_HARFBUZZ: 1
[2017.11.16-01.18.15:164][  0]LogAssetRegistry: FAssetRegistry took 0.0242 seconds to start up
[2017.11.16-01.18.15:310][  0]LogInit: Selected Device Profile: [Windows]
[2017.11.16-01.18.15:313][  0]LogContentStreaming: Texture pool size is 0.00 MB
[2017.11.16-01.18.15:594][  0]LogSimplygon: Simplygon DLL not present - disabling.
[2017.11.16-01.18.15:618][  0]LogMeshReduction: Using SimplygonSwarm for distributed automatic mesh merging
[2017.11.16-01.18.15:618][  0]LogMeshReduction: Using QuadricMeshReduction for automatic static mesh reduction
[2017.11.16-01.18.15:618][  0]LogMeshReduction: No automatic skeletal mesh reduction module available
[2017.11.16-01.18.15:619][  0]LogMeshReduction: No automatic mesh merging module available
[2017.11.16-01.18.15:619][  0]LogMeshMerging: No automatic mesh merging module available
[2017.11.16-01.18.15:934][  0]LogNetVersion: IMGD4900 , NetCL: 3573198, EngineNetVer: 2, GameNetVer: 0 (Checksum: 30141507)
[2017.11.16-01.18.16:098][  0]LogPackageLocalizationCache: Processed 5 localized package path(s) for 2 prioritized culture(s) in 0.040940 seconds
[2017.11.16-01.18.16:103][  0]LogUObjectArray: 35825 objects as part of root set at end of initial load.
[2017.11.16-01.18.16:103][  0]LogUObjectAllocator: 7529112 out of 0 bytes used by permanent object pool.
[2017.11.16-01.18.16:103][  0]LogUObjectArray: CloseDisregardForGC: 0/0 objects in disregard for GC pool
[2017.11.16-01.18.16:135][  0]LogInit: WinSock: version 1.1 (2.2), MaxSocks=32767, MaxUdp=65467
[2017.11.16-01.18.18:023][  0]LogTcpMessaging: Initializing TcpMessaging bridge
[2017.11.16-01.18.18:049][  0]LogUdpMessaging: Initializing bridge on interface 0.0.0.0:0 to multicast group 230.0.0.1:6666.
[2017.11.16-01.18.18:469][  0]LogMaterial: Uniform references updated for custom material expression Custom.
[2017.11.16-01.18.18:752][  0]SourceControl: Source control is disabled
[2017.11.16-01.18.18:752][  0]SourceControl: Source control is disabled
[2017.11.16-01.18.18:781][  0]SourceControl: Source control is disabled
[2017.11.16-01.18.18:808][  0]SourceControl: Source control is disabled
[2017.11.16-01.18.19:149][  0]LogAndroidPermission: UAndroidPermissionCallbackProxy::GetInstance
[2017.11.16-01.18.19:296][  0]LogOcInput: OculusInput pre-init called
[2017.11.16-01.18.19:469][  0]LogEngine: Initializing Engine...
[2017.11.16-01.18.19:505][  0]LogHMD: Failed to initialize OpenVR with code 126
[2017.11.16-01.18.19:725][  0]LogStats: UGameplayTagsManager::ConstructGameplayTagTree: Construct from data asset -  0.000 s
[2017.11.16-01.18.19:725][  0]LogStats: UGameplayTagsManager::ConstructGameplayTagTree: GameplayTagTreeChangedEvent.Broadcast -  0.000 s
[2017.11.16-01.18.19:817][  0]LogAIModule: Creating AISystem for world Untitled
[2017.11.16-01.18.19:826][  0]LogInit: XAudio2 using 'Speakers (Realtek High Definition Audio)' : 2 channels at 48 kHz using 32 bits per sample (channel mask 0x3)
[2017.11.16-01.18.19:835][  0]LogInit: FAudioDevice initialized.
[2017.11.16-01.18.20:067][  0]LogDerivedDataCache: Saved boot cache 0.23s 93MB C:/Users/Bailey/AppData/Local/UnrealEngine/4.17/DerivedDataCache/Boot.ddc.
[2017.11.16-01.18.20:082][  0]LogInit: Texture streaming: Enabled
[2017.11.16-01.18.20:143][  0]LogEngineSessionManager: EngineSessionManager initialized
[2017.11.16-01.18.20:280][  0]LogInit: Transaction tracking system initialized
[2017.11.16-01.18.20:469][  0]BlueprintLog: New page: Editor Load
[2017.11.16-01.18.21:006][  0]LocalizationService: Localization service is disabled
[2017.11.16-01.18.21:434][  0]LogConsoleResponse: Display: 
[2017.11.16-01.18.21:585][  0]LogCook: Display: Max memory allowance for cook 16384mb min free memory 0mb
[2017.11.16-01.18.21:585][  0]LogCook: Display: Mobile HDR setting 1
[2017.11.16-01.18.21:585][  0]LogGameplayTags: Display: UGameplayTagsManager::DoneAddingNativeTags. DelegateIsBound: 0
[2017.11.16-01.18.22:230][  0]LogFileCache: Scanning file cache for directory 'E:/DRENCHED/imgd4900/IMGD4900 4.17/Content/' took 0.02s
[2017.11.16-01.18.22:230][  0]SourceControl: Source control is disabled
[2017.11.16-01.18.22:230][  0]Cmd: MAP LOAD FILE="../../../../../../DRENCHED/imgd4900/IMGD4900 4.17/Content/ThirdPersonBP/Maps/ThirdPersonExampleMap.umap" TEMPLATE=0 SHOWPROGRESS=1 FEATURELEVEL=3
[2017.11.16-01.18.22:230][  0]LightingResults: New page: Lighting Build
[2017.11.16-01.18.22:256][  0]MapCheck: New page: Map Check
[2017.11.16-01.18.22:256][  0]LightingResults: New page: Lighting Build
[2017.11.16-01.18.22:392][  0]LogBlueprint: Warning: [Compiler Ue4ASP_Character] InputAction Event references unknown Action 'Crouch' for  InputAction Crouch
[2017.11.16-01.18.22:400][  0]LogBlueprint: Warning: [Compiler Ue4ASP_Character] [0011.49] Compile of Ue4ASP_Character successful, but with 1 Warning(s) [in 33 ms] (/Game/AnimStarterPack/Ue4ASP_Character.Ue4ASP_Character)
[2017.11.16-01.18.22:875][  0]LogBlueprint: Error: [Compiler GargoyleCharacter] In use pin  <Unnamed>  no longer exists on this node. Please refresh node or break links to remove pin.
[2017.11.16-01.18.22:875][  0]LogBlueprint: Error: [Compiler GargoyleCharacter] In use pin  <Unnamed>  no longer exists on this node. Please refresh node or break links to remove pin.
[2017.11.16-01.18.22:875][  0]LogBlueprint: Error: [Compiler GargoyleCharacter] In use pin  Target  no longer exists on this node. Please refresh node or break links to remove pin.
[2017.11.16-01.18.22:875][  0]LogBlueprint: Error: [Compiler GargoyleCharacter] In use pin  New Location  no longer exists on this node. Please refresh node or break links to remove pin.
[2017.11.16-01.18.22:875][  0]LogBlueprint: Error: [Compiler GargoyleCharacter] Could not find a function named "RePossessPlayer" in 'PlayerCharacter_C'.
Make sure 'PlayerCharacter_C' has been compiled for  Re Possess Player
[2017.11.16-01.18.22:879][  0]LogBlueprint: Error: [Compiler GargoyleCharacter] This blueprint (self) is not a PlayerCharacter_C, therefore ' Target ' must have a connection.
[2017.11.16-01.18.22:936][  0]LogBlueprint: Error: [Compiler PlayerCharacter] The current value of the ' New Param ' pin is invalid: Set inputs (like 'New Param') must have an input wired into them (try connecting a MakeSet node).
[2017.11.16-01.18.22:981][  0]LogBlueprint: Warning: [Compiler GargoyleCharacter] [0012.08] Compile of GargoyleCharacter failed. 6 Fatal Issue(s) 0 Warning(s) [in 207 ms] (/Game/Blueprints/Enemies/GargoyleCharacter.GargoyleCharacter)
[2017.11.16-01.18.22:981][  0]LogBlueprint: Warning: [Compiler PlayerCharacter] [0012.08] Compile of PlayerCharacter failed. 1 Fatal Issue(s) 0 Warning(s) [in 206 ms] (/Game/ThirdPersonBP/Blueprints/PlayerCharacter.PlayerCharacter)
[2017.11.16-01.18.23:700][  0]LogAIModule: Creating AISystem for world ThirdPersonExampleMap
[2017.11.16-01.18.23:725][  0]LogEditorServer: Finished looking for orphan Actors (0.000 secs)
[2017.11.16-01.18.23:752][  0]Cmd: MAP CHECKDEP NOCLEARLOG
[2017.11.16-01.18.23:796][  0]MapCheck: Map check complete: 0 Error(s), 0 Warning(s), took 43.329ms to complete.
[2017.11.16-01.18.23:796][  0]LogFileHelpers: Loading map 'ThirdPersonExampleMap' took 1.566
[2017.11.16-01.18.23:922][  0]LogCollectionManager: Loaded 0 collections in 0.001108 seconds
[2017.11.16-01.18.23:982][  0]LogFileCache: Scanning file cache for directory 'E:/DRENCHED/imgd4900/IMGD4900 4.17/Saved/Collections/' took 0.01s
[2017.11.16-01.18.23:982][  0]LogFileCache: Scanning file cache for directory 'E:/DRENCHED/imgd4900/IMGD4900 4.17/Content/Developers/Bailey/Collections/' took 0.01s
[2017.11.16-01.18.23:982][  0]LogFileCache: Scanning file cache for directory 'E:/DRENCHED/imgd4900/IMGD4900 4.17/Content/Collections/' took 0.01s
[2017.11.16-01.18.23:982][  0]LogCollectionManager: Rebuilt the GUID cache for 0 collections in 0.000000 seconds
[2017.11.16-01.18.23:991][  0]LogContentBrowser: Native class hierarchy populated in 0.0082 seconds. Added 2386 classes and 500 folders.
[2017.11.16-01.18.24:029][  0]LogContentBrowser: Native class hierarchy updated for 'WidgetCarousel' in 0.0006 seconds. Added 0 classes and 0 folders.
[2017.11.16-01.18.24:059][  0]LogContentBrowser: Native class hierarchy updated for 'AddContentDialog' in 0.0006 seconds. Added 0 classes and 0 folders.
[2017.11.16-01.18.24:086][  0]LogContentBrowser: Native class hierarchy updated for 'SceneOutliner' in 0.0006 seconds. Added 1 classes and 2 folders.
[2017.11.16-01.18.24:159][  0]LogSlate: Took 0.000166 seconds to synchronously load lazily loaded font '../../../Engine/Content/Slate/Fonts/Roboto-Regular.ttf' (155K)
[2017.11.16-01.18.24:161][  0]LogSlate: Took 0.000154 seconds to synchronously load lazily loaded font '../../../Engine/Content/Slate/Fonts/Roboto-Bold.ttf' (160K)
[2017.11.16-01.18.24:165][  0]LogSlate: Took 0.000115 seconds to synchronously load lazily loaded font '../../../Engine/Content/Editor/Slate/Fonts/FontAwesome.ttf' (139K)
[2017.11.16-01.18.24:256][  0]LogRenderer: Reallocating scene render targets to support 1616x836 Format 10 NumSamples 1 (Frame:1).
[2017.11.16-01.18.24:470][  0]LogContentBrowser: Native class hierarchy updated for 'HierarchicalLODOutliner' in 0.0006 seconds. Added 1 classes and 2 folders.
[2017.11.16-01.18.24:470][  0]LogLoad: (Engine Initialization) Total time: 13.56 seconds
[2017.11.16-01.18.24:470][  0]LogLoad: (Engine Initialization) Total Blueprint compile time: 0.00 seconds
[2017.11.16-01.18.24:470][  0]LogExternalProfiler: Found external profiler: VSPerf
[2017.11.16-01.18.24:470][  0]LogExternalProfiler: Using external profiler: VSPerf
[2017.11.16-01.18.24:514][  0]LogContentStreaming: Texture pool size now 1000 MB
[2017.11.16-01.18.24:569][  1]LogFileCache: Retrieving MD5 hashes for directory 'E:/DRENCHED/imgd4900/IMGD4900 4.17/Content/' took 0.08s
[2017.11.16-01.18.24:591][  1]LogAssetRegistry: Asset discovery search completed in 9.4468 seconds
[2017.11.16-01.18.24:594][  1]LogCollectionManager: Rebuilt the object cache for 0 collections in 0.000001 seconds (found 0 objects)
[2017.11.16-01.18.24:594][  1]LogCollectionManager: Fixed up redirectors for 0 collections in 0.000034 seconds (updated 0 objects)
[2017.11.16-01.19.48:770][951]LogSlate: Took 0.000150 seconds to synchronously load lazily loaded font '../../../Engine/Content/Slate/Fonts/Roboto-Light.ttf' (159K)
[2017.11.16-01.19.49:089][951]LogContentBrowser: Native class hierarchy updated for 'BlueprintGraph' in 0.0009 seconds. Added 113 classes and 0 folders.
[2017.11.16-01.19.49:721][951]LogSlate: Took 0.000122 seconds to synchronously load lazily loaded font '../../../Engine/Content/Slate/Fonts/Roboto-Regular.ttf' (155K)
[2017.11.16-01.19.49:788][951]LogSlate: Took 0.000179 seconds to synchronously load lazily loaded font '../../../Engine/Content/Editor/Slate/Fonts/Roboto-BoldCondensed.ttf' (158K)
[2017.11.16-01.19.49:862][952]LogSlate: Took 0.000217 seconds to synchronously load lazily loaded font '../../../Engine/Content/Editor/Slate/Fonts/Roboto-Italic.ttf' (157K)
[2017.11.16-01.20.59:771][910]LogRenderer: Reallocating scene render targets to support 1616x1032 Format 10 NumSamples 1 (Frame:1).
[2017.11.16-01.24.29:190][417]LogEditorViewport: Clicking on Actor (context menu): GargoyleCharacter_C (EnemyCharacter12)
[2017.11.16-01.25.31:432][770]Cmd: SELECT NONE
[2017.11.16-01.28.16:137][640]LogSlate: Took 0.000257 seconds to synchronously load lazily loaded font '../../../Engine/Content/Slate/Fonts/Roboto-Light.ttf' (159K)
[2017.11.16-01.28.25:203][667]LogFileHelpers: Editor autosave (incl. sublevels) for '/Game/ThirdPersonBP/Maps/ThirdPersonExampleMap' took 0.020
[2017.11.16-01.28.25:205][667]OBJ SavePackage: Generating thumbnails for [0] asset(s) in package [/Game/Blueprints/Blood/BloodPool] ([1] browsable assets)...
[2017.11.16-01.28.25:205][667]OBJ SavePackage: Finished generating thumbnails for package [/Game/Blueprints/Blood/BloodPool]
[2017.11.16-01.28.25:365][667]LogSavePackage: Save=137.26ms
[2017.11.16-01.28.25:365][667]LogSavePackage: Moving '../../../../../../DRENCHED/imgd4900/IMGD4900 4.17/Saved/BloodPool_Auto15EF634EF4283463E260389AE8FD24268.tmp' to '../../../../../../DRENCHED/imgd4900/IMGD4900 4.17/Saved/Autosaves/Game/Blueprints/Blood/BloodPool_Auto1.uasset'
[2017.11.16-01.28.25:367][667]LogSavePackage: Display: Finished SavePackage ../../../../../../DRENCHED/imgd4900/IMGD4900 4.17/Saved/Autosaves/Game/Blueprints/Blood/BloodPool_Auto1.uasset
[2017.11.16-01.28.25:367][667]LogFileHelpers: Auto-saving content packages took 0.163
